{"/home/travis/build/npmtest/node-npmtest-budo/test.js":{"path":"/home/travis/build/npmtest/node-npmtest-budo/test.js","s":{"1":2,"2":2,"3":2,"4":2,"5":2,"6":2,"7":2,"8":1,"9":2,"10":2,"11":1,"12":1,"13":1,"14":1,"15":2,"16":2,"17":2,"18":2,"19":1,"20":1,"21":2,"22":2,"23":2,"24":1,"25":1,"26":1,"27":1,"28":1,"29":1,"30":1,"31":1,"32":1,"33":1,"34":1,"35":1,"36":1,"37":1,"38":1,"39":2,"40":2,"41":1,"42":2,"43":2,"44":1,"45":2,"46":2,"47":1,"48":2,"49":2,"50":1,"51":1,"52":1,"53":1,"54":1},"b":{"1":[2,1,1,1],"2":[1,1,1,1],"3":[1,1],"4":[1,1],"5":[1,1],"6":[1,1],"7":[1,1],"8":[1,1],"9":[1,1],"10":[1,1,1],"11":[1,1],"12":[1,1],"13":[1,1],"14":[1,1],"15":[1,1],"16":[1,1],"17":[1,1]},"f":{"1":2,"2":2,"3":2,"4":2,"5":2,"6":1,"7":1,"8":1,"9":2,"10":2,"11":2,"12":2,"13":1},"fnMap":{"1":{"name":"(anonymous_1)","line":12,"loc":{"start":{"line":12,"column":1},"end":{"line":12,"column":13}}},"2":{"name":"(anonymous_2)","line":19,"loc":{"start":{"line":19,"column":5},"end":{"line":19,"column":17}}},"3":{"name":"(anonymous_3)","line":23,"loc":{"start":{"line":23,"column":24},"end":{"line":23,"column":36}}},"4":{"name":"(anonymous_4)","line":61,"loc":{"start":{"line":61,"column":5},"end":{"line":61,"column":17}}},"5":{"name":"(anonymous_5)","line":82,"loc":{"start":{"line":82,"column":5},"end":{"line":82,"column":17}}},"6":{"name":"(anonymous_6)","line":91,"loc":{"start":{"line":91,"column":77},"end":{"line":94,"column":10}}},"7":{"name":"(anonymous_7)","line":112,"loc":{"start":{"line":112,"column":83},"end":{"line":115,"column":10}},"skip":true},"8":{"name":"(anonymous_8)","line":123,"loc":{"start":{"line":123,"column":77},"end":{"line":126,"column":10}},"skip":true},"9":{"name":"(anonymous_9)","line":139,"loc":{"start":{"line":139,"column":12},"end":{"line":139,"column":40}},"skip":true},"10":{"name":"(anonymous_10)","line":147,"loc":{"start":{"line":147,"column":77},"end":{"line":150,"column":10}},"skip":true},"11":{"name":"(anonymous_11)","line":158,"loc":{"start":{"line":158,"column":83},"end":{"line":161,"column":10}},"skip":true},"12":{"name":"(anonymous_12)","line":169,"loc":{"start":{"line":169,"column":79},"end":{"line":172,"column":10}},"skip":true},"13":{"name":"(anonymous_13)","line":180,"loc":{"start":{"line":180,"column":75},"end":{"line":183,"column":10}},"skip":true}},"statementMap":{"1":{"start":{"line":12,"column":0},"end":{"line":195,"column":5}},"2":{"start":{"line":14,"column":4},"end":{"line":14,"column":14}},"3":{"start":{"line":19,"column":4},"end":{"line":56,"column":9}},"4":{"start":{"line":21,"column":8},"end":{"line":21,"column":19}},"5":{"start":{"line":23,"column":8},"end":{"line":35,"column":13}},"6":{"start":{"line":24,"column":12},"end":{"line":34,"column":13}},"7":{"start":{"line":25,"column":16},"end":{"line":28,"column":30}},"8":{"start":{"line":30,"column":16},"end":{"line":33,"column":27}},"9":{"start":{"line":37,"column":8},"end":{"line":39,"column":21}},"10":{"start":{"line":40,"column":8},"end":{"line":53,"column":9}},"11":{"start":{"line":43,"column":12},"end":{"line":46,"column":14}},"12":{"start":{"line":47,"column":12},"end":{"line":47,"column":18}},"13":{"start":{"line":50,"column":12},"end":{"line":51,"column":33}},"14":{"start":{"line":52,"column":12},"end":{"line":52,"column":18}},"15":{"start":{"line":55,"column":8},"end":{"line":55,"column":35}},"16":{"start":{"line":61,"column":4},"end":{"line":63,"column":9}},"17":{"start":{"line":62,"column":8},"end":{"line":62,"column":15}},"18":{"start":{"line":64,"column":4},"end":{"line":77,"column":5}},"19":{"start":{"line":70,"column":8},"end":{"line":70,"column":14}},"20":{"start":{"line":76,"column":8},"end":{"line":76,"column":14}},"21":{"start":{"line":82,"column":4},"end":{"line":84,"column":9}},"22":{"start":{"line":83,"column":8},"end":{"line":83,"column":15}},"23":{"start":{"line":85,"column":4},"end":{"line":194,"column":5}},"24":{"start":{"line":91,"column":8},"end":{"line":99,"column":10}},"25":{"start":{"line":98,"column":12},"end":{"line":98,"column":35}},"26":{"start":{"line":102,"column":8},"end":{"line":104,"column":63}},"27":{"start":{"line":105,"column":8},"end":{"line":105,"column":14}},"28":{"start":{"line":112,"column":8},"end":{"line":121,"column":10},"skip":true},"29":{"start":{"line":119,"column":12},"end":{"line":119,"column":55},"skip":true},"30":{"start":{"line":120,"column":12},"end":{"line":120,"column":48},"skip":true},"31":{"start":{"line":123,"column":8},"end":{"line":136,"column":10},"skip":true},"32":{"start":{"line":130,"column":12},"end":{"line":130,"column":76},"skip":true},"33":{"start":{"line":131,"column":12},"end":{"line":131,"column":73},"skip":true},"34":{"start":{"line":132,"column":12},"end":{"line":132,"column":74},"skip":true},"35":{"start":{"line":133,"column":12},"end":{"line":133,"column":79},"skip":true},"36":{"start":{"line":134,"column":12},"end":{"line":134,"column":25},"skip":true},"37":{"start":{"line":135,"column":12},"end":{"line":135,"column":45},"skip":true},"38":{"start":{"line":138,"column":8},"end":{"line":145,"column":14},"skip":true},"39":{"start":{"line":143,"column":16},"end":{"line":143,"column":29},"skip":true},"40":{"start":{"line":144,"column":16},"end":{"line":144,"column":55},"skip":true},"41":{"start":{"line":147,"column":8},"end":{"line":156,"column":10},"skip":true},"42":{"start":{"line":154,"column":12},"end":{"line":154,"column":25},"skip":true},"43":{"start":{"line":155,"column":12},"end":{"line":155,"column":45},"skip":true},"44":{"start":{"line":158,"column":8},"end":{"line":167,"column":10},"skip":true},"45":{"start":{"line":165,"column":12},"end":{"line":165,"column":25},"skip":true},"46":{"start":{"line":166,"column":12},"end":{"line":166,"column":48},"skip":true},"47":{"start":{"line":169,"column":8},"end":{"line":178,"column":10},"skip":true},"48":{"start":{"line":176,"column":12},"end":{"line":176,"column":25},"skip":true},"49":{"start":{"line":177,"column":12},"end":{"line":177,"column":46},"skip":true},"50":{"start":{"line":180,"column":8},"end":{"line":189,"column":10},"skip":true},"51":{"start":{"line":187,"column":12},"end":{"line":187,"column":94},"skip":true},"52":{"start":{"line":188,"column":12},"end":{"line":188,"column":48},"skip":true},"53":{"start":{"line":192,"column":8},"end":{"line":192,"column":35},"skip":true},"54":{"start":{"line":193,"column":8},"end":{"line":193,"column":14},"skip":true}},"branchMap":{"1":{"line":25,"type":"binary-expr","locations":[{"start":{"line":25,"column":23},"end":{"line":25,"column":62}},{"start":{"line":26,"column":20},"end":{"line":26,"column":70}},{"start":{"line":27,"column":20},"end":{"line":27,"column":71}},{"start":{"line":28,"column":20},"end":{"line":28,"column":29}}]},"2":{"line":30,"type":"binary-expr","locations":[{"start":{"line":30,"column":23},"end":{"line":30,"column":37}},{"start":{"line":31,"column":20},"end":{"line":31,"column":61}},{"start":{"line":32,"column":20},"end":{"line":32,"column":70}},{"start":{"line":33,"column":20},"end":{"line":33,"column":26}}]},"3":{"line":37,"type":"cond-expr","locations":[{"start":{"line":38,"column":14},"end":{"line":38,"column":20}},{"start":{"line":39,"column":14},"end":{"line":39,"column":20}}]},"4":{"line":40,"type":"switch","locations":[{"start":{"line":42,"column":8},"end":{"line":47,"column":18}},{"start":{"line":49,"column":8},"end":{"line":52,"column":18}}]},"5":{"line":44,"type":"binary-expr","locations":[{"start":{"line":44,"column":16},"end":{"line":44,"column":44}},{"start":{"line":44,"column":48},"end":{"line":44,"column":66}}]},"6":{"line":50,"type":"binary-expr","locations":[{"start":{"line":50,"column":21},"end":{"line":50,"column":49}},{"start":{"line":50,"column":53},"end":{"line":50,"column":72}}]},"7":{"line":64,"type":"switch","locations":[{"start":{"line":69,"column":4},"end":{"line":70,"column":14}},{"start":{"line":75,"column":4},"end":{"line":76,"column":14}}]},"8":{"line":85,"type":"switch","locations":[{"start":{"line":90,"column":4},"end":{"line":105,"column":14}},{"start":{"line":111,"column":4},"end":{"line":193,"column":14},"skip":true}]},"9":{"line":91,"type":"binary-expr","locations":[{"start":{"line":91,"column":42},"end":{"line":91,"column":73}},{"start":{"line":91,"column":77},"end":{"line":99,"column":9}}]},"10":{"line":102,"type":"binary-expr","locations":[{"start":{"line":102,"column":18},"end":{"line":102,"column":32}},{"start":{"line":103,"column":12},"end":{"line":103,"column":53}},{"start":{"line":104,"column":12},"end":{"line":104,"column":61}}]},"11":{"line":112,"type":"binary-expr","locations":[{"start":{"line":112,"column":45},"end":{"line":112,"column":79},"skip":true},{"start":{"line":112,"column":83},"end":{"line":121,"column":9},"skip":true}]},"12":{"line":123,"type":"binary-expr","locations":[{"start":{"line":123,"column":42},"end":{"line":123,"column":73},"skip":true},{"start":{"line":123,"column":77},"end":{"line":136,"column":9},"skip":true}]},"13":{"line":138,"type":"binary-expr","locations":[{"start":{"line":138,"column":48},"end":{"line":138,"column":85},"skip":true},{"start":{"line":139,"column":12},"end":{"line":145,"column":13},"skip":true}]},"14":{"line":147,"type":"binary-expr","locations":[{"start":{"line":147,"column":42},"end":{"line":147,"column":73},"skip":true},{"start":{"line":147,"column":77},"end":{"line":156,"column":9},"skip":true}]},"15":{"line":158,"type":"binary-expr","locations":[{"start":{"line":158,"column":45},"end":{"line":158,"column":79},"skip":true},{"start":{"line":158,"column":83},"end":{"line":167,"column":9},"skip":true}]},"16":{"line":169,"type":"binary-expr","locations":[{"start":{"line":169,"column":43},"end":{"line":169,"column":75},"skip":true},{"start":{"line":169,"column":79},"end":{"line":178,"column":9},"skip":true}]},"17":{"line":180,"type":"binary-expr","locations":[{"start":{"line":180,"column":41},"end":{"line":180,"column":71},"skip":true},{"start":{"line":180,"column":75},"end":{"line":189,"column":9},"skip":true}]}},"code":["/* istanbul instrument in package npmtest_budo */","/*jslint","    bitwise: true,","    browser: true,","    maxerr: 8,","    maxlen: 96,","    node: true,","    nomen: true,","    regexp: true,","    stupid: true","*/","(function () {","    'use strict';","    var local;","","","","    // run shared js-env code - init-before","    (function () {","        // init local","        local = {};","        // init modeJs","        local.modeJs = (function () {","            try {","                return typeof navigator.userAgent === 'string' &&","                    typeof document.querySelector('body') === 'object' &&","                    typeof XMLHttpRequest.prototype.open === 'function' &&","                    'browser';","            } catch (errorCaughtBrowser) {","                return module.exports &&","                    typeof process.versions.node === 'string' &&","                    typeof require('http').createServer === 'function' &&","                    'node';","            }","        }());","        // init global","        local.global = local.modeJs === 'browser'","            ? window","            : global;","        switch (local.modeJs) {","        // re-init local from window.local","        case 'browser':","            local = local.global.utility2.objectSetDefault(","                local.global.utility2_rollup || local.global.local,","                local.global.utility2","            );","            break;","        // re-init local from example.js","        case 'node':","            local = (local.global.utility2_rollup || require('utility2'))","                .requireReadme();","            break;","        }","        // export local","        local.global.local = local;","    }());","","","","    // run shared js-env code - function","    (function () {","        return;","    }());","    switch (local.modeJs) {","","","","    // run browser js-env code - function","    case 'browser':","        break;","","","","    // run node js-env code - function","    case 'node':","        break;","    }","","","","    // run shared js-env code - init-after","    (function () {","        return;","    }());","    switch (local.modeJs) {","","","","    // run browser js-env code - init-after","    case 'browser':","        local.testCase_browser_nullCase = local.testCase_browser_nullCase || function (","            options,","            onError","        ) {","        /*","         * this function will test browsers's null-case handling-behavior-behavior","         */","            onError(null, options);","        };","","        // run tests","        local.nop(local.modeTest &&","            document.querySelector('#testRunButton1') &&","            document.querySelector('#testRunButton1').click());","        break;","","","","    // run node js-env code - init-after","    /* istanbul ignore next */","    case 'node':","        local.testCase_buildApidoc_default = local.testCase_buildApidoc_default || function (","            options,","            onError","        ) {","        /*","         * this function will test buildApidoc's default handling-behavior-behavior","         */","            options = { modulePathList: module.paths };","            local.buildApidoc(options, onError);","        };","","        local.testCase_buildApp_default = local.testCase_buildApp_default || function (","            options,","            onError","        ) {","        /*","         * this function will test buildApp's default handling-behavior-behavior","         */","            local.testCase_buildReadme_default(options, local.onErrorThrow);","            local.testCase_buildLib_default(options, local.onErrorThrow);","            local.testCase_buildTest_default(options, local.onErrorThrow);","            local.testCase_buildCustomOrg_default(options, local.onErrorThrow);","            options = [];","            local.buildApp(options, onError);","        };","","        local.testCase_buildCustomOrg_default = local.testCase_buildCustomOrg_default ||","            function (options, onError) {","            /*","             * this function will test buildCustomOrg's default handling-behavior","             */","                options = {};","                local.buildCustomOrg(options, onError);","            };","","        local.testCase_buildLib_default = local.testCase_buildLib_default || function (","            options,","            onError","        ) {","        /*","         * this function will test buildLib's default handling-behavior","         */","            options = {};","            local.buildLib(options, onError);","        };","","        local.testCase_buildReadme_default = local.testCase_buildReadme_default || function (","            options,","            onError","        ) {","        /*","         * this function will test buildReadme's default handling-behavior-behavior","         */","            options = {};","            local.buildReadme(options, onError);","        };","","        local.testCase_buildTest_default = local.testCase_buildTest_default || function (","            options,","            onError","        ) {","        /*","         * this function will test buildTest's default handling-behavior","         */","            options = {};","            local.buildTest(options, onError);","        };","","        local.testCase_webpage_default = local.testCase_webpage_default || function (","            options,","            onError","        ) {","        /*","         * this function will test webpage's default handling-behavior","         */","            options = { modeCoverageMerge: true, url: local.serverLocalHost + '?modeTest=1' };","            local.browserTest(options, onError);","        };","","        // run test-server","        local.testRunServer(local);","        break;","    }","}());",""],"l":{"12":2,"14":2,"19":2,"21":2,"23":2,"24":2,"25":2,"30":1,"37":2,"40":2,"43":1,"47":1,"50":1,"52":1,"55":2,"61":2,"62":2,"64":2,"70":1,"76":1,"82":2,"83":2,"85":2,"91":1,"98":1,"102":1,"105":1,"112":1,"119":1,"120":1,"123":1,"130":1,"131":1,"132":1,"133":1,"134":1,"135":1,"138":1,"143":2,"144":2,"147":1,"154":2,"155":2,"158":1,"165":2,"166":2,"169":1,"176":2,"177":2,"180":1,"187":1,"188":1,"192":1,"193":1}},"/home/travis/build/npmtest/node-npmtest-budo/lib.npmtest_budo.js":{"path":"/home/travis/build/npmtest/node-npmtest-budo/lib.npmtest_budo.js","s":{"1":2,"2":2,"3":2,"4":2,"5":2,"6":2,"7":2,"8":1,"9":2,"10":2,"11":2,"12":2,"13":1,"14":1,"15":1,"16":1},"b":{"1":[2,1,1,1],"2":[1,1,1,1],"3":[1,1],"4":[2,2],"5":[1,1]},"f":{"1":2,"2":2,"3":2},"fnMap":{"1":{"name":"(anonymous_1)","line":12,"loc":{"start":{"line":12,"column":1},"end":{"line":12,"column":13}}},"2":{"name":"(anonymous_2)","line":19,"loc":{"start":{"line":19,"column":5},"end":{"line":19,"column":17}}},"3":{"name":"(anonymous_3)","line":23,"loc":{"start":{"line":23,"column":24},"end":{"line":23,"column":36}}}},"statementMap":{"1":{"start":{"line":12,"column":0},"end":{"line":53,"column":5}},"2":{"start":{"line":14,"column":4},"end":{"line":14,"column":14}},"3":{"start":{"line":19,"column":4},"end":{"line":52,"column":9}},"4":{"start":{"line":21,"column":8},"end":{"line":21,"column":19}},"5":{"start":{"line":23,"column":8},"end":{"line":35,"column":13}},"6":{"start":{"line":24,"column":12},"end":{"line":34,"column":13}},"7":{"start":{"line":25,"column":16},"end":{"line":28,"column":30}},"8":{"start":{"line":30,"column":16},"end":{"line":33,"column":27}},"9":{"start":{"line":37,"column":8},"end":{"line":39,"column":21}},"10":{"start":{"line":41,"column":8},"end":{"line":41,"column":54}},"11":{"start":{"line":43,"column":8},"end":{"line":43,"column":49}},"12":{"start":{"line":45,"column":8},"end":{"line":51,"column":9}},"13":{"start":{"line":46,"column":12},"end":{"line":46,"column":55}},"14":{"start":{"line":48,"column":12},"end":{"line":48,"column":35}},"15":{"start":{"line":49,"column":12},"end":{"line":49,"column":49}},"16":{"start":{"line":50,"column":12},"end":{"line":50,"column":43}}},"branchMap":{"1":{"line":25,"type":"binary-expr","locations":[{"start":{"line":25,"column":23},"end":{"line":25,"column":62}},{"start":{"line":26,"column":20},"end":{"line":26,"column":70}},{"start":{"line":27,"column":20},"end":{"line":27,"column":71}},{"start":{"line":28,"column":20},"end":{"line":28,"column":29}}]},"2":{"line":30,"type":"binary-expr","locations":[{"start":{"line":30,"column":23},"end":{"line":30,"column":37}},{"start":{"line":31,"column":20},"end":{"line":31,"column":61}},{"start":{"line":32,"column":20},"end":{"line":32,"column":70}},{"start":{"line":33,"column":20},"end":{"line":33,"column":26}}]},"3":{"line":37,"type":"cond-expr","locations":[{"start":{"line":38,"column":14},"end":{"line":38,"column":20}},{"start":{"line":39,"column":14},"end":{"line":39,"column":20}}]},"4":{"line":41,"type":"binary-expr","locations":[{"start":{"line":41,"column":16},"end":{"line":41,"column":44}},{"start":{"line":41,"column":48},"end":{"line":41,"column":53}}]},"5":{"line":45,"type":"if","locations":[{"start":{"line":45,"column":8},"end":{"line":45,"column":8}},{"start":{"line":45,"column":8},"end":{"line":45,"column":8}}]}},"code":["/* istanbul instrument in package npmtest_budo */","/*jslint","    bitwise: true,","    browser: true,","    maxerr: 8,","    maxlen: 96,","    node: true,","    nomen: true,","    regexp: true,","    stupid: true","*/","(function () {","    'use strict';","    var local;","","","","    // run shared js-env code - init-before","    (function () {","        // init local","        local = {};","        // init modeJs","        local.modeJs = (function () {","            try {","                return typeof navigator.userAgent === 'string' &&","                    typeof document.querySelector('body') === 'object' &&","                    typeof XMLHttpRequest.prototype.open === 'function' &&","                    'browser';","            } catch (errorCaughtBrowser) {","                return module.exports &&","                    typeof process.versions.node === 'string' &&","                    typeof require('http').createServer === 'function' &&","                    'node';","            }","        }());","        // init global","        local.global = local.modeJs === 'browser'","            ? window","            : global;","        // init utility2_rollup","        local = local.global.utility2_rollup || local;","        // init lib","        local.local = local.npmtest_budo = local;","        // init exports","        if (local.modeJs === 'browser') {","            local.global.utility2_npmtest_budo = local;","        } else {","            module.exports = local;","            module.exports.__dirname = __dirname;","            module.exports.module = module;","        }","    }());","}());",""],"l":{"12":2,"14":2,"19":2,"21":2,"23":2,"24":2,"25":2,"30":1,"37":2,"41":2,"43":2,"45":2,"46":1,"48":1,"49":1,"50":1}},"/home/travis/build/npmtest/node-npmtest-budo/example.js":{"path":"/home/travis/build/npmtest/node-npmtest-budo/example.js","s":{"1":2,"2":2,"3":2,"4":2,"5":2,"6":2,"7":2,"8":1,"9":2,"10":2,"11":2,"12":2,"13":1,"14":2,"15":2,"16":2,"17":2,"18":2,"19":0,"20":2,"21":1,"22":1,"23":1,"24":1,"25":1,"26":0,"27":0,"28":1,"29":1,"30":2,"31":0,"32":0,"33":0,"34":1,"35":2,"36":2,"37":3,"38":3,"39":3,"40":3,"41":0,"42":3,"43":3,"44":3,"45":1,"46":3,"47":1,"48":1,"49":1,"50":1,"51":1,"52":1,"53":1,"54":1,"55":1,"56":1,"57":0,"58":1,"59":6,"60":6,"61":1,"62":2,"63":0,"64":2,"65":1,"66":1,"67":0,"68":0,"69":0,"70":0,"71":0,"72":0,"73":0,"74":0,"75":0,"76":0,"77":0,"78":0,"79":0,"80":0,"81":0,"82":0,"83":0},"b":{"1":[2,1,1,1],"2":[1,1,1,1],"3":[1,1],"4":[2,2],"5":[1,1],"6":[1,1],"7":[2,0],"8":[2,1,1,1,1,1],"9":[0,2,0],"10":[1,1],"11":[2,1,1],"12":[1,0],"13":[0,2],"14":[2,0,0,0,0,0,0],"15":[0,3],"16":[3,0],"17":[1,1],"18":[0,1],"19":[1,2,0,2],"20":[1,0],"21":[1,1],"22":[0,0],"23":[0,0],"24":[0,0],"25":[0,0],"26":[0,0],"27":[0,0],"28":[0,0]},"f":{"1":2,"2":2,"3":2,"4":2,"5":2,"6":2,"7":3,"8":3,"9":3,"10":1,"11":6,"12":0},"fnMap":{"1":{"name":"(anonymous_1)","line":26,"loc":{"start":{"line":26,"column":1},"end":{"line":26,"column":13}}},"2":{"name":"(anonymous_2)","line":33,"loc":{"start":{"line":33,"column":5},"end":{"line":33,"column":17}}},"3":{"name":"(anonymous_3)","line":37,"loc":{"start":{"line":37,"column":24},"end":{"line":37,"column":36}}},"4":{"name":"(anonymous_4)","line":69,"loc":{"start":{"line":69,"column":31},"end":{"line":69,"column":48}},"skip":true},"5":{"name":"(anonymous_5)","line":78,"loc":{"start":{"line":78,"column":26},"end":{"line":78,"column":45}},"skip":true},"6":{"name":"(anonymous_6)","line":123,"loc":{"start":{"line":123,"column":33},"end":{"line":123,"column":48}},"skip":true},"7":{"name":"(anonymous_7)","line":125,"loc":{"start":{"line":125,"column":27},"end":{"line":125,"column":39}},"skip":true},"8":{"name":"(anonymous_8)","line":133,"loc":{"start":{"line":133,"column":59},"end":{"line":133,"column":74}},"skip":true},"9":{"name":"(anonymous_9)","line":143,"loc":{"start":{"line":143,"column":45},"end":{"line":143,"column":62}},"skip":true},"10":{"name":"(anonymous_10)","line":144,"loc":{"start":{"line":144,"column":73},"end":{"line":144,"column":92}},"skip":true},"11":{"name":"(anonymous_11)","line":272,"loc":{"start":{"line":272,"column":51},"end":{"line":272,"column":77}},"skip":true},"12":{"name":"(anonymous_12)","line":315,"loc":{"start":{"line":315,"column":32},"end":{"line":315,"column":61}},"skip":true}},"statementMap":{"1":{"start":{"line":26,"column":0},"end":{"line":326,"column":5}},"2":{"start":{"line":28,"column":4},"end":{"line":28,"column":14}},"3":{"start":{"line":33,"column":4},"end":{"line":60,"column":9}},"4":{"start":{"line":35,"column":8},"end":{"line":35,"column":19}},"5":{"start":{"line":37,"column":8},"end":{"line":49,"column":13}},"6":{"start":{"line":38,"column":12},"end":{"line":48,"column":13}},"7":{"start":{"line":39,"column":16},"end":{"line":42,"column":30}},"8":{"start":{"line":44,"column":16},"end":{"line":47,"column":27}},"9":{"start":{"line":51,"column":8},"end":{"line":53,"column":21}},"10":{"start":{"line":55,"column":8},"end":{"line":57,"column":45}},"11":{"start":{"line":59,"column":8},"end":{"line":59,"column":35}},"12":{"start":{"line":61,"column":4},"end":{"line":325,"column":5}},"13":{"start":{"line":69,"column":8},"end":{"line":121,"column":10},"skip":true},"14":{"start":{"line":70,"column":12},"end":{"line":88,"column":13},"skip":true},"15":{"start":{"line":76,"column":16},"end":{"line":87,"column":19},"skip":true},"16":{"start":{"line":79,"column":20},"end":{"line":86,"column":21},"skip":true},"17":{"start":{"line":82,"column":24},"end":{"line":82,"column":43},"skip":true},"18":{"start":{"line":83,"column":24},"end":{"line":83,"column":30},"skip":true},"19":{"start":{"line":85,"column":24},"end":{"line":85,"column":49},"skip":true},"20":{"start":{"line":89,"column":12},"end":{"line":107,"column":13},"skip":true},"21":{"start":{"line":92,"column":16},"end":{"line":102,"column":17},"skip":true},"22":{"start":{"line":93,"column":20},"end":{"line":93,"column":86},"skip":true},"23":{"start":{"line":94,"column":20},"end":{"line":95,"column":45},"skip":true},"24":{"start":{"line":96,"column":20},"end":{"line":96,"column":42},"skip":true},"25":{"start":{"line":97,"column":20},"end":{"line":97,"column":48},"skip":true},"26":{"start":{"line":100,"column":20},"end":{"line":100,"column":85},"skip":true},"27":{"start":{"line":101,"column":20},"end":{"line":101,"column":96},"skip":true},"28":{"start":{"line":103,"column":16},"end":{"line":103,"column":22},"skip":true},"29":{"start":{"line":106,"column":16},"end":{"line":106,"column":22},"skip":true},"30":{"start":{"line":108,"column":12},"end":{"line":120,"column":13},"skip":true},"31":{"start":{"line":114,"column":16},"end":{"line":119,"column":17},"skip":true},"32":{"start":{"line":116,"column":20},"end":{"line":116,"column":78},"skip":true},"33":{"start":{"line":118,"column":20},"end":{"line":118,"column":47},"skip":true},"34":{"start":{"line":123,"column":8},"end":{"line":141,"column":11},"skip":true},"35":{"start":{"line":124,"column":12},"end":{"line":124,"column":54},"skip":true},"36":{"start":{"line":125,"column":12},"end":{"line":140,"column":14},"skip":true},"37":{"start":{"line":126,"column":16},"end":{"line":126,"column":28},"skip":true},"38":{"start":{"line":127,"column":16},"end":{"line":127,"column":69},"skip":true},"39":{"start":{"line":128,"column":16},"end":{"line":128,"column":75},"skip":true},"40":{"start":{"line":129,"column":16},"end":{"line":131,"column":17},"skip":true},"41":{"start":{"line":130,"column":20},"end":{"line":130,"column":27},"skip":true},"42":{"start":{"line":133,"column":16},"end":{"line":137,"column":36},"skip":true},"43":{"start":{"line":134,"column":20},"end":{"line":136,"column":55},"skip":true},"44":{"start":{"line":139,"column":16},"end":{"line":139,"column":57},"skip":true},"45":{"start":{"line":143,"column":8},"end":{"line":147,"column":11},"skip":true},"46":{"start":{"line":144,"column":12},"end":{"line":146,"column":15},"skip":true},"47":{"start":{"line":145,"column":16},"end":{"line":145,"column":70},"skip":true},"48":{"start":{"line":149,"column":8},"end":{"line":149,"column":31},"skip":true},"49":{"start":{"line":150,"column":8},"end":{"line":150,"column":14},"skip":true},"50":{"start":{"line":158,"column":8},"end":{"line":158,"column":31},"skip":true},"51":{"start":{"line":160,"column":8},"end":{"line":160,"column":33},"skip":true},"52":{"start":{"line":161,"column":8},"end":{"line":161,"column":37},"skip":true},"53":{"start":{"line":162,"column":8},"end":{"line":162,"column":35},"skip":true},"54":{"start":{"line":164,"column":8},"end":{"line":164,"column":50},"skip":true},"55":{"start":{"line":166,"column":8},"end":{"line":256,"column":2},"skip":true},"56":{"start":{"line":258,"column":8},"end":{"line":286,"column":9},"skip":true},"57":{"start":{"line":259,"column":12},"end":{"line":269,"column":14},"skip":true},"58":{"start":{"line":271,"column":12},"end":{"line":285,"column":19},"skip":true},"59":{"start":{"line":274,"column":20},"end":{"line":274,"column":35},"skip":true},"60":{"start":{"line":275,"column":20},"end":{"line":284,"column":21},"skip":true},"61":{"start":{"line":277,"column":24},"end":{"line":277,"column":64},"skip":true},"62":{"start":{"line":279,"column":24},"end":{"line":279,"column":40},"skip":true},"63":{"start":{"line":281,"column":24},"end":{"line":281,"column":40},"skip":true},"64":{"start":{"line":283,"column":24},"end":{"line":283,"column":39},"skip":true},"65":{"start":{"line":288,"column":8},"end":{"line":290,"column":9},"skip":true},"66":{"start":{"line":289,"column":12},"end":{"line":289,"column":18},"skip":true},"67":{"start":{"line":291,"column":8},"end":{"line":293,"column":54},"skip":true},"68":{"start":{"line":296,"column":8},"end":{"line":301,"column":37},"skip":true},"69":{"start":{"line":303,"column":8},"end":{"line":303,"column":82},"skip":true},"70":{"start":{"line":306,"column":8},"end":{"line":308,"column":9},"skip":true},"71":{"start":{"line":307,"column":12},"end":{"line":307,"column":82},"skip":true},"72":{"start":{"line":310,"column":8},"end":{"line":312,"column":9},"skip":true},"73":{"start":{"line":311,"column":12},"end":{"line":311,"column":18},"skip":true},"74":{"start":{"line":313,"column":8},"end":{"line":313,"column":54},"skip":true},"75":{"start":{"line":314,"column":8},"end":{"line":314,"column":69},"skip":true},"76":{"start":{"line":315,"column":8},"end":{"line":323,"column":36},"skip":true},"77":{"start":{"line":316,"column":12},"end":{"line":316,"column":61},"skip":true},"78":{"start":{"line":317,"column":12},"end":{"line":320,"column":13},"skip":true},"79":{"start":{"line":318,"column":16},"end":{"line":318,"column":75},"skip":true},"80":{"start":{"line":319,"column":16},"end":{"line":319,"column":23},"skip":true},"81":{"start":{"line":321,"column":12},"end":{"line":321,"column":38},"skip":true},"82":{"start":{"line":322,"column":12},"end":{"line":322,"column":27},"skip":true},"83":{"start":{"line":324,"column":8},"end":{"line":324,"column":14},"skip":true}},"branchMap":{"1":{"line":39,"type":"binary-expr","locations":[{"start":{"line":39,"column":23},"end":{"line":39,"column":62}},{"start":{"line":40,"column":20},"end":{"line":40,"column":70}},{"start":{"line":41,"column":20},"end":{"line":41,"column":71}},{"start":{"line":42,"column":20},"end":{"line":42,"column":29}}]},"2":{"line":44,"type":"binary-expr","locations":[{"start":{"line":44,"column":23},"end":{"line":44,"column":37}},{"start":{"line":45,"column":20},"end":{"line":45,"column":61}},{"start":{"line":46,"column":20},"end":{"line":46,"column":70}},{"start":{"line":47,"column":20},"end":{"line":47,"column":26}}]},"3":{"line":51,"type":"cond-expr","locations":[{"start":{"line":52,"column":14},"end":{"line":52,"column":20}},{"start":{"line":53,"column":14},"end":{"line":53,"column":20}}]},"4":{"line":55,"type":"binary-expr","locations":[{"start":{"line":55,"column":16},"end":{"line":55,"column":44}},{"start":{"line":55,"column":49},"end":{"line":57,"column":43}}]},"5":{"line":55,"type":"cond-expr","locations":[{"start":{"line":56,"column":14},"end":{"line":56,"column":48}},{"start":{"line":57,"column":14},"end":{"line":57,"column":43}}]},"6":{"line":61,"type":"switch","locations":[{"start":{"line":68,"column":4},"end":{"line":150,"column":14},"skip":true},{"start":{"line":156,"column":4},"end":{"line":324,"column":14},"skip":true}]},"7":{"line":70,"type":"if","locations":[{"start":{"line":70,"column":12},"end":{"line":70,"column":12},"skip":true},{"start":{"line":70,"column":12},"end":{"line":70,"column":12},"skip":true}]},"8":{"line":70,"type":"binary-expr","locations":[{"start":{"line":70,"column":16},"end":{"line":70,"column":22},"skip":true},{"start":{"line":70,"column":27},"end":{"line":70,"column":32},"skip":true},{"start":{"line":71,"column":20},"end":{"line":71,"column":39},"skip":true},{"start":{"line":72,"column":20},"end":{"line":72,"column":49},"skip":true},{"start":{"line":73,"column":20},"end":{"line":73,"column":58},"skip":true},{"start":{"line":74,"column":20},"end":{"line":74,"column":69},"skip":true}]},"9":{"line":79,"type":"switch","locations":[{"start":{"line":80,"column":20},"end":{"line":80,"column":33},"skip":true},{"start":{"line":81,"column":20},"end":{"line":83,"column":30},"skip":true},{"start":{"line":84,"column":20},"end":{"line":85,"column":49},"skip":true}]},"10":{"line":89,"type":"switch","locations":[{"start":{"line":90,"column":12},"end":{"line":103,"column":22},"skip":true},{"start":{"line":105,"column":12},"end":{"line":106,"column":22},"skip":true}]},"11":{"line":89,"type":"binary-expr","locations":[{"start":{"line":89,"column":20},"end":{"line":89,"column":25},"skip":true},{"start":{"line":89,"column":29},"end":{"line":89,"column":48},"skip":true},{"start":{"line":89,"column":52},"end":{"line":89,"column":74},"skip":true}]},"12":{"line":92,"type":"if","locations":[{"start":{"line":92,"column":16},"end":{"line":92,"column":16},"skip":true},{"start":{"line":92,"column":16},"end":{"line":92,"column":16},"skip":true}]},"13":{"line":108,"type":"if","locations":[{"start":{"line":108,"column":12},"end":{"line":108,"column":12},"skip":true},{"start":{"line":108,"column":12},"end":{"line":108,"column":12},"skip":true}]},"14":{"line":108,"type":"binary-expr","locations":[{"start":{"line":108,"column":16},"end":{"line":108,"column":61},"skip":true},{"start":{"line":108,"column":66},"end":{"line":108,"column":72},"skip":true},{"start":{"line":108,"column":77},"end":{"line":108,"column":82},"skip":true},{"start":{"line":109,"column":20},"end":{"line":109,"column":39},"skip":true},{"start":{"line":110,"column":20},"end":{"line":110,"column":49},"skip":true},{"start":{"line":111,"column":20},"end":{"line":111,"column":58},"skip":true},{"start":{"line":112,"column":20},"end":{"line":112,"column":68},"skip":true}]},"15":{"line":129,"type":"if","locations":[{"start":{"line":129,"column":16},"end":{"line":129,"column":16},"skip":true},{"start":{"line":129,"column":16},"end":{"line":129,"column":16},"skip":true}]},"16":{"line":134,"type":"cond-expr","locations":[{"start":{"line":135,"column":26},"end":{"line":135,"column":29},"skip":true},{"start":{"line":136,"column":26},"end":{"line":136,"column":54},"skip":true}]},"17":{"line":164,"type":"binary-expr","locations":[{"start":{"line":164,"column":27},"end":{"line":164,"column":43},"skip":true},{"start":{"line":164,"column":47},"end":{"line":164,"column":49},"skip":true}]},"18":{"line":258,"type":"if","locations":[{"start":{"line":258,"column":8},"end":{"line":258,"column":8},"skip":true},{"start":{"line":258,"column":8},"end":{"line":258,"column":8},"skip":true}]},"19":{"line":275,"type":"switch","locations":[{"start":{"line":276,"column":20},"end":{"line":277,"column":64},"skip":true},{"start":{"line":278,"column":20},"end":{"line":279,"column":40},"skip":true},{"start":{"line":280,"column":20},"end":{"line":281,"column":40},"skip":true},{"start":{"line":282,"column":20},"end":{"line":283,"column":39},"skip":true}]},"20":{"line":288,"type":"if","locations":[{"start":{"line":288,"column":8},"end":{"line":288,"column":8},"skip":true},{"start":{"line":288,"column":8},"end":{"line":288,"column":8},"skip":true}]},"21":{"line":288,"type":"binary-expr","locations":[{"start":{"line":288,"column":12},"end":{"line":288,"column":40},"skip":true},{"start":{"line":288,"column":44},"end":{"line":288,"column":67},"skip":true}]},"22":{"line":292,"type":"binary-expr","locations":[{"start":{"line":292,"column":12},"end":{"line":292,"column":50},"skip":true},{"start":{"line":293,"column":12},"end":{"line":293,"column":53},"skip":true}]},"23":{"line":297,"type":"binary-expr","locations":[{"start":{"line":297,"column":12},"end":{"line":297,"column":62},"skip":true},{"start":{"line":298,"column":12},"end":{"line":301,"column":36},"skip":true}]},"24":{"line":303,"type":"binary-expr","locations":[{"start":{"line":303,"column":43},"end":{"line":303,"column":75},"skip":true},{"start":{"line":303,"column":79},"end":{"line":303,"column":81},"skip":true}]},"25":{"line":306,"type":"if","locations":[{"start":{"line":306,"column":8},"end":{"line":306,"column":8},"skip":true},{"start":{"line":306,"column":8},"end":{"line":306,"column":8},"skip":true}]},"26":{"line":310,"type":"if","locations":[{"start":{"line":310,"column":8},"end":{"line":310,"column":8},"skip":true},{"start":{"line":310,"column":8},"end":{"line":310,"column":8},"skip":true}]},"27":{"line":313,"type":"binary-expr","locations":[{"start":{"line":313,"column":27},"end":{"line":313,"column":43},"skip":true},{"start":{"line":313,"column":47},"end":{"line":313,"column":53},"skip":true}]},"28":{"line":317,"type":"if","locations":[{"start":{"line":317,"column":12},"end":{"line":317,"column":12},"skip":true},{"start":{"line":317,"column":12},"end":{"line":317,"column":12},"skip":true}]}},"code":["/*","example.js","","quickstart example","","instruction","    1. save this script as example.js","    2. run the shell command:","        $ npm install npmtest-budo && PORT=8081 node example.js","    3. play with the browser-demo on http://127.0.0.1:8081","*/","","","","/* istanbul instrument in package npmtest_budo */","/*jslint","    bitwise: true,","    browser: true,","    maxerr: 8,","    maxlen: 96,","    node: true,","    nomen: true,","    regexp: true,","    stupid: true","*/","(function () {","    'use strict';","    var local;","","","","    // run shared js-env code - init-before","    (function () {","        // init local","        local = {};","        // init modeJs","        local.modeJs = (function () {","            try {","                return typeof navigator.userAgent === 'string' &&","                    typeof document.querySelector('body') === 'object' &&","                    typeof XMLHttpRequest.prototype.open === 'function' &&","                    'browser';","            } catch (errorCaughtBrowser) {","                return module.exports &&","                    typeof process.versions.node === 'string' &&","                    typeof require('http').createServer === 'function' &&","                    'node';","            }","        }());","        // init global","        local.global = local.modeJs === 'browser'","            ? window","            : global;","        // init utility2_rollup","        local = local.global.utility2_rollup || (local.modeJs === 'browser'","            ? local.global.utility2_npmtest_budo","            : global.utility2_moduleExports);","        // export local","        local.global.local = local;","    }());","    switch (local.modeJs) {","","","","    // init-after","    // run browser js-env code - init-after","    /* istanbul ignore next */","    case 'browser':","        local.testRunBrowser = function (event) {","            if (!event || (event &&","                    event.currentTarget &&","                    event.currentTarget.className &&","                    event.currentTarget.className.includes &&","                    event.currentTarget.className.includes('onreset'))) {","                // reset output","                Array.from(","                    document.querySelectorAll('body > .resettable')","                ).forEach(function (element) {","                    switch (element.tagName) {","                    case 'INPUT':","                    case 'TEXTAREA':","                        element.value = '';","                        break;","                    default:","                        element.textContent = '';","                    }","                });","            }","            switch (event && event.currentTarget && event.currentTarget.id) {","            case 'testRunButton1':","                // show tests","                if (document.querySelector('#testReportDiv1').style.display === 'none') {","                    document.querySelector('#testReportDiv1').style.display = 'block';","                    document.querySelector('#testRunButton1').textContent =","                        'hide internal test';","                    local.modeTest = true;","                    local.testRunDefault(local);","                // hide tests","                } else {","                    document.querySelector('#testReportDiv1').style.display = 'none';","                    document.querySelector('#testRunButton1').textContent = 'run internal test';","                }","                break;","            // custom-case","            default:","                break;","            }","            if (document.querySelector('#inputTextareaEval1') && (!event || (event &&","                    event.currentTarget &&","                    event.currentTarget.className &&","                    event.currentTarget.className.includes &&","                    event.currentTarget.className.includes('oneval')))) {","                // try to eval input-code","                try {","                    /*jslint evil: true*/","                    eval(document.querySelector('#inputTextareaEval1').value);","                } catch (errorCaught) {","                    console.error(errorCaught);","                }","            }","        };","        // log stderr and stdout to #outputTextareaStdout1","        ['error', 'log'].forEach(function (key) {","            console[key + '_original'] = console[key];","            console[key] = function () {","                var element;","                console[key + '_original'].apply(console, arguments);","                element = document.querySelector('#outputTextareaStdout1');","                if (!element) {","                    return;","                }","                // append text to #outputTextareaStdout1","                element.value += Array.from(arguments).map(function (arg) {","                    return typeof arg === 'string'","                        ? arg","                        : JSON.stringify(arg, null, 4);","                }).join(' ') + '\\n';","                // scroll textarea to bottom","                element.scrollTop = element.scrollHeight;","            };","        });","        // init event-handling","        ['change', 'click', 'keyup'].forEach(function (event) {","            Array.from(document.querySelectorAll('.on' + event)).forEach(function (element) {","                element.addEventListener(event, local.testRunBrowser);","            });","        });","        // run tests","        local.testRunBrowser();","        break;","","","","    // run node js-env code - init-after","    /* istanbul ignore next */","    case 'node':","        // export local","        module.exports = local;","        // require modules","        local.fs = require('fs');","        local.http = require('http');","        local.url = require('url');","        // init assets","        local.assetsDict = local.assetsDict || {};","        /* jslint-ignore-begin */","        local.assetsDict['/assets.index.template.html'] = '\\","<!doctype html>\\n\\","<html lang=\"en\">\\n\\","<head>\\n\\","<meta charset=\"UTF-8\">\\n\\","<meta name=\"viewport\" content=\"width=device-width, initial-scale=1\">\\n\\","<title>{{env.npm_package_name}} (v{{env.npm_package_version}})</title>\\n\\","<style>\\n\\","/*csslint\\n\\","    box-sizing: false,\\n\\","    universal-selector: false\\n\\","*/\\n\\","* {\\n\\","    box-sizing: border-box;\\n\\","}\\n\\","body {\\n\\","    background: #dde;\\n\\","    font-family: Arial, Helvetica, sans-serif;\\n\\","    margin: 2rem;\\n\\","}\\n\\","body > * {\\n\\","    margin-bottom: 1rem;\\n\\","}\\n\\",".utility2FooterDiv {\\n\\","    margin-top: 20px;\\n\\","    text-align: center;\\n\\","}\\n\\","</style>\\n\\","<style>\\n\\","/*csslint\\n\\","*/\\n\\","textarea {\\n\\","    font-family: monospace;\\n\\","    height: 10rem;\\n\\","    width: 100%;\\n\\","}\\n\\","textarea[readonly] {\\n\\","    background: #ddd;\\n\\","}\\n\\","</style>\\n\\","</head>\\n\\","<body>\\n\\","<!-- utility2-comment\\n\\","<div id=\"ajaxProgressDiv1\" style=\"background: #d00; height: 2px; left: 0; margin: 0; padding: 0; position: fixed; top: 0; transition: background 0.5s, width 1.5s; width: 25%;\"></div>\\n\\","utility2-comment -->\\n\\","<h1>\\n\\","<!-- utility2-comment\\n\\","    <a\\n\\","        {{#if env.npm_package_homepage}}\\n\\","        href=\"{{env.npm_package_homepage}}\"\\n\\","        {{/if env.npm_package_homepage}}\\n\\","        target=\"_blank\"\\n\\","    >\\n\\","utility2-comment -->\\n\\","        {{env.npm_package_name}} (v{{env.npm_package_version}})\\n\\","<!-- utility2-comment\\n\\","    </a>\\n\\","utility2-comment -->\\n\\","</h1>\\n\\","<h3>{{env.npm_package_description}}</h3>\\n\\","<!-- utility2-comment\\n\\","<h4><a download href=\"assets.app.js\">download standalone app</a></h4>\\n\\","<button class=\"onclick onreset\" id=\"testRunButton1\">run internal test</button><br>\\n\\","<div id=\"testReportDiv1\" style=\"display: none;\"></div>\\n\\","utility2-comment -->\\n\\","\\n\\","\\n\\","\\n\\","<label>stderr and stdout</label>\\n\\","<textarea class=\"resettable\" id=\"outputTextareaStdout1\" readonly></textarea>\\n\\","<!-- utility2-comment\\n\\","{{#if isRollup}}\\n\\","<script src=\"assets.app.js\"></script>\\n\\","{{#unless isRollup}}\\n\\","utility2-comment -->\\n\\","<script src=\"assets.utility2.rollup.js\"></script>\\n\\","<script src=\"jsonp.utility2._stateInit?callback=window.utility2._stateInit\"></script>\\n\\","<script src=\"assets.npmtest_budo.rollup.js\"></script>\\n\\","<script src=\"assets.example.js\"></script>\\n\\","<script src=\"assets.test.js\"></script>\\n\\","<!-- utility2-comment\\n\\","{{/if isRollup}}\\n\\","utility2-comment -->\\n\\","<div class=\"utility2FooterDiv\">\\n\\","    [ this app was created with\\n\\","    <a href=\"https://github.com/kaizhu256/node-utility2\" target=\"_blank\">utility2</a>\\n\\","    ]\\n\\","</div>\\n\\","</body>\\n\\","</html>\\n\\","';","        /* jslint-ignore-end */","        if (local.templateRender) {","            local.assetsDict['/'] = local.templateRender(","                local.assetsDict['/assets.index.template.html'],","                {","                    env: local.objectSetDefault(local.env, {","                        npm_package_description: 'the greatest app in the world!',","                        npm_package_name: 'my-app',","                        npm_package_nameAlias: 'my_app',","                        npm_package_version: '0.0.1'","                    })","                }","            );","        } else {","            local.assetsDict['/'] = local.assetsDict['/assets.index.template.html']","                .replace((/\\{\\{env\\.(\\w+?)\\}\\}/g), function (match0, match1) {","                    // jslint-hack","                    String(match0);","                    switch (match1) {","                    case 'npm_package_description':","                        return 'the greatest app in the world!';","                    case 'npm_package_name':","                        return 'my-app';","                    case 'npm_package_nameAlias':","                        return 'my_app';","                    case 'npm_package_version':","                        return '0.0.1';","                    }","                });","        }","        // run the cli","        if (local.global.utility2_rollup || module !== require.main) {","            break;","        }","        local.assetsDict['/assets.example.js'] =","            local.assetsDict['/assets.example.js'] ||","            local.fs.readFileSync(__filename, 'utf8');","        // bug-workaround - long $npm_package_buildCustomOrg","        /* jslint-ignore-begin */","        local.assetsDict['/assets.npmtest_budo.rollup.js'] =","            local.assetsDict['/assets.npmtest_budo.rollup.js'] ||","            local.fs.readFileSync(","                local.npmtest_budo.__dirname + '/lib.npmtest_budo.js',","                'utf8'","            ).replace((/^#!/), '//');","        /* jslint-ignore-end */","        local.assetsDict['/favicon.ico'] = local.assetsDict['/favicon.ico'] || '';","        // if $npm_config_timeout_exit exists,","        // then exit this process after $npm_config_timeout_exit ms","        if (Number(process.env.npm_config_timeout_exit)) {","            setTimeout(process.exit, Number(process.env.npm_config_timeout_exit));","        }","        // start server","        if (local.global.utility2_serverHttp1) {","            break;","        }","        process.env.PORT = process.env.PORT || '8081';","        console.error('server starting on port ' + process.env.PORT);","        local.http.createServer(function (request, response) {","            request.urlParsed = local.url.parse(request.url);","            if (local.assetsDict[request.urlParsed.pathname] !== undefined) {","                response.end(local.assetsDict[request.urlParsed.pathname]);","                return;","            }","            response.statusCode = 404;","            response.end();","        }).listen(process.env.PORT);","        break;","    }","}());",""],"l":{"26":2,"28":2,"33":2,"35":2,"37":2,"38":2,"39":2,"44":1,"51":2,"55":2,"59":2,"61":2,"69":1,"70":2,"76":2,"79":2,"82":2,"83":2,"85":1,"89":2,"92":1,"93":1,"94":1,"96":1,"97":1,"100":1,"101":1,"103":1,"106":1,"108":2,"114":1,"116":1,"118":1,"123":1,"124":2,"125":2,"126":3,"127":3,"128":3,"129":3,"130":1,"133":3,"134":3,"139":3,"143":1,"144":3,"145":1,"149":1,"150":1,"158":1,"160":1,"161":1,"162":1,"164":1,"166":1,"258":1,"259":1,"271":1,"274":6,"275":6,"277":1,"279":2,"281":1,"283":2,"288":1,"289":1,"291":1,"296":1,"303":1,"306":1,"307":1,"310":1,"311":1,"313":1,"314":1,"315":1,"316":1,"317":1,"318":1,"319":1,"321":1,"322":1,"324":1}},"/home/travis/build/npmtest/node-npmtest-budo/node_modules/budo/index.js":{"path":"/home/travis/build/npmtest/node-npmtest-budo/node_modules/budo/index.js","s":{"1":1,"2":1,"3":1,"4":1,"5":1,"6":1,"7":1,"8":1,"9":1,"10":1,"11":1,"12":1,"13":1,"14":1,"15":1,"16":1,"17":0,"18":0,"19":0,"20":0,"21":1,"22":0,"23":0,"24":0,"25":1,"26":0,"27":1,"28":0,"29":0,"30":0,"31":0,"32":1,"33":0,"34":1,"35":0,"36":1,"37":0,"38":1,"39":1,"40":1,"41":0,"42":1,"43":1,"44":0,"45":0,"46":0,"47":0,"48":1,"49":0,"50":0},"b":{"1":[1,0],"2":[0,1],"3":[0,1],"4":[0,1],"5":[0,1],"6":[0,1],"7":[0,1],"8":[0,1],"9":[0,1],"10":[1,0]},"f":{"1":1,"2":0,"3":0,"4":0,"5":0},"fnMap":{"1":{"name":"budoCLI","line":10,"loc":{"start":{"line":10,"column":0},"end":{"line":10,"column":30}}},"2":{"name":"(anonymous_2)","line":68,"loc":{"start":{"line":68,"column":20},"end":{"line":68,"column":35}}},"3":{"name":"execFunc","line":75,"loc":{"start":{"line":75,"column":0},"end":{"line":75,"column":24}}},"4":{"name":"run","line":76,"loc":{"start":{"line":76,"column":9},"end":{"line":76,"column":25}}},"5":{"name":"exit","line":83,"loc":{"start":{"line":83,"column":0},"end":{"line":83,"column":20}}}},"statementMap":{"1":{"start":{"line":1,"column":0},"end":{"line":1,"column":43}},"2":{"start":{"line":2,"column":0},"end":{"line":2,"column":32}},"3":{"start":{"line":3,"column":0},"end":{"line":3,"column":33}},"4":{"start":{"line":4,"column":0},"end":{"line":4,"column":43}},"5":{"start":{"line":5,"column":0},"end":{"line":5,"column":40}},"6":{"start":{"line":7,"column":0},"end":{"line":7,"column":21}},"7":{"start":{"line":8,"column":0},"end":{"line":8,"column":28}},"8":{"start":{"line":10,"column":0},"end":{"line":73,"column":1}},"9":{"start":{"line":11,"column":2},"end":{"line":11,"column":34}},"10":{"start":{"line":14,"column":2},"end":{"line":16,"column":3}},"11":{"start":{"line":15,"column":4},"end":{"line":15,"column":79}},"12":{"start":{"line":18,"column":2},"end":{"line":18,"column":22}},"13":{"start":{"line":19,"column":2},"end":{"line":19,"column":15}},"14":{"start":{"line":21,"column":2},"end":{"line":21,"column":34}},"15":{"start":{"line":22,"column":2},"end":{"line":22,"column":19}},"16":{"start":{"line":24,"column":2},"end":{"line":29,"column":3}},"17":{"start":{"line":25,"column":4},"end":{"line":25,"column":61}},"18":{"start":{"line":26,"column":4},"end":{"line":26,"column":76}},"19":{"start":{"line":27,"column":4},"end":{"line":27,"column":83}},"20":{"start":{"line":28,"column":4},"end":{"line":28,"column":15}},"21":{"start":{"line":31,"column":2},"end":{"line":36,"column":3}},"22":{"start":{"line":32,"column":4},"end":{"line":32,"column":65}},"23":{"start":{"line":33,"column":4},"end":{"line":34,"column":27}},"24":{"start":{"line":35,"column":4},"end":{"line":35,"column":15}},"25":{"start":{"line":38,"column":2},"end":{"line":40,"column":3}},"26":{"start":{"line":39,"column":4},"end":{"line":39,"column":84}},"27":{"start":{"line":42,"column":2},"end":{"line":51,"column":3}},"28":{"start":{"line":45,"column":4},"end":{"line":45,"column":33}},"29":{"start":{"line":46,"column":4},"end":{"line":46,"column":34}},"30":{"start":{"line":47,"column":4},"end":{"line":47,"column":29}},"31":{"start":{"line":48,"column":4},"end":{"line":50,"column":48}},"32":{"start":{"line":53,"column":2},"end":{"line":55,"column":3}},"33":{"start":{"line":54,"column":4},"end":{"line":54,"column":39}},"34":{"start":{"line":56,"column":2},"end":{"line":58,"column":3}},"35":{"start":{"line":57,"column":4},"end":{"line":57,"column":47}},"36":{"start":{"line":61,"column":2},"end":{"line":63,"column":3}},"37":{"start":{"line":62,"column":4},"end":{"line":62,"column":36}},"38":{"start":{"line":66,"column":2},"end":{"line":66,"column":54}},"39":{"start":{"line":67,"column":2},"end":{"line":67,"column":58}},"40":{"start":{"line":68,"column":2},"end":{"line":70,"column":4}},"41":{"start":{"line":69,"column":4},"end":{"line":69,"column":40}},"42":{"start":{"line":72,"column":2},"end":{"line":72,"column":17}},"43":{"start":{"line":75,"column":0},"end":{"line":81,"column":1}},"44":{"start":{"line":76,"column":2},"end":{"line":80,"column":3}},"45":{"start":{"line":77,"column":4},"end":{"line":77,"column":21}},"46":{"start":{"line":78,"column":4},"end":{"line":78,"column":33}},"47":{"start":{"line":79,"column":4},"end":{"line":79,"column":33}},"48":{"start":{"line":83,"column":0},"end":{"line":86,"column":1}},"49":{"start":{"line":84,"column":2},"end":{"line":84,"column":46}},"50":{"start":{"line":85,"column":2},"end":{"line":85,"column":17}}},"branchMap":{"1":{"line":14,"type":"if","locations":[{"start":{"line":14,"column":2},"end":{"line":14,"column":2}},{"start":{"line":14,"column":2},"end":{"line":14,"column":2}}]},"2":{"line":15,"type":"cond-expr","locations":[{"start":{"line":15,"column":50},"end":{"line":15,"column":64}},{"start":{"line":15,"column":67},"end":{"line":15,"column":79}}]},"3":{"line":24,"type":"if","locations":[{"start":{"line":24,"column":2},"end":{"line":24,"column":2}},{"start":{"line":24,"column":2},"end":{"line":24,"column":2}}]},"4":{"line":31,"type":"if","locations":[{"start":{"line":31,"column":2},"end":{"line":31,"column":2}},{"start":{"line":31,"column":2},"end":{"line":31,"column":2}}]},"5":{"line":38,"type":"if","locations":[{"start":{"line":38,"column":2},"end":{"line":38,"column":2}},{"start":{"line":38,"column":2},"end":{"line":38,"column":2}}]},"6":{"line":42,"type":"if","locations":[{"start":{"line":42,"column":2},"end":{"line":42,"column":2}},{"start":{"line":42,"column":2},"end":{"line":42,"column":2}}]},"7":{"line":53,"type":"if","locations":[{"start":{"line":53,"column":2},"end":{"line":53,"column":2}},{"start":{"line":53,"column":2},"end":{"line":53,"column":2}}]},"8":{"line":56,"type":"if","locations":[{"start":{"line":56,"column":2},"end":{"line":56,"column":2}},{"start":{"line":56,"column":2},"end":{"line":56,"column":2}}]},"9":{"line":61,"type":"if","locations":[{"start":{"line":61,"column":2},"end":{"line":61,"column":2}},{"start":{"line":61,"column":2},"end":{"line":61,"column":2}}]},"10":{"line":61,"type":"binary-expr","locations":[{"start":{"line":61,"column":6},"end":{"line":61,"column":35}},{"start":{"line":61,"column":39},"end":{"line":61,"column":69}}]}},"code":["var parseArgs = require('./lib/parse-args')","var budo = require('./lib/budo')","var color = require('term-color')","var stdoutStream = require('stdout-stream')","var exec = require('child_process').exec","","module.exports = budo","module.exports.cli = budoCLI","","function budoCLI (args, opts) {","  var argv = parseArgs(args, opts)","","  // if no stream is specified, default to stdout","  if (argv.stream !== false) {","    argv.stream = /^win/.test(process.platform) ? process.stdout : stdoutStream","  }","","  var entries = argv._","  delete argv._","","  argv.browserifyArgs = argv['--']","  delete argv['--']","","  if (argv.version) {","    console.log('budo v' + require('./package.json').version)","    console.log('browserify v' + require('browserify/package.json').version)","    console.log('watchify v' + require('watchify-middleware').getWatchifyVersion())","    return null","  }","","  if (argv.help) {","    var help = require('path').join(__dirname, 'bin', 'help.txt')","    require('fs').createReadStream(help)","      .pipe(process.stdout)","    return null","  }","","  if (argv.outfile) {","    console.error(color.yellow('WARNING'), '--outfile has been removed in budo@3.0')","  }","","  if (typeof argv.pushstate === 'string') {","    // support backwards compatibility with CLI like this:","    //    budo -P index.js:bundle.js","    var newEntry = argv.pushstate","    argv.pushstate = argv.P = true","    entries.unshift(newEntry)","    console.error(color.yellow('WARNING'), '\\nAs of budo@10.x, --pushstate should come ' +","        'after your JS entries.\\nExample:\\n' +","        '  budo index.js:bundle.js --pushstate')","  }","","  if (typeof argv.port === 'string') {","    argv.port = parseInt(argv.port, 10)","  }","  if (typeof argv.livePort === 'string') {","    argv.livePort = parseInt(argv.livePort, 10)","  }","","  // opts.live can be a glob or a boolean","  if (typeof argv.live === 'string' && /(true|false)/.test(argv.live)) {","    argv.live = argv.live === 'true'","  }","","  // CLI only option for executing a child process","  var instance = budo(entries, argv).on('error', exit)","  var onUpdates = [].concat(argv.onupdate).filter(Boolean)","  onUpdates.forEach(function (cmd) {","    instance.on('update', execFunc(cmd))","  })","","  return instance","}","","function execFunc (cmd) {","  return function run () {","    var p = exec(cmd)","    p.stderr.pipe(process.stderr)","    p.stdout.pipe(process.stdout)","  }","}","","function exit (err) {","  console.log(color.red('ERROR'), err.message)","  process.exit(1)","}",""],"l":{"1":1,"2":1,"3":1,"4":1,"5":1,"7":1,"8":1,"10":1,"11":1,"14":1,"15":1,"18":1,"19":1,"21":1,"22":1,"24":1,"25":0,"26":0,"27":0,"28":0,"31":1,"32":0,"33":0,"35":0,"38":1,"39":0,"42":1,"45":0,"46":0,"47":0,"48":0,"53":1,"54":0,"56":1,"57":0,"61":1,"62":0,"66":1,"67":1,"68":1,"69":0,"72":1,"75":1,"76":0,"77":0,"78":0,"79":0,"83":1,"84":0,"85":0}},"/home/travis/build/npmtest/node-npmtest-budo/node_modules/budo/lib/parse-args.js":{"path":"/home/travis/build/npmtest/node-npmtest-budo/node_modules/budo/lib/parse-args.js","s":{"1":1,"2":1,"3":1,"4":1,"5":1,"6":1,"7":1,"8":0,"9":0,"10":1,"11":1,"12":1,"13":1},"b":{"1":[0,1]},"f":{"1":1},"fnMap":{"1":{"name":"parseArgs","line":5,"loc":{"start":{"line":5,"column":0},"end":{"line":5,"column":31}}}},"statementMap":{"1":{"start":{"line":1,"column":0},"end":{"line":1,"column":30}},"2":{"start":{"line":2,"column":0},"end":{"line":2,"column":28}},"3":{"start":{"line":4,"column":0},"end":{"line":4,"column":26}},"4":{"start":{"line":5,"column":0},"end":{"line":61,"column":1}},"5":{"start":{"line":7,"column":2},"end":{"line":7,"column":23}},"6":{"start":{"line":8,"column":2},"end":{"line":8,"column":36}},"7":{"start":{"line":9,"column":2},"end":{"line":12,"column":3}},"8":{"start":{"line":10,"column":4},"end":{"line":10,"column":44}},"9":{"start":{"line":11,"column":4},"end":{"line":11,"column":35}},"10":{"start":{"line":13,"column":2},"end":{"line":57,"column":4}},"11":{"start":{"line":59,"column":2},"end":{"line":59,"column":27}},"12":{"start":{"line":60,"column":2},"end":{"line":60,"column":25}},"13":{"start":{"line":63,"column":0},"end":{"line":70,"column":1}}},"branchMap":{"1":{"line":9,"type":"if","locations":[{"start":{"line":9,"column":2},"end":{"line":9,"column":2}},{"start":{"line":9,"column":2},"end":{"line":9,"column":2}}]}},"code":["var subarg = require('subarg')","var xtend = require('xtend')","","module.exports = parseArgs","function parseArgs (args, opt) {","  // before parsing subarg, remove the bundler arguments","  var bundlerFlags = []","  var stopIndex = args.indexOf('--')","  if (stopIndex >= 0) {","    bundlerFlags = args.slice(stopIndex + 1)","    args = args.slice(0, stopIndex)","  }","  var argv = subarg(args, {","    boolean: [","      'stream',","      'debug',","      'errorHandler',","      'forceDefaultIndex',","      'open',","      'portfind',","      'ndjson',","      'verbose',","      'cors',","      'ssl'","    ],","    string: [","      'host',","      'port',","      'dir',","      'onupdate',","      'serve',","      'title',","      'watchGlob',","      'cert',","      'key'","    ],","    default: module.exports.defaults,","    alias: {","      port: 'p',","      ssl: 'S',","      serve: 's',","      cert: 'C',","      key: 'K',","      verbose: 'v',","      help: 'h',","      host: 'H',","      dir: 'd',","      live: 'l',","      open: 'o',","      staticOptions: [ 'static-options' ],","      watchGlob: [ 'wg', 'watch-glob' ],","      errorHandler: 'error-handler',","      forceDefaultIndex: 'force-default-index',","      pushstate: 'P'","    },","    '--': true","  })","  // add back in the bundler flags","  argv['--'] = bundlerFlags","  return xtend(argv, opt)","}","","module.exports.defaults = {","  title: 'budo',","  port: 9966,","  debug: true,","  stream: true,","  errorHandler: true,","  portfind: true","}",""],"l":{"1":1,"2":1,"4":1,"5":1,"7":1,"8":1,"9":1,"10":0,"11":0,"13":1,"59":1,"60":1,"63":1}},"/home/travis/build/npmtest/node-npmtest-budo/node_modules/budo/lib/budo.js":{"path":"/home/travis/build/npmtest/node-npmtest-budo/node_modules/budo/lib/budo.js","s":{"1":1,"2":1,"3":1,"4":1,"5":1,"6":1,"7":1,"8":1,"9":1,"10":1,"11":1,"12":1,"13":1,"14":1,"15":1,"16":1,"17":1,"18":1,"19":1,"20":1,"21":1,"22":0,"23":0,"24":1,"25":1,"26":1,"27":1,"28":1,"29":1,"30":1,"31":1,"32":1,"33":1,"34":1,"35":1,"36":0,"37":1,"38":0,"39":1,"40":0,"41":1,"42":1,"43":1,"44":1,"45":1,"46":0,"47":0,"48":0,"49":0,"50":0,"51":0,"52":0,"53":0,"54":0,"55":0,"56":0,"57":0,"58":0,"59":0,"60":0,"61":0,"62":0,"63":0,"64":1,"65":1,"66":1,"67":1,"68":1,"69":1,"70":1,"71":1,"72":1,"73":1,"74":1,"75":1,"76":1,"77":0,"78":0,"79":0,"80":0,"81":0,"82":0,"83":1,"84":1,"85":0,"86":0,"87":1,"88":1,"89":1,"90":1,"91":0,"92":0,"93":0,"94":0,"95":1,"96":0,"97":0,"98":0,"99":1,"100":0,"101":0,"102":0,"103":0,"104":0,"105":0,"106":0,"107":0,"108":0,"109":0,"110":1,"111":0,"112":0,"113":0,"114":0,"115":0,"116":0,"117":0,"118":1,"119":1,"120":1,"121":1,"122":0,"123":1,"124":1,"125":1,"126":1,"127":1,"128":0,"129":1,"130":0,"131":0,"132":1,"133":1,"134":0,"135":0,"136":0,"137":0,"138":1,"139":1,"140":1,"141":0,"142":1,"143":1,"144":1,"145":1,"146":1,"147":1,"148":1,"149":1,"150":1,"151":1,"152":0,"153":1,"154":0,"155":1,"156":0,"157":0,"158":0,"159":0,"160":0,"161":0,"162":0,"163":0,"164":0,"165":0,"166":0,"167":0,"168":0,"169":0,"170":0,"171":0},"b":{"1":[0,1],"2":[1,1,0],"3":[1,0],"4":[1,0],"5":[1,0],"6":[0,1],"7":[0,1],"8":[1,0],"9":[0,1],"10":[1,1],"11":[1,0],"12":[1,0],"13":[0,1],"14":[1,1,0],"15":[0,0],"16":[0,0],"17":[0,0],"18":[0,0],"19":[1,1],"20":[0,1],"21":[0,0],"22":[0,0],"23":[0,0],"24":[0,1],"25":[0,0],"26":[0,0,0],"27":[0,0],"28":[0,0],"29":[0,0],"30":[0,0],"31":[0,0],"32":[0,0],"33":[0,0],"34":[0,0],"35":[1,0],"36":[0,1],"37":[1,0],"38":[0,1],"39":[0,1],"40":[0,0],"41":[1,1],"42":[0,1],"43":[0,1],"44":[0,1],"45":[0,1],"46":[0,1],"47":[0,0],"48":[0,0],"49":[0,0],"50":[0,0],"51":[0,0],"52":[0,0]},"f":{"1":2,"2":1,"3":0,"4":0,"5":0,"6":0,"7":0,"8":0,"9":1,"10":0,"11":0,"12":0,"13":0,"14":1,"15":1,"16":0,"17":1,"18":0},"fnMap":{"1":{"name":"(anonymous_1)","line":19,"loc":{"start":{"line":19,"column":11},"end":{"line":19,"column":23}}},"2":{"name":"createBudo","line":22,"loc":{"start":{"line":22,"column":0},"end":{"line":22,"column":36}}},"3":{"name":"(anonymous_3)","line":60,"loc":{"start":{"line":60,"column":36},"end":{"line":60,"column":53}}},"4":{"name":"(anonymous_4)","line":82,"loc":{"start":{"line":82,"column":22},"end":{"line":82,"column":36}}},"5":{"name":"(anonymous_5)","line":98,"loc":{"start":{"line":98,"column":24},"end":{"line":98,"column":39}}},"6":{"name":"(anonymous_6)","line":105,"loc":{"start":{"line":105,"column":25},"end":{"line":105,"column":51}}},"7":{"name":"(anonymous_7)","line":136,"loc":{"start":{"line":136,"column":19},"end":{"line":136,"column":39}}},"8":{"name":"(anonymous_8)","line":142,"loc":{"start":{"line":142,"column":21},"end":{"line":142,"column":33}}},"9":{"name":"(anonymous_9)","line":148,"loc":{"start":{"line":148,"column":33},"end":{"line":148,"column":64}}},"10":{"name":"defaultFileEvent","line":162,"loc":{"start":{"line":162,"column":2},"end":{"line":162,"column":35}}},"11":{"name":"reload","line":171,"loc":{"start":{"line":171,"column":2},"end":{"line":171,"column":25}}},"12":{"name":"watch","line":179,"loc":{"start":{"line":179,"column":2},"end":{"line":179,"column":34}}},"13":{"name":"live","line":196,"loc":{"start":{"line":196,"column":2},"end":{"line":196,"column":27}}},"14":{"name":"getHostAddress","line":212,"loc":{"start":{"line":212,"column":2},"end":{"line":212,"column":33}}},"15":{"name":"handlePorts","line":229,"loc":{"start":{"line":229,"column":2},"end":{"line":229,"column":37}}},"16":{"name":"(anonymous_16)","line":239,"loc":{"start":{"line":239,"column":23},"end":{"line":239,"column":38}}},"17":{"name":"connect","line":253,"loc":{"start":{"line":253,"column":2},"end":{"line":253,"column":22}}},"18":{"name":"close","line":292,"loc":{"start":{"line":292,"column":2},"end":{"line":292,"column":20}}}},"statementMap":{"1":{"start":{"line":1,"column":0},"end":{"line":1,"column":26}},"2":{"start":{"line":2,"column":0},"end":{"line":2,"column":28}},"3":{"start":{"line":3,"column":0},"end":{"line":3,"column":26}},"4":{"start":{"line":4,"column":0},"end":{"line":4,"column":26}},"5":{"start":{"line":5,"column":0},"end":{"line":5,"column":49}},"6":{"start":{"line":6,"column":0},"end":{"line":6,"column":35}},"7":{"start":{"line":7,"column":0},"end":{"line":7,"column":28}},"8":{"start":{"line":8,"column":0},"end":{"line":8,"column":39}},"9":{"start":{"line":9,"column":0},"end":{"line":9,"column":32}},"10":{"start":{"line":11,"column":0},"end":{"line":11,"column":47}},"11":{"start":{"line":12,"column":0},"end":{"line":12,"column":37}},"12":{"start":{"line":13,"column":0},"end":{"line":13,"column":38}},"13":{"start":{"line":14,"column":0},"end":{"line":14,"column":40}},"14":{"start":{"line":15,"column":0},"end":{"line":15,"column":45}},"15":{"start":{"line":16,"column":0},"end":{"line":16,"column":51}},"16":{"start":{"line":17,"column":0},"end":{"line":17,"column":37}},"17":{"start":{"line":19,"column":0},"end":{"line":19,"column":25}},"18":{"start":{"line":21,"column":0},"end":{"line":21,"column":27}},"19":{"start":{"line":22,"column":0},"end":{"line":308,"column":1}},"20":{"start":{"line":23,"column":2},"end":{"line":23,"column":24}},"21":{"start":{"line":26,"column":2},"end":{"line":29,"column":3}},"22":{"start":{"line":27,"column":4},"end":{"line":27,"column":18}},"23":{"start":{"line":28,"column":4},"end":{"line":28,"column":16}},"24":{"start":{"line":32,"column":2},"end":{"line":32,"column":53}},"25":{"start":{"line":33,"column":2},"end":{"line":33,"column":25}},"26":{"start":{"line":36,"column":2},"end":{"line":36,"column":26}},"27":{"start":{"line":39,"column":2},"end":{"line":54,"column":3}},"28":{"start":{"line":41,"column":4},"end":{"line":48,"column":5}},"29":{"start":{"line":42,"column":6},"end":{"line":45,"column":8}},"30":{"start":{"line":46,"column":6},"end":{"line":46,"column":30}},"31":{"start":{"line":47,"column":6},"end":{"line":47,"column":26}},"32":{"start":{"line":50,"column":4},"end":{"line":53,"column":6}},"33":{"start":{"line":57,"column":2},"end":{"line":57,"column":46}},"34":{"start":{"line":59,"column":2},"end":{"line":59,"column":42}},"35":{"start":{"line":60,"column":2},"end":{"line":62,"column":4}},"36":{"start":{"line":61,"column":4},"end":{"line":61,"column":21}},"37":{"start":{"line":64,"column":2},"end":{"line":68,"column":3}},"38":{"start":{"line":65,"column":4},"end":{"line":65,"column":67}},"39":{"start":{"line":66,"column":9},"end":{"line":68,"column":3}},"40":{"start":{"line":67,"column":4},"end":{"line":67,"column":36}},"41":{"start":{"line":71,"column":2},"end":{"line":73,"column":3}},"42":{"start":{"line":72,"column":4},"end":{"line":72,"column":23}},"43":{"start":{"line":75,"column":2},"end":{"line":75,"column":34}},"44":{"start":{"line":76,"column":2},"end":{"line":76,"column":25}},"45":{"start":{"line":78,"column":2},"end":{"line":113,"column":3}},"46":{"start":{"line":79,"column":4},"end":{"line":79,"column":45}},"47":{"start":{"line":80,"column":4},"end":{"line":80,"column":35}},"48":{"start":{"line":82,"column":4},"end":{"line":94,"column":6}},"49":{"start":{"line":83,"column":6},"end":{"line":93,"column":7}},"50":{"start":{"line":84,"column":8},"end":{"line":84,"column":29}},"51":{"start":{"line":85,"column":8},"end":{"line":85,"column":25}},"52":{"start":{"line":86,"column":8},"end":{"line":86,"column":30}},"53":{"start":{"line":87,"column":8},"end":{"line":87,"column":27}},"54":{"start":{"line":88,"column":8},"end":{"line":91,"column":9}},"55":{"start":{"line":92,"column":8},"end":{"line":92,"column":20}},"56":{"start":{"line":98,"column":4},"end":{"line":100,"column":6}},"57":{"start":{"line":99,"column":6},"end":{"line":99,"column":62}},"58":{"start":{"line":101,"column":4},"end":{"line":101,"column":74}},"59":{"start":{"line":102,"column":4},"end":{"line":102,"column":62}},"60":{"start":{"line":103,"column":4},"end":{"line":103,"column":64}},"61":{"start":{"line":105,"column":4},"end":{"line":112,"column":6}},"62":{"start":{"line":106,"column":6},"end":{"line":111,"column":7}},"63":{"start":{"line":107,"column":8},"end":{"line":110,"column":10}},"64":{"start":{"line":115,"column":2},"end":{"line":115,"column":60}},"65":{"start":{"line":116,"column":2},"end":{"line":116,"column":19}},"66":{"start":{"line":117,"column":2},"end":{"line":117,"column":20}},"67":{"start":{"line":118,"column":2},"end":{"line":118,"column":21}},"68":{"start":{"line":119,"column":2},"end":{"line":119,"column":24}},"69":{"start":{"line":120,"column":2},"end":{"line":120,"column":21}},"70":{"start":{"line":121,"column":2},"end":{"line":121,"column":26}},"71":{"start":{"line":122,"column":2},"end":{"line":122,"column":25}},"72":{"start":{"line":125,"column":2},"end":{"line":125,"column":29}},"73":{"start":{"line":126,"column":2},"end":{"line":126,"column":25}},"74":{"start":{"line":127,"column":2},"end":{"line":127,"column":21}},"75":{"start":{"line":128,"column":2},"end":{"line":128,"column":23}},"76":{"start":{"line":131,"column":2},"end":{"line":145,"column":3}},"77":{"start":{"line":132,"column":4},"end":{"line":132,"column":79}},"78":{"start":{"line":133,"column":4},"end":{"line":144,"column":8}},"79":{"start":{"line":137,"column":8},"end":{"line":139,"column":9}},"80":{"start":{"line":138,"column":10},"end":{"line":138,"column":16}},"81":{"start":{"line":140,"column":8},"end":{"line":140,"column":30}},"82":{"start":{"line":143,"column":8},"end":{"line":143,"column":36}},"83":{"start":{"line":148,"column":2},"end":{"line":158,"column":4}},"84":{"start":{"line":149,"column":4},"end":{"line":152,"column":5}},"85":{"start":{"line":150,"column":6},"end":{"line":150,"column":32}},"86":{"start":{"line":151,"column":6},"end":{"line":151,"column":12}},"87":{"start":{"line":154,"column":4},"end":{"line":154,"column":27}},"88":{"start":{"line":157,"column":4},"end":{"line":157,"column":31}},"89":{"start":{"line":160,"column":2},"end":{"line":160,"column":16}},"90":{"start":{"line":162,"column":2},"end":{"line":169,"column":3}},"91":{"start":{"line":163,"column":4},"end":{"line":163,"column":38}},"92":{"start":{"line":164,"column":4},"end":{"line":167,"column":5}},"93":{"start":{"line":166,"column":6},"end":{"line":166,"column":12}},"94":{"start":{"line":168,"column":4},"end":{"line":168,"column":24}},"95":{"start":{"line":171,"column":2},"end":{"line":176,"column":3}},"96":{"start":{"line":172,"column":4},"end":{"line":172,"column":64}},"97":{"start":{"line":173,"column":4},"end":{"line":175,"column":5}},"98":{"start":{"line":174,"column":6},"end":{"line":174,"column":27}},"99":{"start":{"line":179,"column":2},"end":{"line":193,"column":3}},"100":{"start":{"line":180,"column":4},"end":{"line":191,"column":5}},"101":{"start":{"line":181,"column":6},"end":{"line":181,"column":62}},"102":{"start":{"line":184,"column":6},"end":{"line":184,"column":42}},"103":{"start":{"line":184,"column":23},"end":{"line":184,"column":42}},"104":{"start":{"line":185,"column":6},"end":{"line":185,"column":62}},"105":{"start":{"line":186,"column":6},"end":{"line":186,"column":50}},"106":{"start":{"line":187,"column":6},"end":{"line":187,"column":53}},"107":{"start":{"line":189,"column":6},"end":{"line":189,"column":51}},"108":{"start":{"line":190,"column":6},"end":{"line":190,"column":66}},"109":{"start":{"line":192,"column":4},"end":{"line":192,"column":18}},"110":{"start":{"line":196,"column":2},"end":{"line":210,"column":3}},"111":{"start":{"line":197,"column":4},"end":{"line":208,"column":5}},"112":{"start":{"line":198,"column":6},"end":{"line":198,"column":54}},"113":{"start":{"line":201,"column":6},"end":{"line":201,"column":36}},"114":{"start":{"line":201,"column":20},"end":{"line":201,"column":36}},"115":{"start":{"line":204,"column":6},"end":{"line":204,"column":44}},"116":{"start":{"line":207,"column":6},"end":{"line":207,"column":49}},"117":{"start":{"line":209,"column":4},"end":{"line":209,"column":18}},"118":{"start":{"line":212,"column":2},"end":{"line":227,"column":3}},"119":{"start":{"line":215,"column":4},"end":{"line":222,"column":5}},"120":{"start":{"line":216,"column":6},"end":{"line":216,"column":37}},"121":{"start":{"line":217,"column":6},"end":{"line":221,"column":7}},"122":{"start":{"line":220,"column":8},"end":{"line":220,"column":19}},"123":{"start":{"line":223,"column":4},"end":{"line":225,"column":5}},"124":{"start":{"line":224,"column":6},"end":{"line":224,"column":25}},"125":{"start":{"line":226,"column":4},"end":{"line":226,"column":15}},"126":{"start":{"line":229,"column":2},"end":{"line":251,"column":3}},"127":{"start":{"line":230,"column":4},"end":{"line":230,"column":22}},"128":{"start":{"line":230,"column":16},"end":{"line":230,"column":22}},"129":{"start":{"line":231,"column":4},"end":{"line":234,"column":5}},"130":{"start":{"line":232,"column":6},"end":{"line":232,"column":32}},"131":{"start":{"line":233,"column":6},"end":{"line":233,"column":12}},"132":{"start":{"line":236,"column":4},"end":{"line":236,"column":27}},"133":{"start":{"line":239,"column":4},"end":{"line":246,"column":6}},"134":{"start":{"line":240,"column":6},"end":{"line":245,"column":7}},"135":{"start":{"line":241,"column":8},"end":{"line":241,"column":56}},"136":{"start":{"line":242,"column":8},"end":{"line":242,"column":34}},"137":{"start":{"line":244,"column":8},"end":{"line":244,"column":34}},"138":{"start":{"line":250,"column":4},"end":{"line":250,"column":61}},"139":{"start":{"line":253,"column":2},"end":{"line":290,"column":3}},"140":{"start":{"line":254,"column":4},"end":{"line":254,"column":22}},"141":{"start":{"line":254,"column":16},"end":{"line":254,"column":22}},"142":{"start":{"line":255,"column":4},"end":{"line":255,"column":18}},"143":{"start":{"line":258,"column":4},"end":{"line":258,"column":41}},"144":{"start":{"line":260,"column":4},"end":{"line":260,"column":24}},"145":{"start":{"line":261,"column":4},"end":{"line":261,"column":46}},"146":{"start":{"line":262,"column":4},"end":{"line":262,"column":61}},"147":{"start":{"line":264,"column":4},"end":{"line":264,"column":73}},"148":{"start":{"line":267,"column":4},"end":{"line":267,"column":19}},"149":{"start":{"line":268,"column":4},"end":{"line":268,"column":18}},"150":{"start":{"line":271,"column":4},"end":{"line":280,"column":6}},"151":{"start":{"line":284,"column":4},"end":{"line":284,"column":33}},"152":{"start":{"line":284,"column":17},"end":{"line":284,"column":33}},"153":{"start":{"line":287,"column":4},"end":{"line":289,"column":5}},"154":{"start":{"line":288,"column":6},"end":{"line":288,"column":18}},"155":{"start":{"line":292,"column":2},"end":{"line":307,"column":3}},"156":{"start":{"line":293,"column":4},"end":{"line":293,"column":49}},"157":{"start":{"line":294,"column":4},"end":{"line":298,"column":5}},"158":{"start":{"line":295,"column":6},"end":{"line":295,"column":32}},"159":{"start":{"line":297,"column":6},"end":{"line":297,"column":28}},"160":{"start":{"line":300,"column":4},"end":{"line":300,"column":29}},"161":{"start":{"line":300,"column":17},"end":{"line":300,"column":29}},"162":{"start":{"line":301,"column":4},"end":{"line":301,"column":31}},"163":{"start":{"line":301,"column":17},"end":{"line":301,"column":31}},"164":{"start":{"line":302,"column":4},"end":{"line":302,"column":34}},"165":{"start":{"line":302,"column":18},"end":{"line":302,"column":34}},"166":{"start":{"line":303,"column":4},"end":{"line":303,"column":32}},"167":{"start":{"line":303,"column":17},"end":{"line":303,"column":32}},"168":{"start":{"line":304,"column":4},"end":{"line":304,"column":40}},"169":{"start":{"line":304,"column":21},"end":{"line":304,"column":40}},"170":{"start":{"line":305,"column":4},"end":{"line":305,"column":17}},"171":{"start":{"line":306,"column":4},"end":{"line":306,"column":19}}},"branchMap":{"1":{"line":26,"type":"if","locations":[{"start":{"line":26,"column":2},"end":{"line":26,"column":2}},{"start":{"line":26,"column":2},"end":{"line":26,"column":2}}]},"2":{"line":26,"type":"binary-expr","locations":[{"start":{"line":26,"column":6},"end":{"line":26,"column":13}},{"start":{"line":26,"column":17},"end":{"line":26,"column":40}},{"start":{"line":26,"column":44},"end":{"line":26,"column":71}}]},"3":{"line":33,"type":"binary-expr","locations":[{"start":{"line":33,"column":12},"end":{"line":33,"column":19}},{"start":{"line":33,"column":23},"end":{"line":33,"column":25}}]},"4":{"line":39,"type":"if","locations":[{"start":{"line":39,"column":2},"end":{"line":39,"column":2}},{"start":{"line":39,"column":2},"end":{"line":39,"column":2}}]},"5":{"line":41,"type":"if","locations":[{"start":{"line":41,"column":4},"end":{"line":41,"column":4}},{"start":{"line":41,"column":4},"end":{"line":41,"column":4}}]},"6":{"line":43,"type":"cond-expr","locations":[{"start":{"line":43,"column":30},"end":{"line":43,"column":37}},{"start":{"line":43,"column":40},"end":{"line":43,"column":46}}]},"7":{"line":64,"type":"if","locations":[{"start":{"line":64,"column":2},"end":{"line":64,"column":2}},{"start":{"line":64,"column":2},"end":{"line":64,"column":2}}]},"8":{"line":64,"type":"binary-expr","locations":[{"start":{"line":64,"column":6},"end":{"line":64,"column":16}},{"start":{"line":64,"column":20},"end":{"line":64,"column":50}}]},"9":{"line":66,"type":"if","locations":[{"start":{"line":66,"column":9},"end":{"line":66,"column":9}},{"start":{"line":66,"column":9},"end":{"line":66,"column":9}}]},"10":{"line":66,"type":"binary-expr","locations":[{"start":{"line":66,"column":13},"end":{"line":66,"column":24}},{"start":{"line":66,"column":28},"end":{"
[...]
:1,"column":0},"end":{"line":1,"column":38}},"2":{"start":{"line":2,"column":0},"end":{"line":2,"column":26}},"3":{"start":{"line":3,"column":0},"end":{"line":3,"column":22}},"4":{"start":{"line":4,"column":0},"end":{"line":4,"column":35}},"5":{"start":{"line":6,"column":0},"end":{"line":6,"column":56}},"6":{"start":{"line":7,"column":0},"end":{"line":7,"column":73}},"7":{"start":{"line":8,"column":0},"end":{"line":8,"column":76}},"8":{"start":{"line":10,"column":0},"end":{"line":24,"column":2}},"9":{"start":{"line":11,"column":2},"end":{"line":11,"column":28}},"10":{"start":{"line":11,"column":11},"end":{"line":11,"column":28}},"11":{"start":{"line":12,"column":2},"end":{"line":23,"column":4}},"12":{"start":{"line":13,"column":4},"end":{"line":13,"column":30}},"13":{"start":{"line":13,"column":13},"end":{"line":13,"column":30}},"14":{"start":{"line":14,"column":4},"end":{"line":14,"column":14}},"15":{"start":{"line":15,"column":4},"end":{"line":19,"column":5}},"16":{"start":{"line":16,"column":6},"end":{"line":16,"column":73}},"17":{"start":{"line":18,"column":6},"end":{"line":18,"column":23}},"18":{"start":{"line":20,"column":4},"end":{"line":22,"column":6}},"19":{"start":{"line":21,"column":6},"end":{"line":21,"column":25}},"20":{"start":{"line":21,"column":15},"end":{"line":21,"column":25}},"21":{"start":{"line":26,"column":0},"end":{"line":31,"column":1}},"22":{"start":{"line":27,"column":2},"end":{"line":30,"column":4}},"23":{"start":{"line":28,"column":4},"end":{"line":28,"column":48}},"24":{"start":{"line":28,"column":38},"end":{"line":28,"column":48}},"25":{"start":{"line":29,"column":4},"end":{"line":29,"column":11}},"26":{"start":{"line":33,"column":0},"end":{"line":37,"column":1}},"27":{"start":{"line":34,"column":2},"end":{"line":35,"column":53}},"28":{"start":{"line":36,"column":2},"end":{"line":36,"column":20}}},"branchMap":{"1":{"line":11,"type":"if","locations":[{"start":{"line":11,"column":2},"end":{"line":11,"column":2}},{"start":{"line":11,"column":2},"end":{"line":11,"column":2}}]},"2":{"line":13,"type":"if","locations":[{"start":{"line":13,"column":4},"end":{"line":13,"column":4}},{"start":{"line":13,"column":4},"end":{"line":13,"column":4}}]},"3":{"line":21,"type":"if","locations":[{"start":{"line":21,"column":6},"end":{"line":21,"column":6}},{"start":{"line":21,"column":6},"end":{"line":21,"column":6}}]},"4":{"line":28,"type":"if","locations":[{"start":{"line":28,"column":4},"end":{"line":28,"column":4}},{"start":{"line":28,"column":4},"end":{"line":28,"column":4}}]},"5":{"line":28,"type":"binary-expr","locations":[{"start":{"line":28,"column":8},"end":{"line":28,"column":11}},{"start":{"line":28,"column":15},"end":{"line":28,"column":36}}]}},"code":["var browserify = require('browserify')","var path = require('path')","var fs = require('fs')","var UglifyJS = require('uglify-js')","","var buildFolder = path.resolve(__dirname, '..', 'build')","var buildFile = path.resolve(buildFolder, 'bundled-livereload-client.js')","var clientFile = path.resolve(__dirname, '..', 'lib', 'reload', 'client.js')","","mkdir(buildFolder, function (err) {","  if (err) return error(err)","  browserify().add(clientFile).bundle(function (err, src) {","    if (err) return error(err)","    var result","    try {","      result = UglifyJS.minify(src.toString(), { fromString: true }).code","    } catch (err) {","      return error(err)","    }","    fs.writeFile(buildFile, result, function (err) {","      if (err) error(err)","    })","  })","})","","function mkdir (path, cb) {","  fs.mkdir(path, function (err) {","    if (err && err.code === 'EEXIST') err = null","    cb(err)","  })","}","","function error (err) {","  console.error('ERROR: Could not bundle LiveReload client, budo ' +","    'will fall back to browserifying it on the fly.')","  console.error(err)","}",""],"l":{"1":2,"2":2,"3":2,"4":2,"6":0,"7":0,"8":0,"10":0,"11":0,"12":0,"13":0,"14":0,"15":0,"16":0,"18":0,"20":0,"21":0,"26":1,"27":0,"28":0,"29":0,"33":1,"34":0,"36":0}},"/home/travis/build/npmtest/node-npmtest-budo/node_modules/budo/bin/cmd.js":{"path":"/home/travis/build/npmtest/node-npmtest-budo/node_modules/budo/bin/cmd.js","s":{"1":1,"2":1},"b":{},"f":{},"fnMap":{},"statementMap":{"1":{"start":{"line":6,"column":0},"end":{"line":6,"column":32}},"2":{"start":{"line":7,"column":0},"end":{"line":7,"column":24}}},"branchMap":{},"code":["//#!/usr/bin/env node","","// Starts budo with stdout","// Handles --help and error messaging","// Uses auto port-finding","var args = process.argv.slice(2)","require('../').cli(args)",""],"l":{"6":1,"7":1}},"/home/travis/build/npmtest/node-npmtest-budo/node_modules/budo/lib/reload/client.js":{"path":"/home/travis/build/npmtest/node-npmtest-budo/node_modules/budo/lib/reload/client.js","s":{"1":2,"2":0,"3":1,"4":0,"5":0,"6":0,"7":0,"8":0,"9":0,"10":0,"11":0,"12":0,"13":0,"14":0,"15":0,"16":0,"17":0,"18":0,"19":0,"20":0,"21":0,"22":0,"23":0,"24":0,"25":0,"26":0,"27":1,"28":0,"29":0,"30":0,"31":0,"32":0,"33":0,"34":0,"35":0,"36":0,"37":0,"38":0,"39":0,"40":0,"41":0,"42":0,"43":1,"44":0,"45":0,"46":0,"47":0,"48":1,"49":0,"50":0,"51":0,"52":0,"53":0,"54":0,"55":0,"56":0,"57":0,"58":0,"59":0,"60":0,"61":0,"62":0,"63":0,"64":0,"65":0,"66":0,"67":0,"68":0,"69":0,"70":0,"71":0,"72":0,"73":0,"74":0,"75":0,"76":0,"77":0,"78":0,"79":0,"80":1,"81":0},"b":{"1":[0,0],"2":[0,0],"3":[0,0],"4":[0,0],"5":[0,0],"6":[0,0],"7":[0,0],"8":[0,0],"9":[0,0],"10":[0,0],"11":[0,0],"12":[0,0],"13":[0,0],"14":[0,0],"15":[0,0],"16":[0,0],"17":[0,0]},"f":{"1":0,"2":0,"3":0,"4":0,"5":0,"6":0,"7":0,"8":0,"9":0,"10":0,"11":0,"12":0,"13":0,"14":0},"fnMap":{"1":{"name":"connect","line":4,"loc":{"start":{"line":4,"column":0},"end":{"line":4,"column":20}}},"2":{"name":"(anonymous_2)","line":22,"loc":{"start":{"line":22,"column":10},"end":{"line":22,"column":29}}},"3":{"name":"(anonymous_3)","line":30,"loc":{"start":{"line":30,"column":12},"end":{"line":30,"column":26}}},"4":{"name":"scheduleReconnect","line":42,"loc":{"start":{"line":42,"column":2},"end":{"line":42,"column":32}}},"5":{"name":"reconnect","line":69,"loc":{"start":{"line":69,"column":2},"end":{"line":69,"column":24}}},"6":{"name":"(anonymous_6)","line":72,"loc":{"start":{"line":72,"column":23},"end":{"line":72,"column":35}}},"7":{"name":"createWebSocket","line":78,"loc":{"start":{"line":78,"column":2},"end":{"line":78,"column":30}}},"8":{"name":"(anonymous_8)","line":82,"loc":{"start":{"line":82,"column":19},"end":{"line":82,"column":36}}},"9":{"name":"(anonymous_9)","line":100,"loc":{"start":{"line":100,"column":24},"end":{"line":100,"column":44}}},"10":{"name":"(anonymous_10)","line":104,"loc":{"start":{"line":104,"column":17},"end":{"line":104,"column":31}}},"11":{"name":"(anonymous_11)","line":111,"loc":{"start":{"line":111,"column":16},"end":{"line":111,"column":28}}},"12":{"name":"(anonymous_12)","line":118,"loc":{"start":{"line":118,"column":23},"end":{"line":118,"column":42}}},"13":{"name":"(anonymous_13)","line":124,"loc":{"start":{"line":124,"column":17},"end":{"line":124,"column":29}}},"14":{"name":"reloadPage","line":131,"loc":{"start":{"line":131,"column":0},"end":{"line":131,"column":23}}}},"statementMap":{"1":{"start":{"line":1,"column":0},"end":{"line":1,"column":37}},"2":{"start":{"line":2,"column":0},"end":{"line":2,"column":26}},"3":{"start":{"line":4,"column":0},"end":{"line":129,"column":1}},"4":{"start":{"line":5,"column":2},"end":{"line":5,"column":26}},"5":{"start":{"line":6,"column":2},"end":{"line":6,"column":21}},"6":{"start":{"line":7,"column":2},"end":{"line":7,"column":17}},"7":{"start":{"line":8,"column":2},"end":{"line":8,"column":23}},"8":{"start":{"line":9,"column":2},"end":{"line":9,"column":28}},"9":{"start":{"line":10,"column":2},"end":{"line":10,"column":43}},"10":{"start":{"line":11,"column":2},"end":{"line":11,"column":43}},"11":{"start":{"line":12,"column":2},"end":{"line":12,"column":35}},"12":{"start":{"line":13,"column":2},"end":{"line":13,"column":34}},"13":{"start":{"line":15,"column":2},"end":{"line":15,"column":65}},"14":{"start":{"line":16,"column":2},"end":{"line":16,"column":39}},"15":{"start":{"line":17,"column":2},"end":{"line":17,"column":17}},"16":{"start":{"line":18,"column":2},"end":{"line":18,"column":32}},"17":{"start":{"line":19,"column":2},"end":{"line":19,"column":20}},"18":{"start":{"line":21,"column":2},"end":{"line":38,"column":3}},"19":{"start":{"line":23,"column":6},"end":{"line":23,"column":39}},"20":{"start":{"line":24,"column":6},"end":{"line":28,"column":7}},"21":{"start":{"line":25,"column":8},"end":{"line":25,"column":28}},"22":{"start":{"line":27,"column":8},"end":{"line":27,"column":28}},"23":{"start":{"line":31,"column":6},"end":{"line":33,"column":7}},"24":{"start":{"line":32,"column":8},"end":{"line":32,"column":53}},"25":{"start":{"line":34,"column":6},"end":{"line":34,"column":24}},"26":{"start":{"line":40,"column":2},"end":{"line":40,"column":12}},"27":{"start":{"line":42,"column":2},"end":{"line":67,"column":3}},"28":{"start":{"line":43,"column":4},"end":{"line":50,"column":5}},"29":{"start":{"line":45,"column":6},"end":{"line":48,"column":43}},"30":{"start":{"line":49,"column":6},"end":{"line":49,"column":12}},"31":{"start":{"line":51,"column":4},"end":{"line":55,"column":5}},"32":{"start":{"line":53,"column":6},"end":{"line":53,"column":86}},"33":{"start":{"line":54,"column":6},"end":{"line":54,"column":12}},"34":{"start":{"line":56,"column":4},"end":{"line":59,"column":5}},"35":{"start":{"line":57,"column":6},"end":{"line":57,"column":108}},"36":{"start":{"line":58,"column":6},"end":{"line":58,"column":12}},"37":{"start":{"line":60,"column":4},"end":{"line":63,"column":5}},"38":{"start":{"line":61,"column":6},"end":{"line":61,"column":27}},"39":{"start":{"line":62,"column":6},"end":{"line":62,"column":65}},"40":{"start":{"line":64,"column":4},"end":{"line":64,"column":13}},"41":{"start":{"line":65,"column":4},"end":{"line":65,"column":35}},"42":{"start":{"line":66,"column":4},"end":{"line":66,"column":60}},"43":{"start":{"line":69,"column":2},"end":{"line":76,"column":3}},"44":{"start":{"line":70,"column":4},"end":{"line":74,"column":5}},"45":{"start":{"line":72,"column":6},"end":{"line":72,"column":37}},"46":{"start":{"line":73,"column":6},"end":{"line":73,"column":20}},"47":{"start":{"line":75,"column":4},"end":{"line":75,"column":30}},"48":{"start":{"line":78,"column":2},"end":{"line":128,"column":3}},"49":{"start":{"line":79,"column":4},"end":{"line":79,"column":47}},"50":{"start":{"line":80,"column":4},"end":{"line":80,"column":49}},"51":{"start":{"line":81,"column":4},"end":{"line":81,"column":40}},"52":{"start":{"line":82,"column":4},"end":{"line":103,"column":5}},"53":{"start":{"line":83,"column":6},"end":{"line":83,"column":14}},"54":{"start":{"line":84,"column":6},"end":{"line":89,"column":7}},"55":{"start":{"line":85,"column":8},"end":{"line":85,"column":37}},"56":{"start":{"line":87,"column":8},"end":{"line":87,"column":75}},"57":{"start":{"line":88,"column":8},"end":{"line":88,"column":14}},"58":{"start":{"line":91,"column":6},"end":{"line":97,"column":7}},"59":{"start":{"line":92,"column":8},"end":{"line":96,"column":9}},"60":{"start":{"line":93,"column":10},"end":{"line":93,"column":29}},"61":{"start":{"line":95,"column":10},"end":{"line":95,"column":22}},"62":{"start":{"line":100,"column":6},"end":{"line":102,"column":8}},"63":{"start":{"line":101,"column":8},"end":{"line":101,"column":22}},"64":{"start":{"line":104,"column":4},"end":{"line":110,"column":5}},"65":{"start":{"line":105,"column":6},"end":{"line":108,"column":7}},"66":{"start":{"line":107,"column":8},"end":{"line":107,"column":14}},"67":{"start":{"line":109,"column":6},"end":{"line":109,"column":25}},"68":{"start":{"line":111,"column":4},"end":{"line":123,"column":5}},"69":{"start":{"line":112,"column":6},"end":{"line":116,"column":7}},"70":{"start":{"line":113,"column":8},"end":{"line":113,"column":30}},"71":{"start":{"line":114,"column":8},"end":{"line":114,"column":19}},"72":{"start":{"line":115,"column":8},"end":{"line":115,"column":54}},"73":{"start":{"line":117,"column":6},"end":{"line":122,"column":7}},"74":{"start":{"line":118,"column":8},"end":{"line":120,"column":10}},"75":{"start":{"line":119,"column":10},"end":{"line":119,"column":26}},"76":{"start":{"line":121,"column":8},"end":{"line":121,"column":25}},"77":{"start":{"line":124,"column":4},"end":{"line":126,"column":5}},"78":{"start":{"line":125,"column":6},"end":{"line":125,"column":18}},"79":{"start":{"line":127,"column":4},"end":{"line":127,"column":13}},"80":{"start":{"line":131,"column":0},"end":{"line":133,"column":1}},"81":{"start":{"line":132,"column":2},"end":{"line":132,"column":30}}},"branchMap":{"1":{"line":24,"type":"if","locations":[{"start":{"line":24,"column":6},"end":{"line":24,"column":6}},{"start":{"line":24,"column":6},"end":{"line":24,"column":6}}]},"2":{"line":24,"type":"binary-expr","locations":[{"start":{"line":24,"column":10},"end":{"line":24,"column":16}},{"start":{"line":24,"column":20},"end":{"line":24,"column":43}}]},"3":{"line":31,"type":"if","locations":[{"start":{"line":31,"column":6},"end":{"line":31,"column":6}},{"start":{"line":31,"column":6},"end":{"line":31,"column":6}}]},"4":{"line":43,"type":"if","locations":[{"start":{"line":43,"column":4},"end":{"line":43,"column":4}},{"start":{"line":43,"column":4},"end":{"line":43,"column":4}}]},"5":{"line":43,"type":"binary-expr","locations":[{"start":{"line":43,"column":8},"end":{"line":43,"column":13}},{"start":{"line":43,"column":17},"end":{"line":43,"column":22}}]},"6":{"line":51,"type":"if","locations":[{"start":{"line":51,"column":4},"end":{"line":51,"column":4}},{"start":{"line":51,"column":4},"end":{"line":51,"column":4}}]},"7":{"line":56,"type":"if","locations":[{"start":{"line":56,"column":4},"end":{"line":56,"column":4}},{"start":{"line":56,"column":4},"end":{"line":56,"column":4}}]},"8":{"line":60,"type":"if","locations":[{"start":{"line":60,"column":4},"end":{"line":60,"column":4}},{"start":{"line":60,"column":4},"end":{"line":60,"column":4}}]},"9":{"line":70,"type":"if","locations":[{"start":{"line":70,"column":4},"end":{"line":70,"column":4}},{"start":{"line":70,"column":4},"end":{"line":70,"column":4}}]},"10":{"line":79,"type":"cond-expr","locations":[{"start":{"line":79,"column":29},"end":{"line":79,"column":37}},{"start":{"line":79,"column":40},"end":{"line":79,"column":47}}]},"11":{"line":91,"type":"if","locations":[{"start":{"line":91,"column":6},"end":{"line":91,"column":6}},{"start":{"line":91,"column":6},"end":{"line":91,"column":6}}]},"12":{"line":92,"type":"if","locations":[{"start":{"line":92,"column":8},"end":{"line":92,"column":8}},{"start":{"line":92,"column":8},"end":{"line":92,"column":8}}]},"13":{"line":105,"type":"if","locations":[{"start":{"line":105,"column":6},"end":{"line":105,"column":6}},{"start":{"line":105,"column":6},"end":{"line":105,"column":6}}]},"14":{"line":105,"type":"binary-expr","locations":[{"start":{"line":105,"column":10},"end":{"line":105,"column":26}},{"start":{"line":105,"column":30},"end":{"line":105,"column":46}}]},"15":{"line":112,"type":"if","locations":[{"start":{"line":112,"column":6},"end":{"line":112,"column":6}},{"start":{"line":112,"column":6},"end":{"line":112,"column":6}}]},"16":{"line":117,"type":"if","locations":[{"start":{"line":117,"column":6},"end":{"line":117,"column":6}},{"start":{"line":117,"column":6},"end":{"line":117,"column":6}}]},"17":{"line":117,"type":"binary-expr","locations":[{"start":{"line":117,"column":10},"end":{"line":117,"column":23}},{"start":{"line":117,"column":27},"end":{"line":117,"column":46}}]}},"code":["var reloadCSS = require('reload-css')","module.exports = connect()","","function connect () {","  var reconnectPoll = 1000","  var maxRetries = 50","  var retries = 0","  var reconnectInterval","  var isReconnecting = false","  var protocol = document.location.protocol","  var hostname = document.location.hostname","  var port = document.location.port","  var host = hostname + ':' + port","","  var isIOS = /(iOS|iPhone|iPad|iPod)/i.test(navigator.userAgent)","  var isSSL = /^https:/i.test(protocol)","  var queued = []","  var socket = createWebSocket()","  var listeners = []","","  var api = {","    send: function (message) {","      message = JSON.stringify(message)","      if (socket && socket.readyState === 1) {","        socket.send(message)","      } else {","        queued.push(message)","      }","    },","    listen: function (cb) {","      if (typeof cb !== 'function') {","        throw new TypeError('cb must be a function!')","      }","      listeners.push(cb)","    },","    reloadPage: reloadPage,","    reloadCSS: reloadCSS","  }","","  return api","","  function scheduleReconnect () {","    if (isIOS && isSSL) {","      // Special case for iOS with a self-signed certificate.","      console.warn('[budo] LiveReload disconnected. You may need to generate and ' +","        'trust a self-signed certificate, see here:\\n' +","        'https://github.com/mattdesl/budo/blob/master/docs/' +","        'command-line-usage.md#ssl-on-ios')","      return","    }","    if (isSSL) {","      // Don't attempt to re-connect in SSL since it will likely be insecure","      console.warn('[budo] LiveReload disconnected. Please reload the page to retry.')","      return","    }","    if (retries >= maxRetries) {","      console.warn('[budo] LiveReload disconnected, exceeded retry count. Please reload the page to retry.')","      return","    }","    if (!isReconnecting) {","      isReconnecting = true","      console.warn('[budo] LiveReload disconnected, retrying...')","    }","    retries++","    clearTimeout(reconnectInterval)","    reconnectInterval = setTimeout(reconnect, reconnectPoll)","  }","","  function reconnect () {","    if (socket) {","      // force close the existing socket","      socket.onclose = function () {}","      socket.close()","    }","    socket = createWebSocket()","  }","","  function createWebSocket () {","    var wsProtocol = isSSL ? 'wss://' : 'ws://'","    var wsUrl = wsProtocol + host + '/livereload'","    var ws = new window.WebSocket(wsUrl)","    ws.onmessage = function (event) {","      var data","      try {","        data = JSON.parse(event.data)","      } catch (err) {","        console.warn('Error parsing LiveReload server data: ' + event.data)","        return","      }","","      if (data.event === 'reload') {","        if (/^\\.?css$/i.test(data.ext)) {","          reloadCSS(data.url)","        } else {","          reloadPage()","        }","      }","","      // let listeners receive data","      listeners.forEach(function (listener) {","        listener(data)","      })","    }","    ws.onclose = function (ev) {","      if (ev.code === 1000 || ev.code === 1001) {","        // Browser is navigating away.","        return","      }","      scheduleReconnect()","    }","    ws.onopen = function () {","      if (isReconnecting) {","        isReconnecting = false","        retries = 0","        console.warn('[budo] LiveReload reconnected.')","      }","      if (queued.length && ws.readyState === 1) {","        queued.forEach(function (message) {","          ws.send(message)","        })","        queued.length = 0","      }","    }","    ws.onerror = function () {","      return false","    }","    return ws","  }","}","","function reloadPage () {","  window.location.reload(true)","}","",""],"l":{"1":2,"2":0,"4":1,"5":0,"6":0,"7":0,"8":0,"9":0,"10":0,"11":0,"12":0,"13":0,"15":0,"16":0,"17":0,"18":0,"19":0,"21":0,"23":0,"24":0,"25":0,"27":0,"31":0,"32":0,"34":0,"40":0,"42":1,"43":0,"45":0,"49":0,"51":0,"53":0,"54":0,"56":0,"57":0,"58":0,"60":0,"61":0,"62":0,"64":0,"65":0,"66":0,"69":1,"70":0,"72":0,"73":0,"75":0,"78":1,"79":0,"80":0,"81":0,"82":0,"83":0,"84":0,"85":0,"87":0,"88":0,"91":0,"92":0,"93":0,"95":0,"100":0,"101":0,"104":0,"105":0,"107":0,"109":0,"111":0,"112":0,"113":0,"114":0,"115":0,"117":0,"118":0,"119":0,"121":0,"124":0,"125":0,"127":0,"131":1,"132":0}}}