{"/home/travis/build/npmtest/node-npmtest-budo/test.js":{"path":"/home/travis/build/npmtest/node-npmtest-budo/test.js","s":{"1":2,"2":2,"3":2,"4":2,"5":2,"6":2,"7":2,"8":1,"9":2,"10":2,"11":1,"12":1,"13":1,"14":1,"15":2,"16":2,"17":2,"18":2,"19":1,"20":1,"21":2,"22":2,"23":2,"24":1,"25":1,"26":1,"27":1,"28":1,"29":1,"30":1,"31":1,"32":1,"33":1,"34":1,"35":1,"36":1,"37":2,"38":2,"39":1,"40":2,"41":2,"42":1,"43":2,"44":2,"45":1,"46":2,"47":2,"48":1,"49":1,"50":1,"51":1,"52":1},"b":{"1":[2,1,1,1],"2":[1,1,1,1],"3":[1,1],"4":[1,1],"5":[1,1],"6":[1,1],"7":[1,1],"8":[1,1],"9":[1,1,1],"10":[1,1],"11":[1,1],"12":[1,1],"13":[1,1],"14":[1,1],"15":[1,1],"16":[1,1]},"f":{"1":2,"2":2,"3":2,"4":2,"5":2,"6":1,"7":1,"8":2,"9":2,"10":2,"11":2,"12":1},"fnMap":{"1":{"name":"(anonymous_1)","line":12,"loc":{"start":{"line":12,"column":1},"end":{"line":12,"column":13}}},"2":{"name":"(anonymous_2)","line":19,"loc":{"start":{"line":19,"column":5},"end":{"line":19,"column":17}}},"3":{"name":"(anonymous_3)","line":23,"loc":{"start":{"line":23,"column":24},"end":{"line":23,"column":36}}},"4":{"name":"(anonymous_4)","line":61,"loc":{"start":{"line":61,"column":5},"end":{"line":61,"column":17}}},"5":{"name":"(anonymous_5)","line":82,"loc":{"start":{"line":82,"column":5},"end":{"line":82,"column":17}}},"6":{"name":"(anonymous_6)","line":102,"loc":{"start":{"line":102,"column":83},"end":{"line":105,"column":10}},"skip":true},"7":{"name":"(anonymous_7)","line":113,"loc":{"start":{"line":113,"column":77},"end":{"line":116,"column":10}},"skip":true},"8":{"name":"(anonymous_8)","line":129,"loc":{"start":{"line":129,"column":12},"end":{"line":129,"column":40}},"skip":true},"9":{"name":"(anonymous_9)","line":137,"loc":{"start":{"line":137,"column":77},"end":{"line":140,"column":10}},"skip":true},"10":{"name":"(anonymous_10)","line":148,"loc":{"start":{"line":148,"column":83},"end":{"line":151,"column":10}},"skip":true},"11":{"name":"(anonymous_11)","line":159,"loc":{"start":{"line":159,"column":79},"end":{"line":162,"column":10}},"skip":true},"12":{"name":"(anonymous_12)","line":170,"loc":{"start":{"line":170,"column":75},"end":{"line":173,"column":10}},"skip":true}},"statementMap":{"1":{"start":{"line":12,"column":0},"end":{"line":185,"column":5}},"2":{"start":{"line":14,"column":4},"end":{"line":14,"column":14}},"3":{"start":{"line":19,"column":4},"end":{"line":56,"column":9}},"4":{"start":{"line":21,"column":8},"end":{"line":21,"column":19}},"5":{"start":{"line":23,"column":8},"end":{"line":35,"column":13}},"6":{"start":{"line":24,"column":12},"end":{"line":34,"column":13}},"7":{"start":{"line":25,"column":16},"end":{"line":28,"column":30}},"8":{"start":{"line":30,"column":16},"end":{"line":33,"column":27}},"9":{"start":{"line":37,"column":8},"end":{"line":39,"column":21}},"10":{"start":{"line":40,"column":8},"end":{"line":53,"column":9}},"11":{"start":{"line":43,"column":12},"end":{"line":46,"column":14}},"12":{"start":{"line":47,"column":12},"end":{"line":47,"column":18}},"13":{"start":{"line":50,"column":12},"end":{"line":51,"column":46}},"14":{"start":{"line":52,"column":12},"end":{"line":52,"column":18}},"15":{"start":{"line":55,"column":8},"end":{"line":55,"column":35}},"16":{"start":{"line":61,"column":4},"end":{"line":63,"column":9}},"17":{"start":{"line":62,"column":8},"end":{"line":62,"column":15}},"18":{"start":{"line":64,"column":4},"end":{"line":77,"column":5}},"19":{"start":{"line":70,"column":8},"end":{"line":70,"column":14}},"20":{"start":{"line":76,"column":8},"end":{"line":76,"column":14}},"21":{"start":{"line":82,"column":4},"end":{"line":84,"column":9}},"22":{"start":{"line":83,"column":8},"end":{"line":83,"column":15}},"23":{"start":{"line":85,"column":4},"end":{"line":184,"column":5}},"24":{"start":{"line":92,"column":8},"end":{"line":94,"column":63}},"25":{"start":{"line":95,"column":8},"end":{"line":95,"column":14}},"26":{"start":{"line":102,"column":8},"end":{"line":111,"column":10},"skip":true},"27":{"start":{"line":109,"column":12},"end":{"line":109,"column":55},"skip":true},"28":{"start":{"line":110,"column":12},"end":{"line":110,"column":48},"skip":true},"29":{"start":{"line":113,"column":8},"end":{"line":126,"column":10},"skip":true},"30":{"start":{"line":120,"column":12},"end":{"line":120,"column":76},"skip":true},"31":{"start":{"line":121,"column":12},"end":{"line":121,"column":73},"skip":true},"32":{"start":{"line":122,"column":12},"end":{"line":122,"column":74},"skip":true},"33":{"start":{"line":123,"column":12},"end":{"line":123,"column":79},"skip":true},"34":{"start":{"line":124,"column":12},"end":{"line":124,"column":25},"skip":true},"35":{"start":{"line":125,"column":12},"end":{"line":125,"column":45},"skip":true},"36":{"start":{"line":128,"column":8},"end":{"line":135,"column":14},"skip":true},"37":{"start":{"line":133,"column":16},"end":{"line":133,"column":29},"skip":true},"38":{"start":{"line":134,"column":16},"end":{"line":134,"column":55},"skip":true},"39":{"start":{"line":137,"column":8},"end":{"line":146,"column":10},"skip":true},"40":{"start":{"line":144,"column":12},"end":{"line":144,"column":25},"skip":true},"41":{"start":{"line":145,"column":12},"end":{"line":145,"column":45},"skip":true},"42":{"start":{"line":148,"column":8},"end":{"line":157,"column":10},"skip":true},"43":{"start":{"line":155,"column":12},"end":{"line":155,"column":25},"skip":true},"44":{"start":{"line":156,"column":12},"end":{"line":156,"column":48},"skip":true},"45":{"start":{"line":159,"column":8},"end":{"line":168,"column":10},"skip":true},"46":{"start":{"line":166,"column":12},"end":{"line":166,"column":25},"skip":true},"47":{"start":{"line":167,"column":12},"end":{"line":167,"column":46},"skip":true},"48":{"start":{"line":170,"column":8},"end":{"line":179,"column":10},"skip":true},"49":{"start":{"line":177,"column":12},"end":{"line":177,"column":94},"skip":true},"50":{"start":{"line":178,"column":12},"end":{"line":178,"column":48},"skip":true},"51":{"start":{"line":182,"column":8},"end":{"line":182,"column":35},"skip":true},"52":{"start":{"line":183,"column":8},"end":{"line":183,"column":14},"skip":true}},"branchMap":{"1":{"line":25,"type":"binary-expr","locations":[{"start":{"line":25,"column":23},"end":{"line":25,"column":62}},{"start":{"line":26,"column":20},"end":{"line":26,"column":70}},{"start":{"line":27,"column":20},"end":{"line":27,"column":71}},{"start":{"line":28,"column":20},"end":{"line":28,"column":29}}]},"2":{"line":30,"type":"binary-expr","locations":[{"start":{"line":30,"column":23},"end":{"line":30,"column":37}},{"start":{"line":31,"column":20},"end":{"line":31,"column":61}},{"start":{"line":32,"column":20},"end":{"line":32,"column":70}},{"start":{"line":33,"column":20},"end":{"line":33,"column":26}}]},"3":{"line":37,"type":"cond-expr","locations":[{"start":{"line":38,"column":14},"end":{"line":38,"column":20}},{"start":{"line":39,"column":14},"end":{"line":39,"column":20}}]},"4":{"line":40,"type":"switch","locations":[{"start":{"line":42,"column":8},"end":{"line":47,"column":18}},{"start":{"line":49,"column":8},"end":{"line":52,"column":18}}]},"5":{"line":44,"type":"binary-expr","locations":[{"start":{"line":44,"column":16},"end":{"line":44,"column":44}},{"start":{"line":44,"column":48},"end":{"line":44,"column":66}}]},"6":{"line":50,"type":"binary-expr","locations":[{"start":{"line":50,"column":21},"end":{"line":50,"column":49}},{"start":{"line":50,"column":53},"end":{"line":50,"column":72}}]},"7":{"line":64,"type":"switch","locations":[{"start":{"line":69,"column":4},"end":{"line":70,"column":14}},{"start":{"line":75,"column":4},"end":{"line":76,"column":14}}]},"8":{"line":85,"type":"switch","locations":[{"start":{"line":90,"column":4},"end":{"line":95,"column":14}},{"start":{"line":101,"column":4},"end":{"line":183,"column":14},"skip":true}]},"9":{"line":92,"type":"binary-expr","locations":[{"start":{"line":92,"column":18},"end":{"line":92,"column":32}},{"start":{"line":93,"column":12},"end":{"line":93,"column":53}},{"start":{"line":94,"column":12},"end":{"line":94,"column":61}}]},"10":{"line":102,"type":"binary-expr","locations":[{"start":{"line":102,"column":45},"end":{"line":102,"column":79},"skip":true},{"start":{"line":102,"column":83},"end":{"line":111,"column":9},"skip":true}]},"11":{"line":113,"type":"binary-expr","locations":[{"start":{"line":113,"column":42},"end":{"line":113,"column":73},"skip":true},{"start":{"line":113,"column":77},"end":{"line":126,"column":9},"skip":true}]},"12":{"line":128,"type":"binary-expr","locations":[{"start":{"line":128,"column":48},"end":{"line":128,"column":85},"skip":true},{"start":{"line":129,"column":12},"end":{"line":135,"column":13},"skip":true}]},"13":{"line":137,"type":"binary-expr","locations":[{"start":{"line":137,"column":42},"end":{"line":137,"column":73},"skip":true},{"start":{"line":137,"column":77},"end":{"line":146,"column":9},"skip":true}]},"14":{"line":148,"type":"binary-expr","locations":[{"start":{"line":148,"column":45},"end":{"line":148,"column":79},"skip":true},{"start":{"line":148,"column":83},"end":{"line":157,"column":9},"skip":true}]},"15":{"line":159,"type":"binary-expr","locations":[{"start":{"line":159,"column":43},"end":{"line":159,"column":75},"skip":true},{"start":{"line":159,"column":79},"end":{"line":168,"column":9},"skip":true}]},"16":{"line":170,"type":"binary-expr","locations":[{"start":{"line":170,"column":41},"end":{"line":170,"column":71},"skip":true},{"start":{"line":170,"column":75},"end":{"line":179,"column":9},"skip":true}]}},"code":["/* istanbul instrument in package npmtest_budo */","/*jslint","    bitwise: true,","    browser: true,","    maxerr: 8,","    maxlen: 96,","    node: true,","    nomen: true,","    regexp: true,","    stupid: true","*/","(function () {","    'use strict';","    var local;","","","","    // run shared js-env code - pre-init","    (function () {","        // init local","        local = {};","        // init modeJs","        local.modeJs = (function () {","            try {","                return typeof navigator.userAgent === 'string' &&","                    typeof document.querySelector('body') === 'object' &&","                    typeof XMLHttpRequest.prototype.open === 'function' &&","                    'browser';","            } catch (errorCaughtBrowser) {","                return module.exports &&","                    typeof process.versions.node === 'string' &&","                    typeof require('http').createServer === 'function' &&","                    'node';","            }","        }());","        // init global","        local.global = local.modeJs === 'browser'","            ? window","            : global;","        switch (local.modeJs) {","        // re-init local from window.local","        case 'browser':","            local = local.global.utility2.objectSetDefault(","                local.global.utility2_rollup || local.global.local,","                local.global.utility2","            );","            break;","        // re-init local from example.js","        case 'node':","            local = (local.global.utility2_rollup || require('utility2'))","                .requireExampleJsFromReadme();","            break;","        }","        // export local","        local.global.local = local;","    }());","","","","    // run shared js-env code - function","    (function () {","        return;","    }());","    switch (local.modeJs) {","","","","    // run browser js-env code - function","    case 'browser':","        break;","","","","    // run node js-env code - function","    case 'node':","        break;","    }","","","","    // run shared js-env code - post-init","    (function () {","        return;","    }());","    switch (local.modeJs) {","","","","    // run browser js-env code - post-init","    case 'browser':","        // run tests","        local.nop(local.modeTest &&","            document.querySelector('#testRunButton1') &&","            document.querySelector('#testRunButton1').click());","        break;","","","","    // run node js-env code - post-init","    /* istanbul ignore next */","    case 'node':","        local.testCase_buildApidoc_default = local.testCase_buildApidoc_default || function (","            options,","            onError","        ) {","        /*","         * this function will test buildApidoc's default handling-behavior-behavior","         */","            options = { modulePathList: module.paths };","            local.buildApidoc(options, onError);","        };","","        local.testCase_buildApp_default = local.testCase_buildApp_default || function (","            options,","            onError","        ) {","        /*","         * this function will test buildApp's default handling-behavior-behavior","         */","            local.testCase_buildReadme_default(options, local.onErrorThrow);","            local.testCase_buildLib_default(options, local.onErrorThrow);","            local.testCase_buildTest_default(options, local.onErrorThrow);","            local.testCase_buildCustomOrg_default(options, local.onErrorThrow);","            options = [];","            local.buildApp(options, onError);","        };","","        local.testCase_buildCustomOrg_default = local.testCase_buildCustomOrg_default ||","            function (options, onError) {","            /*","             * this function will test buildCustomOrg's default handling-behavior","             */","                options = {};","                local.buildCustomOrg(options, onError);","            };","","        local.testCase_buildLib_default = local.testCase_buildLib_default || function (","            options,","            onError","        ) {","        /*","         * this function will test buildLib's default handling-behavior","         */","            options = {};","            local.buildLib(options, onError);","        };","","        local.testCase_buildReadme_default = local.testCase_buildReadme_default || function (","            options,","            onError","        ) {","        /*","         * this function will test buildReadme's default handling-behavior-behavior","         */","            options = {};","            local.buildReadme(options, onError);","        };","","        local.testCase_buildTest_default = local.testCase_buildTest_default || function (","            options,","            onError","        ) {","        /*","         * this function will test buildTest's default handling-behavior","         */","            options = {};","            local.buildTest(options, onError);","        };","","        local.testCase_webpage_default = local.testCase_webpage_default || function (","            options,","            onError","        ) {","        /*","         * this function will test webpage's default handling-behavior","         */","            options = { modeCoverageMerge: true, url: local.serverLocalHost + '?modeTest=1' };","            local.browserTest(options, onError);","        };","","        // run test-server","        local.testRunServer(local);","        break;","    }","}());",""],"l":{"12":2,"14":2,"19":2,"21":2,"23":2,"24":2,"25":2,"30":1,"37":2,"40":2,"43":1,"47":1,"50":1,"52":1,"55":2,"61":2,"62":2,"64":2,"70":1,"76":1,"82":2,"83":2,"85":2,"92":1,"95":1,"102":1,"109":1,"110":1,"113":1,"120":1,"121":1,"122":1,"123":1,"124":1,"125":1,"128":1,"133":2,"134":2,"137":1,"144":2,"145":2,"148":1,"155":2,"156":2,"159":1,"166":2,"167":2,"170":1,"177":1,"178":1,"182":1,"183":1}},"/home/travis/build/npmtest/node-npmtest-budo/lib.npmtest_budo.js":{"path":"/home/travis/build/npmtest/node-npmtest-budo/lib.npmtest_budo.js","s":{"1":2,"2":2,"3":2,"4":2,"5":2,"6":2,"7":2,"8":1,"9":2,"10":2,"11":2,"12":2,"13":1,"14":1,"15":1,"16":1},"b":{"1":[2,1,1,1],"2":[1,1,1,1],"3":[1,1],"4":[2,2],"5":[1,1]},"f":{"1":2,"2":2,"3":2},"fnMap":{"1":{"name":"(anonymous_1)","line":12,"loc":{"start":{"line":12,"column":1},"end":{"line":12,"column":13}}},"2":{"name":"(anonymous_2)","line":19,"loc":{"start":{"line":19,"column":5},"end":{"line":19,"column":17}}},"3":{"name":"(anonymous_3)","line":23,"loc":{"start":{"line":23,"column":24},"end":{"line":23,"column":36}}}},"statementMap":{"1":{"start":{"line":12,"column":0},"end":{"line":53,"column":5}},"2":{"start":{"line":14,"column":4},"end":{"line":14,"column":14}},"3":{"start":{"line":19,"column":4},"end":{"line":52,"column":9}},"4":{"start":{"line":21,"column":8},"end":{"line":21,"column":19}},"5":{"start":{"line":23,"column":8},"end":{"line":35,"column":13}},"6":{"start":{"line":24,"column":12},"end":{"line":34,"column":13}},"7":{"start":{"line":25,"column":16},"end":{"line":28,"column":30}},"8":{"start":{"line":30,"column":16},"end":{"line":33,"column":27}},"9":{"start":{"line":37,"column":8},"end":{"line":39,"column":21}},"10":{"start":{"line":41,"column":8},"end":{"line":41,"column":54}},"11":{"start":{"line":43,"column":8},"end":{"line":43,"column":49}},"12":{"start":{"line":45,"column":8},"end":{"line":51,"column":9}},"13":{"start":{"line":46,"column":12},"end":{"line":46,"column":55}},"14":{"start":{"line":48,"column":12},"end":{"line":48,"column":35}},"15":{"start":{"line":49,"column":12},"end":{"line":49,"column":49}},"16":{"start":{"line":50,"column":12},"end":{"line":50,"column":43}}},"branchMap":{"1":{"line":25,"type":"binary-expr","locations":[{"start":{"line":25,"column":23},"end":{"line":25,"column":62}},{"start":{"line":26,"column":20},"end":{"line":26,"column":70}},{"start":{"line":27,"column":20},"end":{"line":27,"column":71}},{"start":{"line":28,"column":20},"end":{"line":28,"column":29}}]},"2":{"line":30,"type":"binary-expr","locations":[{"start":{"line":30,"column":23},"end":{"line":30,"column":37}},{"start":{"line":31,"column":20},"end":{"line":31,"column":61}},{"start":{"line":32,"column":20},"end":{"line":32,"column":70}},{"start":{"line":33,"column":20},"end":{"line":33,"column":26}}]},"3":{"line":37,"type":"cond-expr","locations":[{"start":{"line":38,"column":14},"end":{"line":38,"column":20}},{"start":{"line":39,"column":14},"end":{"line":39,"column":20}}]},"4":{"line":41,"type":"binary-expr","locations":[{"start":{"line":41,"column":16},"end":{"line":41,"column":44}},{"start":{"line":41,"column":48},"end":{"line":41,"column":53}}]},"5":{"line":45,"type":"if","locations":[{"start":{"line":45,"column":8},"end":{"line":45,"column":8}},{"start":{"line":45,"column":8},"end":{"line":45,"column":8}}]}},"code":["/* istanbul instrument in package npmtest_budo */","/*jslint","    bitwise: true,","    browser: true,","    maxerr: 8,","    maxlen: 96,","    node: true,","    nomen: true,","    regexp: true,","    stupid: true","*/","(function () {","    'use strict';","    var local;","","","","    // run shared js-env code - pre-init","    (function () {","        // init local","        local = {};","        // init modeJs","        local.modeJs = (function () {","            try {","                return typeof navigator.userAgent === 'string' &&","                    typeof document.querySelector('body') === 'object' &&","                    typeof XMLHttpRequest.prototype.open === 'function' &&","                    'browser';","            } catch (errorCaughtBrowser) {","                return module.exports &&","                    typeof process.versions.node === 'string' &&","                    typeof require('http').createServer === 'function' &&","                    'node';","            }","        }());","        // init global","        local.global = local.modeJs === 'browser'","            ? window","            : global;","        // init utility2_rollup","        local = local.global.utility2_rollup || local;","        // init lib","        local.local = local.npmtest_budo = local;","        // init exports","        if (local.modeJs === 'browser') {","            local.global.utility2_npmtest_budo = local;","        } else {","            module.exports = local;","            module.exports.__dirname = __dirname;","            module.exports.module = module;","        }","    }());","}());",""],"l":{"12":2,"14":2,"19":2,"21":2,"23":2,"24":2,"25":2,"30":1,"37":2,"41":2,"43":2,"45":2,"46":1,"48":1,"49":1,"50":1}},"/home/travis/build/npmtest/node-npmtest-budo/example.js":{"path":"/home/travis/build/npmtest/node-npmtest-budo/example.js","s":{"1":2,"2":2,"3":2,"4":2,"5":2,"6":2,"7":2,"8":1,"9":2,"10":2,"11":2,"12":2,"13":1,"14":2,"15":2,"16":2,"17":2,"18":2,"19":0,"20":2,"21":1,"22":1,"23":1,"24":1,"25":1,"26":0,"27":0,"28":1,"29":1,"30":2,"31":0,"32":0,"33":0,"34":1,"35":2,"36":2,"37":2,"38":2,"39":2,"40":2,"41":0,"42":2,"43":2,"44":2,"45":1,"46":3,"47":1,"48":1,"49":1,"50":1,"51":1,"52":1,"53":1,"54":1,"55":1,"56":1,"57":0,"58":1,"59":6,"60":6,"61":1,"62":2,"63":0,"64":2,"65":1,"66":1,"67":0,"68":0,"69":0,"70":0,"71":0,"72":0,"73":0,"74":0,"75":0,"76":0,"77":0,"78":0,"79":0,"80":0,"81":0,"82":0,"83":0},"b":{"1":[2,1,1,1],"2":[1,1,1,1],"3":[1,1],"4":[2,2],"5":[1,1],"6":[1,1],"7":[2,0],"8":[2,1,1,1,1,1],"9":[0,2,0],"10":[1,1],"11":[2,1,1],"12":[1,0],"13":[0,2],"14":[2,0,0,0,0,0,0],"15":[0,2],"16":[2,0],"17":[1,1],"18":[0,1],"19":[1,2,0,2],"20":[1,0],"21":[1,1],"22":[0,0],"23":[0,0],"24":[0,0],"25":[0,0],"26":[0,0],"27":[0,0],"28":[0,0]},"f":{"1":2,"2":2,"3":2,"4":2,"5":2,"6":2,"7":2,"8":2,"9":3,"10":1,"11":6,"12":0},"fnMap":{"1":{"name":"(anonymous_1)","line":26,"loc":{"start":{"line":26,"column":1},"end":{"line":26,"column":13}}},"2":{"name":"(anonymous_2)","line":33,"loc":{"start":{"line":33,"column":5},"end":{"line":33,"column":17}}},"3":{"name":"(anonymous_3)","line":37,"loc":{"start":{"line":37,"column":24},"end":{"line":37,"column":36}}},"4":{"name":"(anonymous_4)","line":69,"loc":{"start":{"line":69,"column":31},"end":{"line":69,"column":48}},"skip":true},"5":{"name":"(anonymous_5)","line":78,"loc":{"start":{"line":78,"column":26},"end":{"line":78,"column":45}},"skip":true},"6":{"name":"(anonymous_6)","line":123,"loc":{"start":{"line":123,"column":33},"end":{"line":123,"column":48}},"skip":true},"7":{"name":"(anonymous_7)","line":125,"loc":{"start":{"line":125,"column":27},"end":{"line":125,"column":39}},"skip":true},"8":{"name":"(anonymous_8)","line":133,"loc":{"start":{"line":133,"column":59},"end":{"line":133,"column":74}},"skip":true},"9":{"name":"(anonymous_9)","line":143,"loc":{"start":{"line":143,"column":45},"end":{"line":143,"column":62}},"skip":true},"10":{"name":"(anonymous_10)","line":144,"loc":{"start":{"line":144,"column":73},"end":{"line":144,"column":92}},"skip":true},"11":{"name":"(anonymous_11)","line":272,"loc":{"start":{"line":272,"column":51},"end":{"line":272,"column":77}},"skip":true},"12":{"name":"(anonymous_12)","line":314,"loc":{"start":{"line":314,"column":32},"end":{"line":314,"column":61}},"skip":true}},"statementMap":{"1":{"start":{"line":26,"column":0},"end":{"line":325,"column":5}},"2":{"start":{"line":28,"column":4},"end":{"line":28,"column":14}},"3":{"start":{"line":33,"column":4},"end":{"line":60,"column":9}},"4":{"start":{"line":35,"column":8},"end":{"line":35,"column":19}},"5":{"start":{"line":37,"column":8},"end":{"line":49,"column":13}},"6":{"start":{"line":38,"column":12},"end":{"line":48,"column":13}},"7":{"start":{"line":39,"column":16},"end":{"line":42,"column":30}},"8":{"start":{"line":44,"column":16},"end":{"line":47,"column":27}},"9":{"start":{"line":51,"column":8},"end":{"line":53,"column":21}},"10":{"start":{"line":55,"column":8},"end":{"line":57,"column":45}},"11":{"start":{"line":59,"column":8},"end":{"line":59,"column":35}},"12":{"start":{"line":61,"column":4},"end":{"line":324,"column":5}},"13":{"start":{"line":69,"column":8},"end":{"line":121,"column":10},"skip":true},"14":{"start":{"line":70,"column":12},"end":{"line":88,"column":13},"skip":true},"15":{"start":{"line":76,"column":16},"end":{"line":87,"column":19},"skip":true},"16":{"start":{"line":79,"column":20},"end":{"line":86,"column":21},"skip":true},"17":{"start":{"line":82,"column":24},"end":{"line":82,"column":43},"skip":true},"18":{"start":{"line":83,"column":24},"end":{"line":83,"column":30},"skip":true},"19":{"start":{"line":85,"column":24},"end":{"line":85,"column":49},"skip":true},"20":{"start":{"line":89,"column":12},"end":{"line":107,"column":13},"skip":true},"21":{"start":{"line":92,"column":16},"end":{"line":102,"column":17},"skip":true},"22":{"start":{"line":93,"column":20},"end":{"line":93,"column":86},"skip":true},"23":{"start":{"line":94,"column":20},"end":{"line":95,"column":45},"skip":true},"24":{"start":{"line":96,"column":20},"end":{"line":96,"column":42},"skip":true},"25":{"start":{"line":97,"column":20},"end":{"line":97,"column":48},"skip":true},"26":{"start":{"line":100,"column":20},"end":{"line":100,"column":85},"skip":true},"27":{"start":{"line":101,"column":20},"end":{"line":101,"column":96},"skip":true},"28":{"start":{"line":103,"column":16},"end":{"line":103,"column":22},"skip":true},"29":{"start":{"line":106,"column":16},"end":{"line":106,"column":22},"skip":true},"30":{"start":{"line":108,"column":12},"end":{"line":120,"column":13},"skip":true},"31":{"start":{"line":114,"column":16},"end":{"line":119,"column":17},"skip":true},"32":{"start":{"line":116,"column":20},"end":{"line":116,"column":78},"skip":true},"33":{"start":{"line":118,"column":20},"end":{"line":118,"column":53},"skip":true},"34":{"start":{"line":123,"column":8},"end":{"line":141,"column":11},"skip":true},"35":{"start":{"line":124,"column":12},"end":{"line":124,"column":54},"skip":true},"36":{"start":{"line":125,"column":12},"end":{"line":140,"column":14},"skip":true},"37":{"start":{"line":126,"column":16},"end":{"line":126,"column":28},"skip":true},"38":{"start":{"line":127,"column":16},"end":{"line":127,"column":69},"skip":true},"39":{"start":{"line":128,"column":16},"end":{"line":128,"column":75},"skip":true},"40":{"start":{"line":129,"column":16},"end":{"line":131,"column":17},"skip":true},"41":{"start":{"line":130,"column":20},"end":{"line":130,"column":27},"skip":true},"42":{"start":{"line":133,"column":16},"end":{"line":137,"column":36},"skip":true},"43":{"start":{"line":134,"column":20},"end":{"line":136,"column":55},"skip":true},"44":{"start":{"line":139,"column":16},"end":{"line":139,"column":57},"skip":true},"45":{"start":{"line":143,"column":8},"end":{"line":147,"column":11},"skip":true},"46":{"start":{"line":144,"column":12},"end":{"line":146,"column":15},"skip":true},"47":{"start":{"line":145,"column":16},"end":{"line":145,"column":70},"skip":true},"48":{"start":{"line":149,"column":8},"end":{"line":149,"column":31},"skip":true},"49":{"start":{"line":150,"column":8},"end":{"line":150,"column":14},"skip":true},"50":{"start":{"line":158,"column":8},"end":{"line":158,"column":31},"skip":true},"51":{"start":{"line":160,"column":8},"end":{"line":160,"column":33},"skip":true},"52":{"start":{"line":161,"column":8},"end":{"line":161,"column":37},"skip":true},"53":{"start":{"line":162,"column":8},"end":{"line":162,"column":35},"skip":true},"54":{"start":{"line":164,"column":8},"end":{"line":164,"column":50},"skip":true},"55":{"start":{"line":166,"column":8},"end":{"line":256,"column":2},"skip":true},"56":{"start":{"line":258,"column":8},"end":{"line":286,"column":9},"skip":true},"57":{"start":{"line":259,"column":12},"end":{"line":269,"column":14},"skip":true},"58":{"start":{"line":271,"column":12},"end":{"line":285,"column":19},"skip":true},"59":{"start":{"line":274,"column":20},"end":{"line":274,"column":35},"skip":true},"60":{"start":{"line":275,"column":20},"end":{"line":284,"column":21},"skip":true},"61":{"start":{"line":277,"column":24},"end":{"line":277,"column":64},"skip":true},"62":{"start":{"line":279,"column":24},"end":{"line":279,"column":40},"skip":true},"63":{"start":{"line":281,"column":24},"end":{"line":281,"column":40},"skip":true},"64":{"start":{"line":283,"column":24},"end":{"line":283,"column":39},"skip":true},"65":{"start":{"line":288,"column":8},"end":{"line":290,"column":9},"skip":true},"66":{"start":{"line":289,"column":12},"end":{"line":289,"column":18},"skip":true},"67":{"start":{"line":291,"column":8},"end":{"line":293,"column":54},"skip":true},"68":{"start":{"line":294,"column":8},"end":{"line":301,"column":37},"skip":true},"69":{"start":{"line":302,"column":8},"end":{"line":302,"column":82},"skip":true},"70":{"start":{"line":305,"column":8},"end":{"line":307,"column":9},"skip":true},"71":{"start":{"line":306,"column":12},"end":{"line":306,"column":82},"skip":true},"72":{"start":{"line":309,"column":8},"end":{"line":311,"column":9},"skip":true},"73":{"start":{"line":310,"column":12},"end":{"line":310,"column":18},"skip":true},"74":{"start":{"line":312,"column":8},"end":{"line":312,"column":54},"skip":true},"75":{"start":{"line":313,"column":8},"end":{"line":313,"column":69},"skip":true},"76":{"start":{"line":314,"column":8},"end":{"line":322,"column":36},"skip":true},"77":{"start":{"line":315,"column":12},"end":{"line":315,"column":61},"skip":true},"78":{"start":{"line":316,"column":12},"end":{"line":319,"column":13},"skip":true},"79":{"start":{"line":317,"column":16},"end":{"line":317,"column":75},"skip":true},"80":{"start":{"line":318,"column":16},"end":{"line":318,"column":23},"skip":true},"81":{"start":{"line":320,"column":12},"end":{"line":320,"column":38},"skip":true},"82":{"start":{"line":321,"column":12},"end":{"line":321,"column":27},"skip":true},"83":{"start":{"line":323,"column":8},"end":{"line":323,"column":14},"skip":true}},"branchMap":{"1":{"line":39,"type":"binary-expr","locations":[{"start":{"line":39,"column":23},"end":{"line":39,"column":62}},{"start":{"line":40,"column":20},"end":{"line":40,"column":70}},{"start":{"line":41,"column":20},"end":{"line":41,"column":71}},{"start":{"line":42,"column":20},"end":{"line":42,"column":29}}]},"2":{"line":44,"type":"binary-expr","locations":[{"start":{"line":44,"column":23},"end":{"line":44,"column":37}},{"start":{"line":45,"column":20},"end":{"line":45,"column":61}},{"start":{"line":46,"column":20},"end":{"line":46,"column":70}},{"start":{"line":47,"column":20},"end":{"line":47,"column":26}}]},"3":{"line":51,"type":"cond-expr","locations":[{"start":{"line":52,"column":14},"end":{"line":52,"column":20}},{"start":{"line":53,"column":14},"end":{"line":53,"column":20}}]},"4":{"line":55,"type":"binary-expr","locations":[{"start":{"line":55,"column":16},"end":{"line":55,"column":44}},{"start":{"line":55,"column":49},"end":{"line":57,"column":43}}]},"5":{"line":55,"type":"cond-expr","locations":[{"start":{"line":56,"column":14},"end":{"line":56,"column":48}},{"start":{"line":57,"column":14},"end":{"line":57,"column":43}}]},"6":{"line":61,"type":"switch","locations":[{"start":{"line":68,"column":4},"end":{"line":150,"column":14},"skip":true},{"start":{"line":156,"column":4},"end":{"line":323,"column":14},"skip":true}]},"7":{"line":70,"type":"if","locations":[{"start":{"line":70,"column":12},"end":{"line":70,"column":12},"skip":true},{"start":{"line":70,"column":12},"end":{"line":70,"column":12},"skip":true}]},"8":{"line":70,"type":"binary-expr","locations":[{"start":{"line":70,"column":16},"end":{"line":70,"column":22},"skip":true},{"start":{"line":70,"column":27},"end":{"line":70,"column":32},"skip":true},{"start":{"line":71,"column":20},"end":{"line":71,"column":39},"skip":true},{"start":{"line":72,"column":20},"end":{"line":72,"column":49},"skip":true},{"start":{"line":73,"column":20},"end":{"line":73,"column":58},"skip":true},{"start":{"line":74,"column":20},"end":{"line":74,"column":69},"skip":true}]},"9":{"line":79,"type":"switch","locations":[{"start":{"line":80,"column":20},"end":{"line":80,"column":33},"skip":true},{"start":{"line":81,"column":20},"end":{"line":83,"column":30},"skip":true},{"start":{"line":84,"column":20},"end":{"line":85,"column":49},"skip":true}]},"10":{"line":89,"type":"switch","locations":[{"start":{"line":90,"column":12},"end":{"line":103,"column":22},"skip":true},{"start":{"line":105,"column":12},"end":{"line":106,"column":22},"skip":true}]},"11":{"line":89,"type":"binary-expr","locations":[{"start":{"line":89,"column":20},"end":{"line":89,"column":25},"skip":true},{"start":{"line":89,"column":29},"end":{"line":89,"column":48},"skip":true},{"start":{"line":89,"column":52},"end":{"line":89,"column":74},"skip":true}]},"12":{"line":92,"type":"if","locations":[{"start":{"line":92,"column":16},"end":{"line":92,"column":16},"skip":true},{"start":{"line":92,"column":16},"end":{"line":92,"column":16},"skip":true}]},"13":{"line":108,"type":"if","locations":[{"start":{"line":108,"column":12},"end":{"line":108,"column":12},"skip":true},{"start":{"line":108,"column":12},"end":{"line":108,"column":12},"skip":true}]},"14":{"line":108,"type":"binary-expr","locations":[{"start":{"line":108,"column":16},"end":{"line":108,"column":61},"skip":true},{"start":{"line":108,"column":66},"end":{"line":108,"column":72},"skip":true},{"start":{"line":108,"column":77},"end":{"line":108,"column":82},"skip":true},{"start":{"line":109,"column":20},"end":{"line":109,"column":39},"skip":true},{"start":{"line":110,"column":20},"end":{"line":110,"column":49},"skip":true},{"start":{"line":111,"column":20},"end":{"line":111,"column":58},"skip":true},{"start":{"line":112,"column":20},"end":{"line":112,"column":68},"skip":true}]},"15":{"line":129,"type":"if","locations":[{"start":{"line":129,"column":16},"end":{"line":129,"column":16},"skip":true},{"start":{"line":129,"column":16},"end":{"line":129,"column":16},"skip":true}]},"16":{"line":134,"type":"cond-expr","locations":[{"start":{"line":135,"column":26},"end":{"line":135,"column":29},"skip":true},{"start":{"line":136,"column":26},"end":{"line":136,"column":54},"skip":true}]},"17":{"line":164,"type":"binary-expr","locations":[{"start":{"line":164,"column":27},"end":{"line":164,"column":43},"skip":true},{"start":{"line":164,"column":47},"end":{"line":164,"column":49},"skip":true}]},"18":{"line":258,"type":"if","locations":[{"start":{"line":258,"column":8},"end":{"line":258,"column":8},"skip":true},{"start":{"line":258,"column":8},"end":{"line":258,"column":8},"skip":true}]},"19":{"line":275,"type":"switch","locations":[{"start":{"line":276,"column":20},"end":{"line":277,"column":64},"skip":true},{"start":{"line":278,"column":20},"end":{"line":279,"column":40},"skip":true},{"start":{"line":280,"column":20},"end":{"line":281,"column":40},"skip":true},{"start":{"line":282,"column":20},"end":{"line":283,"column":39},"skip":true}]},"20":{"line":288,"type":"if","locations":[{"start":{"line":288,"column":8},"end":{"line":288,"column":8},"skip":true},{"start":{"line":288,"column":8},"end":{"line":288,"column":8},"skip":true}]},"21":{"line":288,"type":"binary-expr","locations":[{"start":{"line":288,"column":12},"end":{"line":288,"column":40},"skip":true},{"start":{"line":288,"column":44},"end":{"line":288,"column":67},"skip":true}]},"22":{"line":292,"type":"binary-expr","locations":[{"start":{"line":292,"column":12},"end":{"line":292,"column":50},"skip":true},{"start":{"line":293,"column":12},"end":{"line":293,"column":53},"skip":true}]},"23":{"line":295,"type":"binary-expr","locations":[{"start":{"line":295,"column":12},"end":{"line":295,"column":62},"skip":true},{"start":{"line":296,"column":12},"end":{"line":301,"column":36},"skip":true}]},"24":{"line":302,"type":"binary-expr","locations":[{"start":{"line":302,"column":43},"end":{"line":302,"column":75},"skip":true},{"start":{"line":302,"column":79},"end":{"line":302,"column":81},"skip":true}]},"25":{"line":305,"type":"if","locations":[{"start":{"line":305,"column":8},"end":{"line":305,"column":8},"skip":true},{"start":{"line":305,"column":8},"end":{"line":305,"column":8},"skip":true}]},"26":{"line":309,"type":"if","locations":[{"start":{"line":309,"column":8},"end":{"line":309,"column":8},"skip":true},{"start":{"line":309,"column":8},"end":{"line":309,"column":8},"skip":true}]},"27":{"line":312,"type":"binary-expr","locations":[{"start":{"line":312,"column":27},"end":{"line":312,"column":43},"skip":true},{"start":{"line":312,"column":47},"end":{"line":312,"column":53},"skip":true}]},"28":{"line":316,"type":"if","locations":[{"start":{"line":316,"column":12},"end":{"line":316,"column":12},"skip":true},{"start":{"line":316,"column":12},"end":{"line":316,"column":12},"skip":true}]}},"code":["/*","example.js","","quickstart example","","instruction","    1. save this script as example.js","    2. run the shell command:","        $ npm install npmtest-budo && PORT=8081 node example.js","    3. play with the browser-demo on http://127.0.0.1:8081","*/","","","","/* istanbul instrument in package npmtest_budo */","/*jslint","    bitwise: true,","    browser: true,","    maxerr: 8,","    maxlen: 96,","    node: true,","    nomen: true,","    regexp: true,","    stupid: true","*/","(function () {","    'use strict';","    var local;","","","","    // run shared js-env code - pre-init","    (function () {","        // init local","        local = {};","        // init modeJs","        local.modeJs = (function () {","            try {","                return typeof navigator.userAgent === 'string' &&","                    typeof document.querySelector('body') === 'object' &&","                    typeof XMLHttpRequest.prototype.open === 'function' &&","                    'browser';","            } catch (errorCaughtBrowser) {","                return module.exports &&","                    typeof process.versions.node === 'string' &&","                    typeof require('http').createServer === 'function' &&","                    'node';","            }","        }());","        // init global","        local.global = local.modeJs === 'browser'","            ? window","            : global;","        // init utility2_rollup","        local = local.global.utility2_rollup || (local.modeJs === 'browser'","            ? local.global.utility2_npmtest_budo","            : global.utility2_moduleExports);","        // export local","        local.global.local = local;","    }());","    switch (local.modeJs) {","","","","    // post-init","    // run browser js-env code - post-init","    /* istanbul ignore next */","    case 'browser':","        local.testRunBrowser = function (event) {","            if (!event || (event &&","                    event.currentTarget &&","                    event.currentTarget.className &&","                    event.currentTarget.className.includes &&","                    event.currentTarget.className.includes('onreset'))) {","                // reset output","                Array.from(","                    document.querySelectorAll('body > .resettable')","                ).forEach(function (element) {","                    switch (element.tagName) {","                    case 'INPUT':","                    case 'TEXTAREA':","                        element.value = '';","                        break;","                    default:","                        element.textContent = '';","                    }","                });","            }","            switch (event && event.currentTarget && event.currentTarget.id) {","            case 'testRunButton1':","                // show tests","                if (document.querySelector('#testReportDiv1').style.display === 'none') {","                    document.querySelector('#testReportDiv1').style.display = 'block';","                    document.querySelector('#testRunButton1').textContent =","                        'hide internal test';","                    local.modeTest = true;","                    local.testRunDefault(local);","                // hide tests","                } else {","                    document.querySelector('#testReportDiv1').style.display = 'none';","                    document.querySelector('#testRunButton1').textContent = 'run internal test';","                }","                break;","            // custom-case","            default:","                break;","            }","            if (document.querySelector('#inputTextareaEval1') && (!event || (event &&","                    event.currentTarget &&","                    event.currentTarget.className &&","                    event.currentTarget.className.includes &&","                    event.currentTarget.className.includes('oneval')))) {","                // try to eval input-code","                try {","                    /*jslint evil: true*/","                    eval(document.querySelector('#inputTextareaEval1').value);","                } catch (errorCaught) {","                    console.error(errorCaught.stack);","                }","            }","        };","        // log stderr and stdout to #outputTextareaStdout1","        ['error', 'log'].forEach(function (key) {","            console[key + '_original'] = console[key];","            console[key] = function () {","                var element;","                console[key + '_original'].apply(console, arguments);","                element = document.querySelector('#outputTextareaStdout1');","                if (!element) {","                    return;","                }","                // append text to #outputTextareaStdout1","                element.value += Array.from(arguments).map(function (arg) {","                    return typeof arg === 'string'","                        ? arg","                        : JSON.stringify(arg, null, 4);","                }).join(' ') + '\\n';","                // scroll textarea to bottom","                element.scrollTop = element.scrollHeight;","            };","        });","        // init event-handling","        ['change', 'click', 'keyup'].forEach(function (event) {","            Array.from(document.querySelectorAll('.on' + event)).forEach(function (element) {","                element.addEventListener(event, local.testRunBrowser);","            });","        });","        // run tests","        local.testRunBrowser();","        break;","","","","    // run node js-env code - post-init","    /* istanbul ignore next */","    case 'node':","        // export local","        module.exports = local;","        // require modules","        local.fs = require('fs');","        local.http = require('http');","        local.url = require('url');","        // init assets","        local.assetsDict = local.assetsDict || {};","        /* jslint-ignore-begin */","        local.assetsDict['/assets.index.template.html'] = '\\","<!doctype html>\\n\\","<html lang=\"en\">\\n\\","<head>\\n\\","<meta charset=\"UTF-8\">\\n\\","<meta name=\"viewport\" content=\"width=device-width, initial-scale=1\">\\n\\","<title>{{env.npm_package_name}} (v{{env.npm_package_version}})</title>\\n\\","<style>\\n\\","/*csslint\\n\\","    box-sizing: false,\\n\\","    universal-selector: false\\n\\","*/\\n\\","* {\\n\\","    box-sizing: border-box;\\n\\","}\\n\\","body {\\n\\","    background: #dde;\\n\\","    font-family: Arial, Helvetica, sans-serif;\\n\\","    margin: 2rem;\\n\\","}\\n\\","body > * {\\n\\","    margin-bottom: 1rem;\\n\\","}\\n\\",".utility2FooterDiv {\\n\\","    margin-top: 20px;\\n\\","    text-align: center;\\n\\","}\\n\\","</style>\\n\\","<style>\\n\\","/*csslint\\n\\","*/\\n\\","textarea {\\n\\","    font-family: monospace;\\n\\","    height: 10rem;\\n\\","    width: 100%;\\n\\","}\\n\\","textarea[readonly] {\\n\\","    background: #ddd;\\n\\","}\\n\\","</style>\\n\\","</head>\\n\\","<body>\\n\\","<!-- utility2-comment\\n\\","<div id=\"ajaxProgressDiv1\" style=\"background: #d00; height: 2px; left: 0; margin: 0; padding: 0; position: fixed; top: 0; transition: background 0.5s, width 1.5s; width: 25%;\"></div>\\n\\","utility2-comment -->\\n\\","<h1>\\n\\","<!-- utility2-comment\\n\\","    <a\\n\\","        {{#if env.npm_package_homepage}}\\n\\","        href=\"{{env.npm_package_homepage}}\"\\n\\","        {{/if env.npm_package_homepage}}\\n\\","        target=\"_blank\"\\n\\","    >\\n\\","utility2-comment -->\\n\\","        {{env.npm_package_name}} (v{{env.npm_package_version}})\\n\\","<!-- utility2-comment\\n\\","    </a>\\n\\","utility2-comment -->\\n\\","</h1>\\n\\","<h3>{{env.npm_package_description}}</h3>\\n\\","<!-- utility2-comment\\n\\","<h4><a download href=\"assets.app.js\">download standalone app</a></h4>\\n\\","<button class=\"onclick onreset\" id=\"testRunButton1\">run internal test</button><br>\\n\\","<div id=\"testReportDiv1\" style=\"display: none;\"></div>\\n\\","utility2-comment -->\\n\\","\\n\\","\\n\\","\\n\\","<label>stderr and stdout</label>\\n\\","<textarea class=\"resettable\" id=\"outputTextareaStdout1\" readonly></textarea>\\n\\","<!-- utility2-comment\\n\\","{{#if isRollup}}\\n\\","<script src=\"assets.app.js\"></script>\\n\\","{{#unless isRollup}}\\n\\","utility2-comment -->\\n\\","<script src=\"assets.utility2.rollup.js\"></script>\\n\\","<script src=\"jsonp.utility2._stateInit?callback=window.utility2._stateInit\"></script>\\n\\","<script src=\"assets.npmtest_budo.rollup.js\"></script>\\n\\","<script src=\"assets.example.js\"></script>\\n\\","<script src=\"assets.test.js\"></script>\\n\\","<!-- utility2-comment\\n\\","{{/if isRollup}}\\n\\","utility2-comment -->\\n\\","<div class=\"utility2FooterDiv\">\\n\\","    [ this app was created with\\n\\","    <a href=\"https://github.com/kaizhu256/node-utility2\" target=\"_blank\">utility2</a>\\n\\","    ]\\n\\","</div>\\n\\","</body>\\n\\","</html>\\n\\","';","        /* jslint-ignore-end */","        if (local.templateRender) {","            local.assetsDict['/'] = local.templateRender(","                local.assetsDict['/assets.index.template.html'],","                {","                    env: local.objectSetDefault(local.env, {","                        npm_package_description: 'the greatest app in the world!',","                        npm_package_name: 'my-app',","                        npm_package_nameAlias: 'my_app',","                        npm_package_version: '0.0.1'","                    })","                }","            );","        } else {","            local.assetsDict['/'] = local.assetsDict['/assets.index.template.html']","                .replace((/\\{\\{env\\.(\\w+?)\\}\\}/g), function (match0, match1) {","                    // jslint-hack","                    String(match0);","                    switch (match1) {","                    case 'npm_package_description':","                        return 'the greatest app in the world!';","                    case 'npm_package_name':","                        return 'my-app';","                    case 'npm_package_nameAlias':","                        return 'my_app';","                    case 'npm_package_version':","                        return '0.0.1';","                    }","                });","        }","        // run the cli","        if (local.global.utility2_rollup || module !== require.main) {","            break;","        }","        local.assetsDict['/assets.example.js'] =","            local.assetsDict['/assets.example.js'] ||","            local.fs.readFileSync(__filename, 'utf8');","        local.assetsDict['/assets.npmtest_budo.rollup.js'] =","            local.assetsDict['/assets.npmtest_budo.rollup.js'] ||","            local.fs.readFileSync(","                // buildCustomOrg-hack","                local.npmtest_budo.__dirname +","                    '/lib.npmtest_budo.js',","                'utf8'","            ).replace((/^#!/), '//');","        local.assetsDict['/favicon.ico'] = local.assetsDict['/favicon.ico'] || '';","        // if $npm_config_timeout_exit exists,","        // then exit this process after $npm_config_timeout_exit ms","        if (Number(process.env.npm_config_timeout_exit)) {","            setTimeout(process.exit, Number(process.env.npm_config_timeout_exit));","        }","        // start server","        if (local.global.utility2_serverHttp1) {","            break;","        }","        process.env.PORT = process.env.PORT || '8081';","        console.error('server starting on port ' + process.env.PORT);","        local.http.createServer(function (request, response) {","            request.urlParsed = local.url.parse(request.url);","            if (local.assetsDict[request.urlParsed.pathname] !== undefined) {","                response.end(local.assetsDict[request.urlParsed.pathname]);","                return;","            }","            response.statusCode = 404;","            response.end();","        }).listen(process.env.PORT);","        break;","    }","}());",""],"l":{"26":2,"28":2,"33":2,"35":2,"37":2,"38":2,"39":2,"44":1,"51":2,"55":2,"59":2,"61":2,"69":1,"70":2,"76":2,"79":2,"82":2,"83":2,"85":1,"89":2,"92":1,"93":1,"94":1,"96":1,"97":1,"100":1,"101":1,"103":1,"106":1,"108":2,"114":1,"116":1,"118":1,"123":1,"124":2,"125":2,"126":2,"127":2,"128":2,"129":2,"130":1,"133":2,"134":2,"139":2,"143":1,"144":3,"145":1,"149":1,"150":1,"158":1,"160":1,"161":1,"162":1,"164":1,"166":1,"258":1,"259":1,"271":1,"274":6,"275":6,"277":1,"279":2,"281":1,"283":2,"288":1,"289":1,"291":1,"294":1,"302":1,"305":1,"306":1,"309":1,"310":1,"312":1,"313":1,"314":1,"315":1,"316":1,"317":1,"318":1,"320":1,"321":1,"323":1}},"/home/travis/build/npmtest/node-npmtest-budo/budo/index.js":{"path":"/home/travis/build/npmtest/node-npmtest-budo/budo/index.js","s":{"1":1,"2":1,"3":1,"4":1,"5":1,"6":1,"7":1,"8":1,"9":0,"10":0,"11":0,"12":0,"13":0,"14":0,"15":0,"16":0,"17":0,"18":0,"19":0,"20":0,"21":0,"22":0,"23":0,"24":0,"25":0,"26":0,"27":0,"28":0,"29":0,"30":0,"31":0,"32":0,"33":0,"34":0,"35":0,"36":0,"37":0,"38":1,"39":0,"40":0,"41":0,"42":0,"43":1,"44":0,"45":0},"b":{"1":[0,0],"2":[0,0],"3":[0,0],"4":[0,0],"5":[0,0],"6":[0,0],"7":[0,0],"8":[0,0],"9":[0,0]},"f":{"1":0,"2":0,"3":0,"4":0,"5":0},"fnMap":{"1":{"name":"budoCLI","line":10,"loc":{"start":{"line":10,"column":0},"end":{"line":10,"column":30}}},"2":{"name":"(anonymous_2)","line":57,"loc":{"start":{"line":57,"column":20},"end":{"line":57,"column":35}}},"3":{"name":"execFunc","line":64,"loc":{"start":{"line":64,"column":0},"end":{"line":64,"column":24}}},"4":{"name":"run","line":65,"loc":{"start":{"line":65,"column":9},"end":{"line":65,"column":25}}},"5":{"name":"exit","line":72,"loc":{"start":{"line":72,"column":0},"end":{"line":72,"column":20}}}},"statementMap":{"1":{"start":{"line":1,"column":0},"end":{"line":1,"column":43}},"2":{"start":{"line":2,"column":0},"end":{"line":2,"column":32}},"3":{"start":{"line":3,"column":0},"end":{"line":3,"column":33}},"4":{"start":{"line":4,"column":0},"end":{"line":4,"column":43}},"5":{"start":{"line":5,"column":0},"end":{"line":5,"column":40}},"6":{"start":{"line":7,"column":0},"end":{"line":7,"column":21}},"7":{"start":{"line":8,"column":0},"end":{"line":8,"column":28}},"8":{"start":{"line":10,"column":0},"end":{"line":62,"column":1}},"9":{"start":{"line":11,"column":2},"end":{"line":11,"column":34}},"10":{"start":{"line":14,"column":2},"end":{"line":16,"column":3}},"11":{"start":{"line":15,"column":4},"end":{"line":15,"column":79}},"12":{"start":{"line":18,"column":2},"end":{"line":18,"column":22}},"13":{"start":{"line":19,"column":2},"end":{"line":19,"column":15}},"14":{"start":{"line":21,"column":2},"end":{"line":21,"column":34}},"15":{"start":{"line":22,"column":2},"end":{"line":22,"column":19}},"16":{"start":{"line":24,"column":2},"end":{"line":29,"column":3}},"17":{"start":{"line":25,"column":4},"end":{"line":25,"column":61}},"18":{"start":{"line":26,"column":4},"end":{"line":26,"column":76}},"19":{"start":{"line":27,"column":4},"end":{"line":27,"column":83}},"20":{"start":{"line":28,"column":4},"end":{"line":28,"column":15}},"21":{"start":{"line":31,"column":2},"end":{"line":36,"column":3}},"22":{"start":{"line":32,"column":4},"end":{"line":32,"column":65}},"23":{"start":{"line":33,"column":4},"end":{"line":34,"column":27}},"24":{"start":{"line":35,"column":4},"end":{"line":35,"column":15}},"25":{"start":{"line":38,"column":2},"end":{"line":40,"column":3}},"26":{"start":{"line":39,"column":4},"end":{"line":39,"column":84}},"27":{"start":{"line":42,"column":2},"end":{"line":44,"column":3}},"28":{"start":{"line":43,"column":4},"end":{"line":43,"column":39}},"29":{"start":{"line":45,"column":2},"end":{"line":47,"column":3}},"30":{"start":{"line":46,"column":4},"end":{"line":46,"column":47}},"31":{"start":{"line":50,"column":2},"end":{"line":52,"column":3}},"32":{"start":{"line":51,"column":4},"end":{"line":51,"column":36}},"33":{"start":{"line":55,"column":2},"end":{"line":55,"column":54}},"34":{"start":{"line":56,"column":2},"end":{"line":56,"column":58}},"35":{"start":{"line":57,"column":2},"end":{"line":59,"column":4}},"36":{"start":{"line":58,"column":4},"end":{"line":58,"column":40}},"37":{"start":{"line":61,"column":2},"end":{"line":61,"column":17}},"38":{"start":{"line":64,"column":0},"end":{"line":70,"column":1}},"39":{"start":{"line":65,"column":2},"end":{"line":69,"column":3}},"40":{"start":{"line":66,"column":4},"end":{"line":66,"column":21}},"41":{"start":{"line":67,"column":4},"end":{"line":67,"column":33}},"42":{"start":{"line":68,"column":4},"end":{"line":68,"column":33}},"43":{"start":{"line":72,"column":0},"end":{"line":75,"column":1}},"44":{"start":{"line":73,"column":2},"end":{"line":73,"column":46}},"45":{"start":{"line":74,"column":2},"end":{"line":74,"column":17}}},"branchMap":{"1":{"line":14,"type":"if","locations":[{"start":{"line":14,"column":2},"end":{"line":14,"column":2}},{"start":{"line":14,"column":2},"end":{"line":14,"column":2}}]},"2":{"line":15,"type":"cond-expr","locations":[{"start":{"line":15,"column":50},"end":{"line":15,"column":64}},{"start":{"line":15,"column":67},"end":{"line":15,"column":79}}]},"3":{"line":24,"type":"if","locations":[{"start":{"line":24,"column":2},"end":{"line":24,"column":2}},{"start":{"line":24,"column":2},"end":{"line":24,"column":2}}]},"4":{"line":31,"type":"if","locations":[{"start":{"line":31,"column":2},"end":{"line":31,"column":2}},{"start":{"line":31,"column":2},"end":{"line":31,"column":2}}]},"5":{"line":38,"type":"if","locations":[{"start":{"line":38,"column":2},"end":{"line":38,"column":2}},{"start":{"line":38,"column":2},"end":{"line":38,"column":2}}]},"6":{"line":42,"type":"if","locations":[{"start":{"line":42,"column":2},"end":{"line":42,"column":2}},{"start":{"line":42,"column":2},"end":{"line":42,"column":2}}]},"7":{"line":45,"type":"if","locations":[{"start":{"line":45,"column":2},"end":{"line":45,"column":2}},{"start":{"line":45,"column":2},"end":{"line":45,"column":2}}]},"8":{"line":50,"type":"if","locations":[{"start":{"line":50,"column":2},"end":{"line":50,"column":2}},{"start":{"line":50,"column":2},"end":{"line":50,"column":2}}]},"9":{"line":50,"type":"binary-expr","locations":[{"start":{"line":50,"column":6},"end":{"line":50,"column":35}},{"start":{"line":50,"column":39},"end":{"line":50,"column":69}}]}},"code":["var parseArgs = require('./lib/parse-args')","var budo = require('./lib/budo')","var color = require('term-color')","var stdoutStream = require('stdout-stream')","var exec = require('child_process').exec","","module.exports = budo","module.exports.cli = budoCLI","","function budoCLI (args, opts) {","  var argv = parseArgs(args, opts)","","  // if no stream is specified, default to stdout","  if (argv.stream !== false) {","    argv.stream = /^win/.test(process.platform) ? process.stdout : stdoutStream","  }","","  var entries = argv._","  delete argv._","","  argv.browserifyArgs = argv['--']","  delete argv['--']","","  if (argv.version) {","    console.log('budo v' + require('./package.json').version)","    console.log('browserify v' + require('browserify/package.json').version)","    console.log('watchify v' + require('watchify-middleware').getWatchifyVersion())","    return null","  }","","  if (argv.help) {","    var help = require('path').join(__dirname, 'bin', 'help.txt')","    require('fs').createReadStream(help)","      .pipe(process.stdout)","    return null","  }","","  if (argv.outfile) {","    console.error(color.yellow('WARNING'), '--outfile has been removed in budo@3.0')","  }","","  if (typeof argv.port === 'string') {","    argv.port = parseInt(argv.port, 10)","  }","  if (typeof argv.livePort === 'string') {","    argv.livePort = parseInt(argv.livePort, 10)","  }","","  // opts.live can be a glob or a boolean","  if (typeof argv.live === 'string' && /(true|false)/.test(argv.live)) {","    argv.live = argv.live === 'true'","  }","","  // CLI only option for executing a child process","  var instance = budo(entries, argv).on('error', exit)","  var onUpdates = [].concat(argv.onupdate).filter(Boolean)","  onUpdates.forEach(function (cmd) {","    instance.on('update', execFunc(cmd))","  })","","  return instance","}","","function execFunc (cmd) {","  return function run () {","    var p = exec(cmd)","    p.stderr.pipe(process.stderr)","    p.stdout.pipe(process.stdout)","  }","}","","function exit (err) {","  console.log(color.red('ERROR'), err.message)","  process.exit(1)","}",""],"l":{"1":1,"2":1,"3":1,"4":1,"5":1,"7":1,"8":1,"10":1,"11":0,"14":0,"15":0,"18":0,"19":0,"21":0,"22":0,"24":0,"25":0,"26":0,"27":0,"28":0,"31":0,"32":0,"33":0,"35":0,"38":0,"39":0,"42":0,"43":0,"45":0,"46":0,"50":0,"51":0,"55":0,"56":0,"57":0,"58":0,"61":0,"64":1,"65":0,"66":0,"67":0,"68":0,"72":1,"73":0,"74":0}},"/home/travis/build/npmtest/node-npmtest-budo/budo/lib/parse-args.js":{"path":"/home/travis/build/npmtest/node-npmtest-budo/budo/lib/parse-args.js","s":{"1":1,"2":1,"3":1,"4":1,"5":0,"6":0,"7":1},"b":{},"f":{"1":0},"fnMap":{"1":{"name":"parseArgs","line":5,"loc":{"start":{"line":5,"column":0},"end":{"line":5,"column":31}}}},"statementMap":{"1":{"start":{"line":1,"column":0},"end":{"line":1,"column":34}},"2":{"start":{"line":2,"column":0},"end":{"line":2,"column":28}},"3":{"start":{"line":4,"column":0},"end":{"line":4,"column":26}},"4":{"start":{"line":5,"column":0},"end":{"line":53,"column":1}},"5":{"start":{"line":6,"column":2},"end":{"line":51,"column":4}},"6":{"start":{"line":52,"column":2},"end":{"line":52,"column":25}},"7":{"start":{"line":55,"column":0},"end":{"line":62,"column":1}}},"branchMap":{},"code":["var minimist = require('minimist')","var xtend = require('xtend')","","module.exports = parseArgs","function parseArgs (args, opt) {","  var argv = minimist(args, {","    boolean: [","      'stream',","      'debug',","      'errorHandler',","      'forceDefaultIndex',","      'open',","      'portfind',","      'pushstate',","      'ndjson',","      'verbose',","      'cors',","      'ssl'","    ],","    string: [","      'host',","      'port',","      'dir',","      'onupdate',","      'serve',","      'title',","      'watchGlob',","      'cert',","      'key'","    ],","    default: module.exports.defaults,","    alias: {","      port: 'p',","      ssl: 'S',","      serve: 's',","      cert: 'C',","      key: 'K',","      verbose: 'v',","      help: 'h',","      host: 'H',","      dir: 'd',","      live: 'l',","      open: 'o',","      watchGlob: [ 'wg', 'watch-glob' ],","      errorHandler: 'error-handler',","      forceDefaultIndex: 'force-default-index',","      'live-port': ['L', 'livePort'],","      pushstate: 'P'","    },","    '--': true","  })","  return xtend(argv, opt)","}","","module.exports.defaults = {","  title: 'budo',","  port: 9966,","  debug: true,","  stream: true,","  errorHandler: true,","  portfind: true","}",""],"l":{"1":1,"2":1,"4":1,"5":1,"6":0,"52":0,"55":1}},"/home/travis/build/npmtest/node-npmtest-budo/budo/lib/budo.js":{"path":"/home/travis/build/npmtest/node-npmtest-budo/budo/lib/budo.js","s":{"1":1,"2":1,"3":1,"4":1,"5":1,"6":1,"7":1,"8":1,"9":1,"10":1,"11":1,"12":1,"13":1,"14":1,"15":1,"16":1,"17":1,"18":1,"19":1,"20":0,"21":0,"22":0,"23":0,"24":0,"25":0,"26":0,"27":0,"28":0,"29":0,"30":0,"31":0,"32":0,"33":0,"34":0,"35":0,"36":0,"37":0,"38":0,"39":0,"40":0,"41":0,"42":0,"43":0,"44":0,"45":0,"46":0,"47":0,"48":0,"49":0,"50":0,"51":0,"52":0,"53":0,"54":0,"55":0,"56":0,"57":0,"58":0,"59":0,"60":0,"61":0,"62":0,"63":0,"64":0,"65":0,"66":0,"67":0,"68":0,"69":0,"70":0,"71":0,"72":0,"73":0,"74":0,"75":0,"76":0,"77":0,"78":0,"79":0,"80":0,"81":0,"82":0,"83":0,"84":0,"85":0,"86":0,"87":0,"88":0,"89":0,"90":0,"91":0,"92":1,"93":0,"94":0,"95":0,"96":0,"97":1,"98":0,"99":0,"100":0,"101":1,"102":0,"103":0,"104":0,"105":0,"106":0,"107":0,"108":0,"109":0,"110":0,"111":0,"112":1,"113":0,"114":0,"115":0,"116":0,"117":0,"118":0,"119":0,"120":0,"121":0,"122":0,"123":1,"124":0,"125":0,"126":0,"127":0,"128":0,"129":0,"130":0,"131":1,"132":0,"133":0,"134":0,"135":0,"136":0,"137":0,"138":0,"139":0,"140":0,"141":0,"142":0,"143":0,"144":0,"145":1,"146":0,"147":0,"148":0,"149":0,"150":0,"151":0,"152":0,"153":0,"154":0,"155":0,"156":0,"157":0,"158":0,"159":0,"160":0,"161":1,"162":0,"163":0,"164":0,"165":0,"166":0,"167":0,"168":0,"169":0,"170":0,"171":0,"172":0,"173":0,"174":0,"175":0,"176":0,"177":0},"b":{"1":[0,0],"2":[0,0,0],"3":[0,0],"4":[0,0],"5":[0,0],"6":[0,0],"7":[0,0],"8":[0,0],"9":[0,0],"10":[0,0],"11":[0,0],"12":[0,0],"13":[0,0],"14":[0,0,0],"15":[0,0],"16":[0,0],"17":[0,0],"18":[0,0],"19":[0,0],"20":[0,0],"21":[0,0],"22":[0,0],"23":[0,0],"24":[0,0],"25":[0,0,0],"26":[0,0],"27":[0,0],"28":[0,0],"29":[0,0],"30":[0,0],"31":[0,0],"32":[0,0],"33":[0,0],"34":[0,0],"35":[0,0],"36":[0,0],"37":[0,0],"38":[0,0],"39":[0,0],"40":[0,0],"41":[0,0],"42":[0,0],"43":[0,0],"44":[0,0],"45":[0,0],"46":[0,0],"47":[0,0],"48":[0,0],"49":[0,0],"50":[0,0],"51":[0,0]},"f":{"1":0,"2":0,"3":0,"4":0,"5":0,"6":0,"7":0,"8":0,"9":0,"10":0,"11":0,"12":0,"13":0,"14":0,"15":0,"16":0,"17":0,"18":0},"fnMap":{"1":{"name":"(anonymous_1)","line":19,"loc":{"start":{"line":19,"column":11},"end":{"line":19,"column":23}}},"2":{"name":"createBudo","line":22,"loc":{"start":{"line":22,"column":0},"end":{"line":22,"column":36}}},"3":{"name":"(anonymous_3)","line":60,"loc":{"start":{"line":60,"column":36},"end":{"line":60,"column":53}}},"4":{"name":"(anonymous_4)","line":82,"loc":{"start":{"line":82,"column":22},"end":{"line":82,"column":36}}},"5":{"name":"(anonymous_5)","line":98,"loc":{"start":{"line":98,"column":24},"end":{"line":98,"column":39}}},"6":{"name":"(anonymous_6)","line":105,"loc":{"start":{"line":105,"column":25},"end":{"line":105,"column":51}}},"7":{"name":"(anonymous_7)","line":140,"loc":{"start":{"line":140,"column":19},"end":{"line":140,"column":39}}},"8":{"name":"(anonymous_8)","line":146,"loc":{"start":{"line":146,"column":21},"end":{"line":146,"column":33}}},"9":{"name":"(anonymous_9)","line":152,"loc":{"start":{"line":152,"column":33},"end":{"line":152,"column":78}}},"10":{"name":"defaultFileEvent","line":167,"loc":{"start":{"line":167,"column":2},"end":{"line":167,"column":35}}},"11":{"name":"reload","line":176,"loc":{"start":{"line":176,"column":2},"end":{"line":176,"column":25}}},"12":{"name":"watch","line":184,"loc":{"start":{"line":184,"column":2},"end":{"line":184,"column":34}}},"13":{"name":"live","line":201,"loc":{"start":{"line":201,"column":2},"end":{"line":201,"column":27}}},"14":{"name":"getHostAddress","line":224,"loc":{"start":{"line":224,"column":2},"end":{"line":224,"column":33}}},"15":{"name":"handlePorts","line":241,"loc":{"start":{"line":241,"column":2},"end":{"line":241,"column":37}}},"16":{"name":"(anonymous_16)","line":252,"loc":{"start":{"line":252,"column":23},"end":{"line":252,"column":38}}},"17":{"name":"connect","line":266,"loc":{"start":{"line":266,"column":2},"end":{"line":266,"column":22}}},"18":{"name":"close","line":305,"loc":{"start":{"line":305,"column":2},"end":{"line":305,"column":20}}}},"statementMap":{"1":{"start":{"line":1,"column":0},"end":{"line":1,"column":26}},"2":{"start":{"line":2,"column":0},"end":{"line":2,"column":28}},"3":{"start":{"line":3,"column":0},"end":{"line":3,"column":26}},"4":{"start":{"line":4,"column":0},"end":{"line":4,"column":26}},"5":{"start":{"line":5,"column":0},"end":{"line":5,"column":49}},"6":{"start":{"line":6,"column":0},"end":{"line":6,"column":35}},"7":{"start":{"line":7,"column":0},"end":{"line":7,"column":28}},"8":{"start":{"line":8,"column":0},"end":{"line":8,"column":39}},"9":{"start":{"line":9,"column":0},"end":{"line":9,"column":32}},"10":{"start":{"line":11,"column":0},"end":{"line":11,"column":47}},"11":{"start":{"line":12,"column":0},"end":{"line":12,"column":37}},"12":{"start":{"line":13,"column":0},"end":{"line":13,"column":38}},"13":{"start":{"line":14,"column":0},"end":{"line":14,"column":40}},"14":{"start":{"line":15,"column":0},"end":{"line":15,"column":45}},"15":{"start":{"line":16,"column":0},"end":{"line":16,"column":38}},"16":{"start":{"line":17,"column":0},"end":{"line":17,"column":37}},"17":{"start":{"line":19,"column":0},"end":{"line":19,"column":25}},"18":{"start":{"line":21,"column":0},"end":{"line":21,"column":27}},"19":{"start":{"line":22,"column":0},"end":{"line":321,"column":1}},"20":{"start":{"line":23,"column":2},"end":{"line":23,"column":24}},"21":{"start":{"line":26,"column":2},"end":{"line":29,"column":3}},"22":{"start":{"line":27,"column":4},"end":{"line":27,"column":18}},"23":{"start":{"line":28,"column":4},"end":{"line":28,"column":16}},"24":{"start":{"line":32,"column":2},"end":{"line":32,"column":53}},"25":{"start":{"line":33,"column":2},"end":{"line":33,"column":25}},"26":{"start":{"line":36,"column":2},"end":{"line":36,"column":26}},"27":{"start":{"line":39,"column":2},"end":{"line":54,"column":3}},"28":{"start":{"line":41,"column":4},"end":{"line":48,"column":5}},"29":{"start":{"line":42,"column":6},"end":{"line":45,"column":8}},"30":{"start":{"line":46,"column":6},"end":{"line":46,"column":30}},"31":{"start":{"line":47,"column":6},"end":{"line":47,"column":26}},"32":{"start":{"line":50,"column":4},"end":{"line":53,"column":6}},"33":{"start":{"line":57,"column":2},"end":{"line":57,"column":46}},"34":{"start":{"line":59,"column":2},"end":{"line":59,"column":42}},"35":{"start":{"line":60,"column":2},"end":{"line":62,"column":4}},"36":{"start":{"line":61,"column":4},"end":{"line":61,"column":21}},"37":{"start":{"line":64,"column":2},"end":{"line":68,"column":3}},"38":{"start":{"line":65,"column":4},"end":{"line":65,"column":67}},"39":{"start":{"line":66,"column":9},"end":{"line":68,"column":3}},"40":{"start":{"line":67,"column":4},"end":{"line":67,"column":36}},"41":{"start":{"line":71,"column":2},"end":{"line":73,"column":3}},"42":{"start":{"line":72,"column":4},"end":{"line":72,"column":23}},"43":{"start":{"line":75,"column":2},"end":{"line":75,"column":34}},"44":{"start":{"line":76,"column":2},"end":{"line":76,"column":25}},"45":{"start":{"line":78,"column":2},"end":{"line":113,"column":3}},"46":{"start":{"line":79,"column":4},"end":{"line":79,"column":45}},"47":{"start":{"line":80,"column":4},"end":{"line":80,"column":35}},"48":{"start":{"line":82,"column":4},"end":{"line":94,"column":6}},"49":{"start":{"line":83,"column":6},"end":{"line":93,"column":7}},"50":{"start":{"line":84,"column":8},"end":{"line":84,"column":29}},"51":{"start":{"line":85,"column":8},"end":{"line":85,"column":25}},"52":{"start":{"line":86,"column":8},"end":{"line":86,"column":30}},"53":{"start":{"line":87,"column":8},"end":{"line":87,"column":27}},"54":{"start":{"line":88,"column":8},"end":{"line":91,"column":9}},"55":{"start":{"line":92,"column":8},"end":{"line":92,"column":20}},"56":{"start":{"line":98,"column":4},"end":{"line":100,"column":6}},"57":{"start":{"line":99,"column":6},"end":{"line":99,"column":62}},"58":{"start":{"line":101,"column":4},"end":{"line":101,"column":74}},"59":{"start":{"line":102,"column":4},"end":{"line":102,"column":62}},"60":{"start":{"line":103,"column":4},"end":{"line":103,"column":64}},"61":{"start":{"line":105,"column":4},"end":{"line":112,"column":6}},"62":{"start":{"line":106,"column":6},"end":{"line":111,"column":7}},"63":{"start":{"line":107,"column":8},"end":{"line":110,"column":10}},"64":{"start":{"line":115,"column":2},"end":{"line":115,"column":60}},"65":{"start":{"line":116,"column":2},"end":{"line":116,"column":19}},"66":{"start":{"line":117,"column":2},"end":{"line":117,"column":20}},"67":{"start":{"line":118,"column":2},"end":{"line":118,"column":21}},"68":{"start":{"line":119,"column":2},"end":{"line":119,"column":24}},"69":{"start":{"line":120,"column":2},"end":{"line":120,"column":19}},"70":{"start":{"line":121,"column":2},"end":{"line":121,"column":20}},"71":{"start":{"line":122,"column":2},"end":{"line":122,"column":26}},"72":{"start":{"line":123,"column":2},"end":{"line":123,"column":25}},"73":{"start":{"line":127,"column":2},"end":{"line":127,"column":29}},"74":{"start":{"line":130,"column":2},"end":{"line":130,"column":29}},"75":{"start":{"line":131,"column":2},"end":{"line":131,"column":25}},"76":{"start":{"line":132,"column":2},"end":{"line":132,"column":21}},"77":{"start":{"line":133,"column":2},"end":{"line":133,"column":23}},"78":{"start":{"line":136,"column":2},"end":{"line":149,"column":3}},"79":{"start":{"line":137,"column":4},"end":{"line":148,"column":8}},"80":{"start":{"line":141,"column":8},"end":{"line":143,"column":9}},"81":{"start":{"line":142,"column":10},"end":{"line":142,"column":16}},"82":{"start":{"line":144,"column":8},"end":{"line":144,"column":30}},"83":{"start":{"line":147,"column":8},"end":{"line":147,"column":36}},"84":{"start":{"line":152,"column":2},"end":{"line":163,"column":4}},"85":{"start":{"line":153,"column":4},"end":{"line":156,"column":5}},"86":{"start":{"line":154,"column":6},"end":{"line":154,"column":32}},"87":{"start":{"line":155,"column":6},"end":{"line":155,"column":12}},"88":{"start":{"line":158,"column":4},"end":{"line":158,"column":27}},"89":{"start":{"line":159,"column":4},"end":{"line":159,"column":26}},"90":{"start":{"line":162,"column":4},"end":{"line":162,"column":31}},"91":{"start":{"line":165,"column":2},"end":{"line":165,"column":16}},"92":{"start":{"line":167,"column":2},"end":{"line":174,"column":3}},"93":{"start":{"line":168,"column":4},"end":{"line":168,"column":38}},"94":{"start":{"line":169,"column":4},"end":{"line":172,"column":5}},"95":{"start":{"line":171,"column":6},"end":{"line":171,"column":12}},"96":{"start":{"line":173,"column":4},"end":{"line":173,"column":24}},"97":{"start":{"line":176,"column":2},"end":{"line":181,"column":3}},"98":{"start":{"line":177,"column":4},"end":{"line":177,"column":64}},"99":{"start":{"line":178,"column":4},"end":{"line":180,"column":5}},"100":{"start":{"line":179,"column":6},"end":{"line":179,"column":25}},"101":{"start":{"line":184,"column":2},"end":{"line":198,"column":3}},"102":{"start":{"line":185,"column":4},"end":{"line":196,"column":5}},"103":{"start":{"line":186,"column":6},"end":{"line":186,"column":62}},"104":{"start":{"line":189,"column":6},"end":{"line":189,"column":42}},"105":{"start":{"line":189,"column":23},"end":{"line":189,"column":42}},"106":{"start":{"line":190,"column":6},"end":{"line":190,"column":62}},"107":{"start":{"line":191,"column":6},"end":{"line":191,"column":50}},"108":{"start":{"line":192,"column":6},"end":{"line":192,"column":53}},"109":{"start":{"line":194,"column":6},"end":{"line":194,"column":51}},"110":{"start":{"line":195,"column":6},"end":{"line":195,"column":66}},"111":{"start":{"line":197,"column":4},"end":{"line":197,"column":18}},"112":{"start":{"line":201,"column":2},"end":{"line":222,"column":3}},"113":{"start":{"line":202,"column":4},"end":{"line":220,"column":5}},"114":{"start":{"line":203,"column":6},"end":{"line":203,"column":54}},"115":{"start":{"line":206,"column":6},"end":{"line":206,"column":32}},"116":{"start":{"line":206,"column":18},"end":{"line":206,"column":32}},"117":{"start":{"line":209,"column":6},"end":{"line":209,"column":57}},"118":{"start":{"line":212,"column":6},"end":{"line":212,"column":78}},"119":{"start":{"line":215,"column":6},"end":{"line":215,"column":64}},"120":{"start":{"line":218,"column":6},"end":{"line":218,"column":70}},"121":{"start":{"line":219,"column":6},"end":{"line":219,"column":39}},"122":{"start":{"line":221,"column":4},"end":{"line":221,"column":18}},"123":{"start":{"line":224,"column":2},"end":{"line":239,"column":3}},"124":{"start":{"line":227,"column":4},"end":{"line":234,"column":5}},"125":{"start":{"line":228,"column":6},"end":{"line":228,"column":37}},"126":{"start":{"line":229,"column":6},"end":{"line":233,"column":7}},"127":{"start":{"line":232,"column":8},"end":{"line":232,"column":19}},"128":{"start":{"line":235,"column":4},"end":{"line":237,"column":5}},"129":{"start":{"line":236,"column":6},"end":{"line":236,"column":25}},"130":{"start":{"line":238,"column":4},"end":{"line":238,"column":15}},"131":{"start":{"line":241,"column":2},"end":{"line":264,"column":3}},"132":{"start":{"line":242,"column":4},"end":{"line":242,"column":22}},"133":{"start":{"line":242,"column":16},"end":{"line":242,"column":22}},"134":{"start":{"line":243,"column":4},"end":{"line":246,"column":5}},"135":{"start":{"line":244,"column":6},"end":{"line":244,"column":32}},"136":{"start":{"line":245,"column":6},"end":{"line":245,"column":12}},"137":{"start":{"line":248,"column":4},"end":{"line":248,"column":27}},"138":{"start":{"line":249,"column":4},"end":{"line":249,"column":35}},"139":{"start":{"line":252,"column":4},"end":{"line":259,"column":6}},"140":{"start":{"line":253,"column":6},"end":{"line":258,"column":7}},"141":{"start":{"line":254,"column":8},"end":{"line":254,"column":56}},"142":{"start":{"line":255,"column":8},"end":{"line":255,"column":34}},"143":{"start":{"line":257,"column":8},"end":{"line":257,"column":34}},"144":{"start":{"line":263,"column":4},"end":{"line":263,"column":61}},"145":{"start":{"line":266,"column":2},"end":{"line":303,"column":3}},"146":{"start":{"line":267,"column":4},"end":{"line":267,"column":22}},"147":{"start":{"line":267,"column":16},"end":{"line":267,"column":22}},"148":{"start":{"line":268,"column":4},"end":{"line":268,"column":18}},"149":{"start":{"line":271,"column":4},"end":{"line":271,"column":41}},"150":{"start":{"line":273,"column":4},"end":{"line":273,"column":24}},"151":{"start":{"line":274,"column":4},"end":{"line":274,"column":46}},"152":{"start":{"line":275,"column":4},"end":{"line":275,"column":61}},"153":{"start":{"line":277,"column":4},"end":{"line":277,"column":73}},"154":{"start":{"line":280,"column":4},"end":{"line":280,"column":19}},"155":{"start":{"line":281,"column":4},"end":{"line":281,"column":18}},"156":{"start":{"line":284,"column":4},"end":{"line":293,"column":6}},"157":{"start":{"line":297,"column":4},"end":{"line":297,"column":33}},"158":{"start":{"line":297,"column":17},"end":{"line":297,"column":33}},"159":{"start":{"line":300,"column":4},"end":{"line":302,"column":5}},"160":{"start":{"line":301,"column":6},"end":{"line":301,"column":18}},"161":{"start":{"line":305,"column":2},"end":{"line":320,"column":3}},"162":{"start":{"line":306,"column":4},"end":{"line":306,"column":49}},"163":{"start":{"line":307,"column":4},"end":{"line":311,"column":5}},"164":{"start":{"line":308,"column":6},"end":{"line":308,"column":32}},"165":{"start":{"line":310,"column":6},"end":{"line":310,"column":28}},"166":{"start":{"line":313,"column":4},"end":{"line":313,"column":29}},"167":{"start":{"line":313,"column":17},"end":{"line":313,"column":29}},"168":{"start":{"line":314,"column":4},"end":{"line":314,"column":31}},"169":{"start":{"line":314,"column":17},"end":{"line":314,"column":31}},"170":{"start":{"line":315,"column":4},"end":{"line":315,"column":30}},"171":{"start":{"line":315,"column":16},"end":{"line":315,"column":30}},"172":{"start":{"line":316,"column":4},"end":{"line":316,"column":32}},"173":{"start":{"line":316,"column":17},"end":{"line":316,"column":32}},"174":{"start":{"line":317,"column":4},"end":{"line":317,"column":40}},"175":{"start":{"line":317,"column":21},"end":{"line":317,"column":40}},"176":{"start":{"line":318,"column":4},"end":{"line":318,"column":17}},"177":{"start":{"line":319,"column":4},"end":{"line":319,"column":19}}},"branchMap":{"1":{"line":26,"type":"if","locations":[{"start":{"line":26,"column":2},"end":{"line":26,"column":2}},{"start":{"line":26,"column":2},"end":{"line":26,"column":2}}]},"2":{"line":26,"type":"binary-expr","locations":[{"start":{"line":26,"column":6},"end":{"line":26,"column":13}},{"start":{"line":26,"column":17},"end":{"line":26,"column":40}},{"start":{"line":26,"column":44},"end":{"line":26,"column":71}}]},"3":{"line":33,"type":"binary-expr","locations":[{"start":{"line":33,"column":12},"end":{"line":33,"column":19}},{"start":{"line":33,"column":23},"end":{"line":33,"column":25}}]},"4":{"line":39,"type":"if","locations":[{"start":{"line":39,"column":2},"end":{"line":39,"column":2}},{"start":{"line":39,"column":2},"end":{"line":39,"column":2}}]},"5":{"line":41,"type":"if","locations":[{"start":{"line":41,"column":4},"end":{"line":41,"column":4}},{"start":{"line":41,"column":4},"end":{"line":41,"column":4}}]},"6":{"line":43,"type":"cond-expr","locations":[{"start":{"line":43,"column":30},"end":{"line":43,"column":37}},{"start":{"line":43,"column":40},"end":{"line":43,"column":46}}]},"7":{"line":64,"type":"if","locations":[{"start":{"line":64,"column":2},"end":{"line":64,"column":2}},{"start":{"line":64,"column":2},"end":{"line":64,"column":2}}]},"8":{"line":64,"type":"binary-expr","locations":[{"start":{"line":64,"column":6},"end":{"line":64,"column":16}},{"start":{"line":64,"column":20},"end":{"line":64,"column":50}}]},"9":{"line":66,"type":"if","locations":[{"start":{"line":66,"column":9},"end":{"line":66,"column":9}},{"start":{"line":66,"column":9},"end":{"line":66,"column":9}}]},"10":{"line":66,"type":"binary-expr","locations":[{"start":{"line":66,"column":13},"end":{"line":66,"column":24}},{"start":{"line":66,"column":28},"end":{"line":66,"column":46}}]},"11":{"line":71,"type":"if","locations":[{"start":{"line":71,"column":2},"end":{"line":71,"column":2}},{"start":{"line":71,"column":2},"end":{"line":71,"column":2}}]},"12":{"line":71,"type":"binary-expr","locations":[{"start":{"line":71,"column":6},"end":{"line":71,"column":15}},{"start":{"line":71,"column":19},"end":{"line":71,"column":40}}]},"13":{"line":78,"type":"if","locations":[{"start":{"line":78,"column":2},"end":{"line":78,"column":2}},{"start":{"line":78,"column":2},"end":{"line":78,"column":2}}]},"14":{"line":78,"type":"binary-expr","locations":[{"start":{"line":78,"column":6},"end":{"line":78,"column":24}},{"start":{"line":78,"column":29},"end":{"line":78,"column":44}},{"start":{"line":78,"column":48},"end":{"line":78,"column":71}}]},"15":{"line":83,"type":"if","locations":[{"start":{"line":83,"column":6},"end":{"line":83,"column":6}},{"start":{"line":83,"column":6},"end":{"line":83,"column":6}}]},"16":{"line":89,"type":"cond-expr","locations":[{"start":{"line":89,"column":33},"end":{"line":89,"column":41}},{"start":{"line":89,"column":44},"end":{"line":89,"column":49}}]},"17":{"line":99,"type":"cond-expr","locations":[{"start":{"line":99,"column":44},"end":{"line":99,"column":55}},{"start":{"line":99,"column":58},"end":{"line":99,"column":61}}]},"18":{"line":106,"type":"if","locations":[{"start":{"line":106,"column":6},"end":{"line":106,"column":6}},{"start":{"line":106,"column":6},"end":{"line":106,"column":6}}]},"19":{"line":115,"type":"binary-expr","locations":[{"start":{"line":115,"column":25},"end":{"line":115,"column":39}},{"start":{"line":115,"column":43},"end":{"line":115,"column":60}}]},"20":{"line":136,"type":"if","locations":[{"start":{"line":136,"column":2},"end":{"line":136,"column":2}},{"start":{"line":136,"column":2},"end":{"line":136,"column":2}}]},"21":{"line":141,"type":"if","locations":[{"start":{"line":141,"column":8},"end":{"line":141,"column":8}},{"start":{"line":141,"column":8},"end":{"line":141,"column":8}}]},"22":{"line":141,"type":"binary-expr","locations":[{"start":{"line":141,"column":12},"end":{"line":141,"column":27}},{"start":{"line":141,"column":31},"end":{"line":141,"column":43}}]},"23":{"line":153,"type":"if","locations":[{"start":{"line":153,"column":4},"end":{"line":153,"column":4}},{"start":{"line":153,"column":4},"end":{"line":153,"column":4}}]},"24":{"line":169,"type":"if","locations":[{"start":{"line":169,"column":4},"end":{"line":169,"column
[...]
(cwd.length + 1)","    }","    return filePath","  }","","  function css (element, style) {","    Object.keys(style).forEach(function (k) {","      element.style[k] = style[k]","    })","  }","","  // parse an error message into pieces","  function parseError (err) {","    var filePath, lineNum, splitLines","    var result = {}","","    // For root files that syntax-error doesn't pick up:","    var parseFilePrefix = 'Parsing file '","    if (err.indexOf(parseFilePrefix) === 0) {","      var pathWithErr = err.substring(parseFilePrefix.length)","      filePath = getFilePath(pathWithErr)","      if (!filePath) return result","      result.path = filePath","      var messageAndLine = pathWithErr.substring(filePath.length)","      lineNum = /\\((\\d+):(\\d+)\\)/.exec(messageAndLine)","      if (!lineNum) return result","      result.message = messageAndLine.substring(1, lineNum.index).trim()","      result.line = parseInt(lineNum[1], 10)","      result.column = parseInt(lineNum[2], 10)","      result.format = true","      return result","    }","","    // if module not found","    var cannotFindModule = /^Cannot find module '(.+)' from '(.+)'(?:$| while parsing file: (.*)$)/.exec(err.trim())","    if (cannotFindModule) {","      result.missingModule = cannotFindModule[1]","      result.path = cannotFindModule[3] || cannotFindModule[2]","      result.message = \"Cannot find module '\" + result.missingModule + \"'\"","      result.format = true","      return result","    }","","    // syntax-error returns the path and line number, also a \\n at start","    err = err.trim()","    filePath = getFilePath(err)","    if (!filePath) return result","    result.path = filePath","","    var restOfMessage = err.substring(filePath.length)","    var parsedSyntaxError = /^:(\\d+)/.exec(restOfMessage)","    if (parsedSyntaxError) { // this is a syntax-error","      lineNum = parseInt(parsedSyntaxError[1], 10)","      if (isFinite(lineNum)) result.line = lineNum","      splitLines = restOfMessage.split('\\n')","      var code = splitLines.slice(1, splitLines.length - 1).join('\\n')","      result.code = code","      result.message = splitLines[splitLines.length - 1]","      result.format = true","      return result","    }","","    // remove colon","    restOfMessage = restOfMessage.substring(1).trim()","    var whileParsing = 'while parsing file: '","    var whileParsingIdx = restOfMessage.indexOf(whileParsing)","    if (whileParsingIdx >= 0) {","      var beforeWhile = restOfMessage.substring(0, whileParsingIdx)","      lineNum = /\\((\\d+):(\\d+)\\)/.exec(beforeWhile.split('\\n')[0])","      var messageStr = beforeWhile","      if (lineNum) {","        var line = parseInt(lineNum[1], 10)","        var col = parseInt(lineNum[2], 10)","        if (isFinite(line)) result.line = line","        if (isFinite(col)) result.column = col","        messageStr = messageStr.substring(0, lineNum.index)","      }","      result.message = messageStr.trim()","      splitLines = restOfMessage.split('\\n')","      result.code = splitLines.slice(2).join('\\n')","      result.format = true","    }","","    return result","  }","","  // get a file path from the error message","  function getFilePath (str) {","    var hasRoot = /^[a-z]:/i.exec(str)","    var colonLeftIndex = 0","    if (hasRoot) {","      colonLeftIndex = hasRoot[0].length","    }","    var pathEnd = str.split('\\n')[0].indexOf(':', colonLeftIndex)","    if (pathEnd === -1) {","      // invalid string, return non-formattable result","      return null","    }","    return str.substring(0, pathEnd)","  }","}","","function errorHandler (err, cwd, rootDirName) {","  console.error('%s', err)","  var msgStr = stripAnsi(err.message)","  var params = [","    JSON.stringify(msgStr),","    JSON.stringify(cwd),","    JSON.stringify(rootDirName)","  ].join(',')","  return ';(' + bundleError + ')(' + params + ');'","}",""],"l":{"1":1,"3":1,"4":1,"6":1,"9":0,"11":0,"12":0,"13":0,"14":0,"16":0,"19":1,"20":0,"22":0,"23":0,"40":0,"41":0,"42":0,"43":0,"50":0,"52":0,"54":0,"55":0,"56":0,"57":0,"58":0,"63":0,"64":0,"66":0,"67":0,"68":0,"69":0,"70":0,"71":0,"77":0,"80":0,"81":0,"82":0,"83":0,"84":0,"85":0,"87":0,"88":0,"89":0,"90":0,"91":0,"99":0,"100":0,"101":0,"108":0,"109":0,"110":0,"114":0,"115":0,"125":0,"128":1,"129":0,"130":0,"132":0,"135":1,"136":0,"137":0,"142":1,"143":0,"144":0,"147":0,"148":0,"149":0,"150":0,"151":0,"152":0,"153":0,"154":0,"155":0,"156":0,"157":0,"158":0,"159":0,"160":0,"164":0,"165":0,"166":0,"167":0,"168":0,"169":0,"170":0,"174":0,"175":0,"176":0,"177":0,"179":0,"180":0,"181":0,"182":0,"183":0,"184":0,"185":0,"186":0,"187":0,"188":0,"189":0,"193":0,"194":0,"195":0,"196":0,"197":0,"198":0,"199":0,"200":0,"201":0,"202":0,"203":0,"204":0,"205":0,"207":0,"208":0,"209":0,"210":0,"213":0,"217":1,"218":0,"219":0,"220":0,"221":0,"223":0,"224":0,"226":0,"228":0,"232":1,"233":0,"234":0,"235":0,"240":0}},"/home/travis/build/npmtest/node-npmtest-budo/budo/lib/file-watch.js":{"path":"/home/travis/build/npmtest/node-npmtest-budo/budo/lib/file-watch.js","s":{"1":1,"2":1,"3":1,"4":1,"5":1,"6":0,"7":0,"8":0,"9":0,"10":0,"11":0,"12":0,"13":0,"14":0,"15":0,"16":0,"17":1,"18":0,"19":0,"20":0,"21":0,"22":0,"23":0,"24":0,"25":0,"26":1},"b":{"1":[0,0],"2":[0,0],"3":[0,0],"4":[0,0]},"f":{"1":0,"2":0,"3":0,"4":0},"fnMap":{"1":{"name":"(anonymous_1)","line":12,"loc":{"start":{"line":12,"column":17},"end":{"line":12,"column":38}}},"2":{"name":"(anonymous_2)","line":28,"loc":{"start":{"line":28,"column":24},"end":{"line":28,"column":36}}},"3":{"name":"onWatch","line":33,"loc":{"start":{"line":33,"column":2},"end":{"line":33,"column":33}}},"4":{"name":"(anonymous_4)","line":37,"loc":{"start":{"line":37,"column":18},"end":{"line":37,"column":30}}}},"statementMap":{"1":{"start":{"line":2,"column":0},"end":{"line":2,"column":37}},"2":{"start":{"line":3,"column":0},"end":{"line":3,"column":28}},"3":{"start":{"line":4,"column":0},"end":{"line":4,"column":32}},"4":{"start":{"line":6,"column":0},"end":{"line":10,"column":1}},"5":{"start":{"line":12,"column":0},"end":{"line":43,"column":1}},"6":{"start":{"line":13,"column":2},"end":{"line":17,"column":9}},"7":{"start":{"line":19,"column":2},"end":{"line":19,"column":29}},"8":{"start":{"line":20,"column":2},"end":{"line":20,"column":20}},"9":{"start":{"line":21,"column":2},"end":{"line":21,"column":19}},"10":{"start":{"line":23,"column":2},"end":{"line":23,"column":32}},"11":{"start":{"line":24,"column":2},"end":{"line":24,"column":46}},"12":{"start":{"line":25,"column":2},"end":{"line":25,"column":52}},"13":{"start":{"line":28,"column":2},"end":{"line":31,"column":4}},"14":{"start":{"line":29,"column":4},"end":{"line":29,"column":16}},"15":{"start":{"line":30,"column":4},"end":{"line":30,"column":31}},"16":{"start":{"line":30,"column":16},"end":{"line":30,"column":31}},"17":{"start":{"line":33,"column":2},"end":{"line":35,"column":3}},"18":{"start":{"line":34,"column":4},"end":{"line":34,"column":38}},"19":{"start":{"line":37,"column":2},"end":{"line":41,"column":3}},"20":{"start":{"line":38,"column":4},"end":{"line":38,"column":22}},"21":{"start":{"line":38,"column":16},"end":{"line":38,"column":22}},"22":{"start":{"line":39,"column":4},"end":{"line":39,"column":30}},"23":{"start":{"line":39,"column":15},"end":{"line":39,"column":30}},"24":{"start":{"line":40,"column":4},"end":{"line":40,"column":17}},"25":{"start":{"line":42,"column":2},"end":{"line":42,"column":16}},"26":{"start":{"line":45,"column":0},"end":{"line":45,"column":32}}},"branchMap":{"1":{"line":14,"type":"binary-expr","locations":[{"start":{"line":14,"column":16},"end":{"line":14,"column":19}},{"start":{"line":14,"column":23},"end":{"line":14,"column":31}}]},"2":{"line":30,"type":"if","locations":[{"start":{"line":30,"column":4},"end":{"line":30,"column":4}},{"start":{"line":30,"column":4},"end":{"line":30,"column":4}}]},"3":{"line":38,"type":"if","locations":[{"start":{"line":38,"column":4},"end":{"line":38,"column":4}},{"start":{"line":38,"column":4},"end":{"line":38,"column":4}}]},"4":{"line":39,"type":"if","locations":[{"start":{"line":39,"column":4},"end":{"line":39,"column":4}},{"start":{"line":39,"column":4},"end":{"line":39,"column":4}}]}},"code":["// a thin wrapper around chokidar file watching HTML / CSS","var watch = require('chokidar').watch","var xtend = require('xtend')","var Emitter = require('events/')","","var ignores = [","  'node_modules/**', 'bower_components/**',","  '.git', '.hg', '.svn', '.DS_Store',","  '*.swp', 'thumbs.db', 'desktop.ini'","]","","module.exports = function (glob, opt) {","  opt = xtend({","    usePolling: opt && opt.poll,","    ignored: ignores,","    ignoreInitial: true","  }, opt)","","  var emitter = new Emitter()","  var closed = false","  var ready = false","","  var watcher = watch(glob, opt)","  watcher.on('add', onWatch.bind(null, 'add'))","  watcher.on('change', onWatch.bind(null, 'change'))","","  // chokidar@1.0.0-r6 only allows close after ready event","  watcher.once('ready', function () {","    ready = true","    if (closed) watcher.close()","  })","","  function onWatch (event, path) {","    emitter.emit('watch', event, path)","  }","","  emitter.close = function () {","    if (closed) return","    if (ready) watcher.close()","    closed = true","  }","  return emitter","}","","module.exports.ignores = ignores",""],"l":{"2":1,"3":1,"4":1,"6":1,"12":1,"13":0,"19":0,"20":0,"21":0,"23":0,"24":0,"25":0,"28":0,"29":0,"30":0,"33":1,"34":0,"37":0,"38":0,"39":0,"40":0,"42":0,"45":1}},"/home/travis/build/npmtest/node-npmtest-budo/budo/lib/tinylr.js":{"path":"/home/travis/build/npmtest/node-npmtest-budo/budo/lib/tinylr.js","s":{"1":1,"2":1,"3":1,"4":1,"5":0,"6":0,"7":0,"8":0,"9":0,"10":0,"11":0,"12":0,"13":0,"14":0,"15":0,"16":0,"17":0,"18":0,"19":0,"20":0,"21":0,"22":0,"23":1,"24":0,"25":0,"26":0,"27":0,"28":0,"29":0,"30":0,"31":0,"32":0},"b":{"1":[0,0],"2":[0,0],"3":[0,0],"4":[0,0],"5":[0,0],"6":[0,0],"7":[0,0],"8":[0,0]},"f":{"1":0,"2":0,"3":0,"4":0,"5":0},"fnMap":{"1":{"name":"(anonymous_1)","line":6,"loc":{"start":{"line":6,"column":17},"end":{"line":6,"column":32}}},"2":{"name":"(anonymous_2)","line":19,"loc":{"start":{"line":19,"column":49},"end":{"line":19,"column":61}}},"3":{"name":"(anonymous_3)","line":27,"loc":{"start":{"line":27,"column":25},"end":{"line":27,"column":40}}},"4":{"name":"close","line":36,"loc":{"start":{"line":36,"column":2},"end":{"line":36,"column":20}}},"5":{"name":"reload","line":45,"loc":{"start":{"line":45,"column":12},"end":{"line":45,"column":35}}}},"statementMap":{"1":{"start":{"line":2,"column":0},"end":{"line":2,"column":33}},"2":{"start":{"line":3,"column":0},"end":{"line":3,"column":28}},"3":{"start":{"line":4,"column":0},"end":{"line":4,"column":31}},"4":{"start":{"line":6,"column":0},"end":{"line":57,"column":1}},"5":{"start":{"line":7,"column":2},"end":{"line":7,"column":18}},"6":{"start":{"line":8,"column":2},"end":{"line":10,"column":3}},"7":{"start":{"line":9,"column":4},"end":{"line":9,"column":20}},"8":{"start":{"line":12,"column":2},"end":{"line":15,"column":4}},"9":{"start":{"line":16,"column":2},"end":{"line":16,"column":20}},"10":{"start":{"line":17,"column":2},"end":{"line":17,"column":19}},"11":{"start":{"line":19,"column":2},"end":{"line":23,"column":4}},"12":{"start":{"line":20,"column":4},"end":{"line":20,"column":16}},"13":{"start":{"line":21,"column":4},"end":{"line":21,"column":37}},"14":{"start":{"line":21,"column":16},"end":{"line":21,"column":37}},"15":{"start":{"line":22,"column":4},"end":{"line":22,"column":62}},"16":{"start":{"line":25,"column":2},"end":{"line":25,"column":32}},"17":{"start":{"line":26,"column":2},"end":{"line":26,"column":40}},"18":{"start":{"line":27,"column":2},"end":{"line":34,"column":4}},"19":{"start":{"line":28,"column":4},"end":{"line":32,"column":5}},"20":{"start":{"line":29,"column":6},"end":{"line":29,"column":94}},"21":{"start":{"line":31,"column":6},"end":{"line":31,"column":64}},"22":{"start":{"line":33,"column":4},"end":{"line":33,"column":11}},"23":{"start":{"line":36,"column":2},"end":{"line":40,"column":3}},"24":{"start":{"line":37,"column":4},"end":{"line":37,"column":22}},"25":{"start":{"line":37,"column":16},"end":{"line":37,"column":22}},"26":{"start":{"line":38,"column":4},"end":{"line":38,"column":29}},"27":{"start":{"line":38,"column":15},"end":{"line":38,"column":29}},"28":{"start":{"line":39,"column":4},"end":{"line":39,"column":17}},"29":{"start":{"line":42,"column":2},"end":{"line":56,"column":3}},"30":{"start":{"line":46,"column":6},"end":{"line":54,"column":7}},"31":{"start":{"line":47,"column":8},"end":{"line":51,"column":10}},"32":{"start":{"line":53,"column":8},"end":{"line":53,"column":15}}},"branchMap":{"1":{"line":8,"type":"if","locations":[{"start":{"line":8,"column":2},"end":{"line":8,"column":2}},{"start":{"line":8,"column":2},"end":{"line":8,"column":2}}]},"2":{"line":19,"type":"binary-expr","locations":[{"start":{"line":19,"column":26},"end":{"line":19,"column":34}},{"start":{"line":19,"column":38},"end":{"line":19,"column":47}}]},"3":{"line":21,"type":"if","locations":[{"start":{"line":21,"column":4},"end":{"line":21,"column":4}},{"start":{"line":21,"column":4},"end":{"line":21,"column":4}}]},"4":{"line":28,"type":"if","locations":[{"start":{"line":28,"column":4},"end":{"line":28,"column":4}},{"start":{"line":28,"column":4},"end":{"line":28,"column":4}}]},"5":{"line":31,"type":"cond-expr","locations":[{"start":{"line":31,"column":40},"end":{"line":31,"column":49}},{"start":{"line":31,"column":52},"end":{"line":31,"column":55}}]},"6":{"line":37,"type":"if","locations":[{"start":{"line":37,"column":4},"end":{"line":37,"column":4}},{"start":{"line":37,"column":4},"end":{"line":37,"column":4}}]},"7":{"line":38,"type":"if","locations":[{"start":{"line":38,"column":4},"end":{"line":38,"column":4}},{"start":{"line":38,"column":4},"end":{"line":38,"column":4}}]},"8":{"line":49,"type":"cond-expr","locations":[{"start":{"line":49,"column":26},"end":{"line":49,"column":34}},{"start":{"line":49,"column":37},"end":{"line":49,"column":40}}]}},"code":["// a thin wrapper around tiny-lr module","var log = require('bole')('budo')","var xtend = require('xtend')","var tinylr = require('tiny-lr')","","module.exports = function (opt) {","  opt = xtend(opt)","  if (typeof opt.port !== 'number') {","    opt.port = 35729","  }","","  var server = tinylr({","    cert: opt.cert,","    key: opt.key","  })","  var closed = false","  var ready = false","","  server.listen(opt.port, opt.host || undefined, function () {","    ready = true","    if (closed) return server.close()","    log.info({ message: 'LiveReload running on ' + opt.port })","  })","","  var serverImpl = server.server","  serverImpl.removeAllListeners('error')","  serverImpl.on('error', function (err) {","    if (err.code === 'EADDRINUSE') {","      process.stderr.write('ERROR: livereload not started, port ' + opt.port + ' is in use\\n')","    } else {","      process.stderr.write((err.stack ? err.stack : err) + '\\n')","    }","    close()","  })","","  function close () {","    if (closed) return","    if (ready) server.close()","    closed = true","  }","","  return {","    close: close,","","    reload: function reload (path) {","      try {","        server.changed({","          body: {","            files: path ? [ path ] : '*'","          }","        })","      } catch (e) {","        throw e","      }","    }","  }","}",""],"l":{"2":1,"3":1,"4":1,"6":1,"7":0,"8":0,"9":0,"12":0,"16":0,"17":0,"19":0,"20":0,"21":0,"22":0,"25":0,"26":0,"27":0,"28":0,"29":0,"31":0,"33":0,"36":1,"37":0,"38":0,"39":0,"42":0,"46":0,"47":0,"53":0}},"/home/travis/build/npmtest/node-npmtest-budo/budo/lib/map-entry.js":{"path":"/home/travis/build/npmtest/node-npmtest-budo/budo/lib/map-entry.js","s":{"1":1,"2":1,"3":1,"4":1,"5":1,"6":0,"7":0,"8":0,"9":0,"10":0,"11":0,"12":0,"13":0,"14":0,"15":0,"16":0,"17":0,"18":0,"19":0,"20":0,"21":1,"22":0,"23":0,"24":0},"b":{"1":[0,0],"2":[0,0],"3":[0,0],"4":[0,0],"5":[0,0],"6":[0,0]},"f":{"1":0,"2":0},"fnMap":{"1":{"name":"mapEntry","line":6,"loc":{"start":{"line":6,"column":0},"end":{"line":6,"column":25}}},"2":{"name":"entry","line":39,"loc":{"start":{"line":39,"column":0},"end":{"line":39,"column":18}}}},"statementMap":{"1":{"start":{"line":1,"column":0},"end":{"line":1,"column":26}},"2":{"start":{"line":2,"column":0},"end":{"line":2,"column":24}},"3":{"start":{"line":3,"column":0},"end":{"line":3,"column":32}},"4":{"start":{"line":5,"column":0},"end":{"line":5,"column":25}},"5":{"start":{"line":6,"column":0},"end":{"line":37,"column":1}},"6":{"start":{"line":7,"column":2},"end":{"line":9,"column":3}},"7":{"start":{"line":8,"column":4},"end":{"line":8,"column":18}},"8":{"start":{"line":11,"column":2},"end":{"line":11,"column":11}},"9":{"start":{"line":13,"column":2},"end":{"line":17,"column":3}},"10":{"start":{"line":14,"column":4},"end":{"line":14,"column":41}},"11":{"start":{"line":16,"column":4},"end":{"line":16,"column":27}},"12":{"start":{"line":19,"column":2},"end":{"line":19,"column":23}},"13":{"start":{"line":21,"column":2},"end":{"line":31,"column":3}},"14":{"start":{"line":22,"column":4},"end":{"line":22,"column":23}},"15":{"start":{"line":23,"column":4},"end":{"line":23,"column":22}},"16":{"start":{"line":25,"column":4},"end":{"line":27,"column":5}},"17":{"start":{"line":26,"column":6},"end":{"line":26,"column":24}},"18":{"start":{"line":29,"column":4},"end":{"line":29,"column":19}},"19":{"start":{"line":30,"column":4},"end":{"line":30,"column":57}},"20":{"start":{"line":33,"column":2},"end":{"line":36,"column":3}},"21":{"start":{"line":39,"column":0},"end":{"line":43,"column":1}},"22":{"start":{"line":40,"column":2},"end":{"line":40,"column":25}},"23":{"start":{"line":41,"column":2},"end":{"line":41,"column":48}},"24":{"start":{"line":42,"column":2},"end":{"line":42,"column":27}}},"branchMap":{"1":{"line":7,"type":"if","locations":[{"start":{"line":7,"column":2},"end":{"line":7,"column":2}},{"start":{"line":7,"column":2},"end":{"line":7,"column":2}}]},"2":{"line":13,"type":"if","locations":[{"start":{"line":13,"column":2},"end":{"line":13,"column":2}},{"start":{"line":13,"column":2},"end":{"line":13,"column":2}}]},"3":{"line":21,"type":"if","locations":[{"start":{"line":21,"column":2},"end":{"line":21,"column":2}},{"start":{"line":21,"column":2},"end":{"line":21,"column":2}}]},"4":{"line":21,"type":"binary-expr","locations":[{"start":{"line":21,"column":6},"end":{"line":21,"column":22}},{"start":{"line":21,"column":26},"end":{"line":21,"column":45}}]},"5":{"line":25,"type":"if","locations":[{"start":{"line":25,"column":4},"end":{"line":25,"column":4}},{"start":{"line":25,"column":4},"end":{"line":25,"column":4}}]},"6":{"line":42,"type":"binary-expr","locations":[{"start":{"line":42,"column":9},"end":{"line":42,"column":13}},{"start":{"line":42,"column":17},"end":{"line":42,"column":27}}]}},"code":["var path = require('path')","var url = require('url')","var resolve = require('resolve')","","module.exports = mapEntry","function mapEntry (file) {","  if (file === '.') {","    file = entry()","  }","","  var parts","  // absolute path with letter drive, eg C:/","  if (/^[A-Z]:[/\\\\]+/.test(file)) {","    parts = file.split(/:(?:(?=[^/\\\\]))/)","  } else {","    parts = file.split(':')","  }","","  var pathFrom, pathUrl","","  if (parts.length > 1 && parts[1].length > 0) {","    pathFrom = parts[0]","    pathUrl = parts[1]","","    if (pathFrom === '.') {","      pathFrom = entry()","    }","  } else {","    pathFrom = file","    pathUrl = url.parse(path.basename(pathFrom)).pathname","  }","","  return {","    url: pathUrl,","    from: pathFrom","  }","}","","function entry () {","  var cwd = process.cwd()","  var file = resolve.sync('.', { basedir: cwd })","  return file || 'index.js'","}",""],"l":{"1":1,"2":1,"3":1,"5":1,"6":1,"7":0,"8":0,"11":0,"13":0,"14":0,"16":0,"19":0,"21":0,"22":0,"23":0,"25":0,"26":0,"29":0,"30":0,"33":0,"39":1,"40":0,"41":0,"42":0}}}